/home/shaoqi/code/SIGN_all/SIGN_data/HeatDiffusion_10_small_world 3DGSI
tensor([[0., 1., 0., 0., 0., 0., 0., 0., 0., 0., 0., 0., 0., 0., 0., 0., 0., 0.,
         0., 0., 0., 0., 0., 0., 0.]])
tensor([[0., 0., 0., 0., 0., 0., 0., 0., 0.]])
/home/shaoqi/code/SIGN_all/SIGN_data/HeatDiffusion_10_small_world 3DGSI
-------------------------------- 
--------Testing----------------- 
-------------------------------- 
loss_wc 0.2833887935 	loss_mse 0.0000130439 	loss_mape 0.0003808219 	weight_loss_mse 0.0017631323 	loss 0.0017631323 	inference time 0.1295213699 	
wc 0.0000 	 0.2834 	 0.0000 	 0.0000 	 0.0000 	 0.0000 	 0.0000 	 0.0000 	 0.0000 	 0.0000 	 0.0000 	 0.0000 	 0.0000 	 0.0000 	 0.0000 	 0.0000 	 0.0000 	 0.0000 	 0.0000 	 0.0000 	 0.0000 	 0.0000 	 0.0000 	 0.0000 	 0.0000 	
/home/shaoqi/code/SIGN_all/SIGN_data/HeatDiffusion_100_small_world 3DGSI
tensor([[0., 1., 0., 0., 0., 0., 0., 0., 0., 0., 0., 0., 0., 0., 0., 0., 0., 1.,
         0., 0., 0., 0., 0., 0., 0.]])
tensor([[ 1., -1.,  0.,  0.,  0.,  0.,  1.,  0.,  0.]])
/home/shaoqi/code/SIGN_all/SIGN_data/HeatDiffusion_100_small_world 3DGSI
-------------------------------- 
--------Testing----------------- 
-------------------------------- 
loss_wc 0.2833150625 	loss_mse 0.0000148986 	loss_mape 0.0004184792 	weight_loss_mse 0.0020082205 	loss 0.0020082205 	inference time 0.1418074767 	
wc 0.0000 	 0.2833 	 0.0000 	 0.0000 	 0.0000 	 0.0000 	 0.0000 	 0.0000 	 0.0000 	 0.0000 	 0.0000 	 0.0000 	 0.0000 	 0.0000 	 0.0000 	 0.0000 	 0.0000 	 0.0000 	 0.0000 	 0.0000 	 0.0000 	 0.0000 	 0.0000 	 0.0000 	 0.0000 	
/home/shaoqi/code/SIGN_all/SIGN_data/HeatDiffusion_1000_small_world 3DGSI
tensor([[0., 1., 0., 0., 0., 0., 0., 0., 0., 0., 0., 1., 0., 0., 0., 0., 0., 0.,
         0., 0., 0., 0., 0., 0., 0.]])
tensor([[0., 0., 0., 0., 0., 0., 0., 0., 0.]])
/home/shaoqi/code/SIGN_all/SIGN_data/HeatDiffusion_1000_small_world 3DGSI
-------------------------------- 
--------Testing----------------- 
-------------------------------- 
loss_wc 0.2836405337 	loss_mse 0.0000144408 	loss_mape 0.0004071322 	weight_loss_mse 0.0019451878 	loss 0.0019451878 	inference time 0.1572272778 	
wc 0.0000 	 0.2836 	 0.0000 	 0.0000 	 0.0000 	 0.0000 	 0.0000 	 0.0000 	 0.0000 	 0.0000 	 0.0000 	 0.0000 	 0.0000 	 0.0000 	 0.0000 	 0.0000 	 0.0000 	 0.0000 	 0.0000 	 0.0000 	 0.0000 	 0.0000 	 0.0000 	 0.0000 	 0.0000 	
/home/shaoqi/code/SIGN_all/SIGN_data/HeatDiffusion_10000_small_world 3DGSI
tensor([[0., 1., 0., 0., 0., 0., 0., 0., 0., 0., 0., 0., 0., 0., 0., 0., 0., 0.,
         0., 0., 0., 0., 0., 0., 0.]])
tensor([[ 1., -1.,  0.,  0.,  0.,  0.,  0.,  0.,  0.]])
/home/shaoqi/code/SIGN_all/SIGN_data/HeatDiffusion_10000_small_world 3DGSI
-------------------------------- 
--------Testing----------------- 
-------------------------------- 
loss_wc 0.2838216424 	loss_mse 0.0000147951 	loss_mape 0.0004058015 	weight_loss_mse 0.0020393641 	loss 0.0020393641 	inference time 0.4366745949 	
wc 0.0000 	 0.2838 	 0.0000 	 0.0000 	 0.0000 	 0.0000 	 0.0000 	 0.0000 	 0.0000 	 0.0000 	 0.0000 	 0.0000 	 0.0000 	 0.0000 	 0.0000 	 0.0000 	 0.0000 	 0.0000 	 0.0000 	 0.0000 	 0.0000 	 0.0000 	 0.0000 	 0.0000 	 0.0000 	
/home/shaoqi/code/SIGN_all/SIGN_data/HeatDiffusion_100000_small_world 3DGSI
tensor([[0., 1., 0., 0., 0., 0., 0., 0., 0., 0., 0., 0., 0., 0., 0., 0., 0., 0.,
         0., 0., 0., 0., 0., 0., 0.]])
tensor([[ 1., -1.,  0.,  0.,  0.,  0.,  0.,  0.,  0.]])
/home/shaoqi/code/SIGN_all/SIGN_data/HeatDiffusion_100000_small_world 3DGSI
-------------------------------- 
--------Testing----------------- 
-------------------------------- 
loss_wc 0.2820367217 	loss_mse 0.0000160109 	loss_mape 0.0004508123 	weight_loss_mse 0.0020791157 	loss 0.0020791157 	inference time 0.5103969574 	
wc 0.0000 	 0.2820 	 0.0000 	 0.0000 	 0.0000 	 0.0000 	 0.0000 	 0.0000 	 0.0000 	 0.0000 	 0.0000 	 0.0000 	 0.0000 	 0.0000 	 0.0000 	 0.0000 	 0.0000 	 0.0000 	 0.0000 	 0.0000 	 0.0000 	 0.0000 	 0.0000 	 0.0000 	 0.0000 	
/home/shaoqi/code/SIGN_all/SIGN_data/Kuramoto_10_power_law 3DGSI
tensor([[0., 0., 0., 0., 0., 0., 0., 0., 0., 0., 0., 0., 0., 0., 0., 0., 0., 1.,
         0., 0., 0., 0., 0., 0., 0.]])
tensor([[1., 0., 0., 0., 0., 0., 0., 0., 0.]])
/home/shaoqi/code/SIGN_all/SIGN_data/Kuramoto_10_power_law 3DGSI
-------------------------------- 
--------Testing----------------- 
-------------------------------- 
loss_wc 0.1001273096 	loss_wf 0.3001432717 	loss_mse 0.0000004274 	loss_mape 0.0001103021 	weight_loss_mse 0.0000482846 	loss 0.0000482846 	inference time 0.1208153566 	
wc 0.0000 	 0.0000 	 0.0000 	 0.0000 	 0.0000 	 0.0000 	 0.0000 	 0.0000 	 0.0000 	 0.0000 	 0.0000 	 0.0000 	 0.0000 	 0.0000 	 0.0000 	 0.0000 	 0.0000 	 0.1001 	 0.0000 	 0.0000 	 0.0000 	 0.0000 	 0.0000 	 0.0000 	 0.0000 	
wf 0.3001 	 0.0000 	 0.0000 	 0.0000 	 0.0000 	 0.0000 	 0.0000 	 0.0000 	 0.0000 	
/home/shaoqi/code/SIGN_all/SIGN_data/Kuramoto_100_power_law 3DGSI
tensor([[0., 0., 0., 0., 0., 0., 0., 0., 0., 0., 0., 0., 0., 0., 0., 0., 0., 1.,
         0., 0., 0., 0., 0., 0., 0.]])
tensor([[1., 0., 0., 0., 0., 0., 0., 0., 0.]])
/home/shaoqi/code/SIGN_all/SIGN_data/Kuramoto_100_power_law 3DGSI
-------------------------------- 
--------Testing----------------- 
-------------------------------- 
loss_wc 0.0998134911 	loss_wf 0.3001568317 	loss_mse 0.0000012453 	loss_mape 0.0001597172 	weight_loss_mse 0.0002609115 	loss 0.0002609115 	inference time 0.1683304310 	
wc 0.0000 	 0.0000 	 0.0000 	 0.0000 	 0.0000 	 0.0000 	 0.0000 	 0.0000 	 0.0000 	 0.0000 	 0.0000 	 0.0000 	 0.0000 	 0.0000 	 0.0000 	 0.0000 	 0.0000 	 0.0998 	 0.0000 	 0.0000 	 0.0000 	 0.0000 	 0.0000 	 0.0000 	 0.0000 	
wf 0.3002 	 0.0000 	 0.0000 	 0.0000 	 0.0000 	 0.0000 	 0.0000 	 0.0000 	 0.0000 	
/home/shaoqi/code/SIGN_all/SIGN_data/Kuramoto_1000_power_law 3DGSI
tensor([[0., 0., 0., 0., 0., 0., 0., 0., 0., 0., 0., 0., 0., 0., 0., 0., 0., 1.,
         0., 0., 0., 0., 0., 0., 0.]])
tensor([[1., 0., 0., 0., 0., 0., 0., 0., 0.]])
/home/shaoqi/code/SIGN_all/SIGN_data/Kuramoto_1000_power_law 3DGSI
-------------------------------- 
--------Testing----------------- 
-------------------------------- 
loss_wc 0.0998576283 	loss_wf 0.3000530899 	loss_mse 0.0000018126 	loss_mape 0.0001771741 	weight_loss_mse 0.0004810769 	loss 0.0004810769 	inference time 0.1866083145 	
wc 0.0000 	 0.0000 	 0.0000 	 0.0000 	 0.0000 	 0.0000 	 0.0000 	 0.0000 	 0.0000 	 0.0000 	 0.0000 	 0.0000 	 0.0000 	 0.0000 	 0.0000 	 0.0000 	 0.0000 	 0.0999 	 0.0000 	 0.0000 	 0.0000 	 0.0000 	 0.0000 	 0.0000 	 0.0000 	
wf 0.3001 	 0.0000 	 0.0000 	 0.0000 	 0.0000 	 0.0000 	 0.0000 	 0.0000 	 0.0000 	
/home/shaoqi/code/SIGN_all/SIGN_data/Kuramoto_10000_power_law 3DGSI
tensor([[0., 0., 0., 0., 0., 0., 0., 0., 0., 0., 0., 0., 0., 0., 0., 0., 0., 1.,
         0., 0., 0., 0., 0., 0., 0.]])
tensor([[1., 0., 0., 0., 0., 0., 0., 0., 0.]])
/home/shaoqi/code/SIGN_all/SIGN_data/Kuramoto_10000_power_law 3DGSI
-------------------------------- 
--------Testing----------------- 
-------------------------------- 
loss_wc 0.0998370647 	loss_wf 0.2999975979 	loss_mse 0.0000021471 	loss_mape 0.0001813826 	weight_loss_mse 0.0006426704 	loss 0.0006426704 	inference time 0.5403575897 	
wc 0.0000 	 0.0000 	 0.0000 	 0.0000 	 0.0000 	 0.0000 	 0.0000 	 0.0000 	 0.0000 	 0.0000 	 0.0000 	 0.0000 	 0.0000 	 0.0000 	 0.0000 	 0.0000 	 0.0000 	 0.0998 	 0.0000 	 0.0000 	 0.0000 	 0.0000 	 0.0000 	 0.0000 	 0.0000 	
wf 0.3000 	 0.0000 	 0.0000 	 0.0000 	 0.0000 	 0.0000 	 0.0000 	 0.0000 	 0.0000 	
/home/shaoqi/code/SIGN_all/SIGN_data/Kuramoto_100000_power_law 3DGSI
tensor([[0., 0., 0., 0., 0., 0., 0., 0., 0., 0., 0., 0., 0., 0., 0., 0., 0., 1.,
         0., 0., 0., 0., 0., 0., 0.]])
tensor([[1., 0., 0., 0., 1., 0., 0., 0., 0.]])
/home/shaoqi/code/SIGN_all/SIGN_data/Kuramoto_100000_power_law 3DGSI
-------------------------------- 
--------Testing----------------- 
-------------------------------- 
loss_wc 0.0990122855 	loss_wf 0.3005171716 	loss_mse 0.0000135605 	loss_mape 0.0001986941 	weight_loss_mse 0.0033491862 	loss 0.0033491862 	inference time 0.6699998379 	
wc 0.0000 	 0.0000 	 0.0000 	 0.0000 	 0.0000 	 0.0000 	 0.0000 	 0.0000 	 0.0000 	 0.0000 	 0.0000 	 0.0000 	 0.0000 	 0.0000 	 0.0000 	 0.0000 	 0.0000 	 0.0990 	 0.0000 	 0.0000 	 0.0000 	 0.0000 	 0.0000 	 0.0000 	 0.0000 	
wf 0.3005 	 0.0000 	 0.0000 	 0.0000 	 0.0000 	 0.0000 	 0.0000 	 0.0000 	 0.0000 	
#####################################################
/home/shaoqi/code/SIGN_all/SIGN_data/HeatDiffusion_23133_CA 3DGSI
-------------------------------- 
--------Testing----------------- 
-------------------------------- 
loss_wc 0.2948320508 	loss_mse 0.0000020394 	loss_mape 0.0002515434 	weight_loss_mse 0.0000087342 	loss 0.0000087342 	inference time 1.7976915836 	
wc 0.0000 	 0.2948 	 0.0000 	 0.0000 	 0.0000 	 0.0000 	 0.0000 	 0.0000 	 0.0000 	 0.0000 	 0.0000 	 0.0000 	 0.0000 	 0.0000 	 0.0000 	 0.0000 	 0.0000 	 0.0000 	 0.0000 	 0.0000 	 0.0000 	 0.0000 	 0.0000 	 0.0000 	 0.0000 	
/home/shaoqi/code/SIGN_all/SIGN_data/Kuramoto_23133_CA 3DGSI
tensor([[0.0000, 0.0000, 0.0000, 0.0000, 0.0000, 0.0000, 0.0000, 0.0000, 0.0000,
         0.0000, 0.0000, 0.0000, 0.0000, 0.0000, 0.0000, 0.0000, 0.0000, 0.0997,
         0.0000, 0.0000, 0.0000, 0.0000, 0.0000, 0.0000, 0.0000]])
tensor([[0.2999, 0.0000, 0.0000, 0.0000, 0.0000, 0.0000, 0.0000, 0.0000, 0.0000]])
/home/shaoqi/code/SIGN_all/SIGN_data/Kuramoto_23133_CA 3DGSI
-------------------------------- 
--------Testing----------------- 
-------------------------------- 
loss_wc 0.1000264212 	loss_wf 0.3001285791 	loss_mse 0.0000000706 	loss_mape 0.0000495497 	weight_loss_mse 0.0000003331 	loss 0.0000003331 	inference time 1.6420853138 	
wc 0.0000 	 0.0000 	 0.0000 	 0.0000 	 0.0000 	 0.0000 	 0.0000 	 0.0000 	 0.0000 	 0.0000 	 0.0000 	 0.0000 	 0.0000 	 0.0000 	 0.0000 	 0.0000 	 0.0000 	 0.1000 	 0.0000 	 0.0000 	 0.0000 	 0.0000 	 0.0000 	 0.0000 	 0.0000 	
wf 0.3001 	 0.0000 	 0.0000 	 0.0000 	 0.0000 	 0.0000 	 0.0000 	 0.0000 	 0.0000 	
#############################################
/home/shaoqi/code/SIGN_all/SIGN_data/Kuramoto_1000_power_law 3DGSI
tensor([[0.0000, 0.0000, 0.0000, 0.0000, 0.0000, 0.0000, 0.0000, 0.0000, 0.0000,
         0.0000, 0.0000, 0.0000, 0.0000, 0.0000, 0.0000, 0.0000, 0.0000, 0.0977,
         0.0000, 0.0000, 0.0000, 0.0000, 0.0000, 0.0000, 0.0000]])
tensor([[0.2974, 0.0000, 0.0000, 0.0000, 0.0000, 0.0102, 0.0000, 0.0000, 0.0000]])
/home/shaoqi/code/SIGN_all/SIGN_data/Kuramoto_1000_power_law 3DGSI
tensor([[0.0000, 0.0000, 0.0000, 0.0000, 0.0000, 0.0000, 0.0000, 0.0000, 0.0000,
         0.0000, 0.0000, 0.0000, 0.0000, 0.0000, 0.0000, 0.0000, 0.0000, 0.0991,
         0.0000, 0.0000, 0.0000, 0.0000, 0.0000, 0.0000, 0.0000]])
tensor([[0.3062, 0.0000, 0.0000, 0.0000, 0.0000, 0.0000, 0.0000, 0.0000, 0.0000]])
/home/shaoqi/code/SIGN_all/SIGN_data/Kuramoto_1000_power_law 3DGSI
-------------------------------- 
--------Testing----------------- 
-------------------------------- 
loss_wc 0.1009934247 	loss_wf 0.3004772067 	loss_mse 0.0000471560 	loss_mape 0.0010501638 	weight_loss_mse 0.0001360331 	loss 0.0005375037 	inference time 1.9745604992 	
wc 0.0000 	 0.0000 	 0.0000 	 0.0000 	 0.0000 	 0.0000 	 0.0000 	 0.0000 	 0.0000 	 0.0000 	 0.0000 	 0.0000 	 0.0000 	 0.0000 	 0.0000 	 0.0000 	 0.0000 	 0.1010 	 0.0000 	 0.0000 	 0.0000 	 0.0000 	 0.0000 	 0.0000 	 0.0000 	
wf 0.3005 	 0.0000 	 0.0000 	 0.0000 	 0.0000 	 0.0000 	 0.0000 	 0.0000 	 0.0000 	
/home/shaoqi/code/SIGN_all/SIGN_data/Kuramoto_1000_power_law 3DGSI
tensor([[0.0000, 0.0000, 0.0000, 0.0000, 0.0000, 0.0000, 0.0000, 0.0000, 0.0000,
         0.0000, 0.0000, 0.0000, 0.0000, 0.0000, 0.0000, 0.0000, 0.0000, 0.0992,
         0.0000, 0.0000, 0.0000, 0.0000, 0.0000, 0.0000, 0.0000]])
tensor([[0.3005, 0.0000, 0.0000, 0.0000, 0.0000, 0.0000, 0.0000, 0.0000, 0.0000]])
/home/shaoqi/code/SIGN_all/SIGN_data/Kuramoto_1000_power_law_0_0.1 3DGSI
tensor([[0.0000, 0.0000, 0.0000, 0.0000, 0.0000, 0.0000, 0.0000, 0.0000, 0.0000,
         0.0000, 0.0000, 0.0000, 0.0000, 0.0000, 0.0000, 0.0000, 0.0000, 0.0992,
         0.0000, 0.0000, 0.0000, 0.0000, 0.0000, 0.0000, 0.0000]])
tensor([[0.2999, 0.0000, 0.0000, 0.0000, 0.0000, 0.0000, 0.0000, 0.0000, 0.0000]])
/home/shaoqi/code/SIGN_all/SIGN_data/Kuramoto_1000_power_law_0_0.1 3DGSI
-------------------------------- 
--------Testing----------------- 
-------------------------------- 
loss_wc 0.1004765630 	loss_wf 0.3012910187 	loss_mse 0.0000007141 	loss_mape 0.0000968689 	weight_loss_mse 0.0000028256 	loss 0.0004045932 	inference time 8.9492921829 	
wc 0.0000 	 0.0000 	 0.0000 	 0.0000 	 0.0000 	 0.0000 	 0.0000 	 0.0000 	 0.0000 	 0.0000 	 0.0000 	 0.0000 	 0.0000 	 0.0000 	 0.0000 	 0.0000 	 0.0000 	 0.1005 	 0.0000 	 0.0000 	 0.0000 	 0.0000 	 0.0000 	 0.0000 	 0.0000 	
wf 0.3013 	 0.0000 	 0.0000 	 0.0000 	 0.0000 	 0.0000 	 0.0000 	 0.0000 	 0.0000 	
