/home/shaoqi/code/SIGN_all/SIGN_data/Kuramoto_1000_power_law_0_0.1 0 0.0017067298758774996 0.39888995885849
/home/shaoqi/code/SIGN_all/SIGN_data/Kuramoto_1000_power_law_0_0.2 0 0.17109315097332 0.4131016135215759
/home/shaoqi/code/SIGN_all/SIGN_data/Kuramoto_1000_power_law_0_0.3 0 0.23861590027809143 0.566163182258606
/home/shaoqi/code/SIGN_all/SIGN_data/Kuramoto_1000_power_law_0_0.4 0 0.2871566414833069 0.6192638278007507
/home/shaoqi/code/SIGN_all/SIGN_data/Kuramoto_1000_power_law_0_0.5 0 0.49873968958854675 0.6781095862388611
/home/shaoqi/code/SIGN_all/SIGN_data/Kuramoto_1000_power_law_0_0.6 0 0.5196806192398071 0.7180372476577759
/home/shaoqi/code/SIGN_all/SIGN_data/Kuramoto_1000_power_law_0_0.7 0 0.5269175171852112 0.7583180665969849
/home/shaoqi/code/SIGN_all/SIGN_data/Kuramoto_1000_power_law_0_0.8 0 0.5371296405792236 0.7879942655563354
/home/shaoqi/code/SIGN_all/SIGN_data/Kuramoto_1000_power_law_0_0.9 0 0.5443819165229797 0.8171555399894714
/home/shaoqi/code/SIGN_all/SIGN_data/Kuramoto_1000_power_law_0_1.0 0 0.5188488960266113 0.832938015460968
/home/shaoqi/code/SIGN_all/SIGN_data/Kuramoto_1000_power_law_0_0.1 1 0.0019399510929360986 0.39888995885849
/home/shaoqi/code/SIGN_all/SIGN_data/Kuramoto_1000_power_law_0_0.2 1 0.17248046398162842 0.4131016135215759
/home/shaoqi/code/SIGN_all/SIGN_data/Kuramoto_1000_power_law_0_0.3 1 0.23147624731063843 0.566163182258606
/home/shaoqi/code/SIGN_all/SIGN_data/Kuramoto_1000_power_law_0_0.4 1 0.2927512228488922 0.6192638278007507
/home/shaoqi/code/SIGN_all/SIGN_data/Kuramoto_1000_power_law_0_0.5 1 0.5272341370582581 0.6781095862388611
/home/shaoqi/code/SIGN_all/SIGN_data/Kuramoto_1000_power_law_0_0.6 1 0.2847079932689667 0.7180372476577759
/home/shaoqi/code/SIGN_all/SIGN_data/Kuramoto_1000_power_law_0_0.7 1 0.31660714745521545 0.7583180665969849
/home/shaoqi/code/SIGN_all/SIGN_data/Kuramoto_1000_power_law_0_0.8 1 0.33980557322502136 0.7879942655563354
/home/shaoqi/code/SIGN_all/SIGN_data/Kuramoto_1000_power_law_0_0.9 1 0.5396162867546082 0.8171555399894714
/home/shaoqi/code/SIGN_all/SIGN_data/Kuramoto_1000_power_law_0_1.0 1 0.5949022173881531 0.832938015460968
/home/shaoqi/code/SIGN_all/SIGN_data/Kuramoto_1000_power_law_0_0.1 2 0.0015375112416222692 0.39888995885849
/home/shaoqi/code/SIGN_all/SIGN_data/Kuramoto_1000_power_law_0_0.2 2 0.17307378351688385 0.4131016135215759
/home/shaoqi/code/SIGN_all/SIGN_data/Kuramoto_1000_power_law_0_0.3 2 0.23937702178955078 0.566163182258606
/home/shaoqi/code/SIGN_all/SIGN_data/Kuramoto_1000_power_law_0_0.4 2 0.5259843468666077 0.6192638278007507
/home/shaoqi/code/SIGN_all/SIGN_data/Kuramoto_1000_power_law_0_0.5 2 0.49971649050712585 0.6781095862388611
/home/shaoqi/code/SIGN_all/SIGN_data/Kuramoto_1000_power_law_0_0.6 2 0.5238200426101685 0.7180372476577759
/home/shaoqi/code/SIGN_all/SIGN_data/Kuramoto_1000_power_law_0_0.7 2 0.5125176310539246 0.7583180665969849
/home/shaoqi/code/SIGN_all/SIGN_data/Kuramoto_1000_power_law_0_0.8 2 0.5359088778495789 0.7879942655563354
/home/shaoqi/code/SIGN_all/SIGN_data/Kuramoto_1000_power_law_0_0.9 2 0.5334030985832214 0.8171555399894714
/home/shaoqi/code/SIGN_all/SIGN_data/Kuramoto_1000_power_law_0_1.0 2 0.5560839176177979 0.832938015460968
/home/shaoqi/code/SIGN_all/SIGN_data/Kuramoto_1000_power_law_0_0.1 3 0.0017398522468283772 0.39888995885849
/home/shaoqi/code/SIGN_all/SIGN_data/Kuramoto_1000_power_law_0_0.2 3 0.1728159487247467 0.4131016135215759
/home/shaoqi/code/SIGN_all/SIGN_data/Kuramoto_1000_power_law_0_0.3 3 0.23762021958827972 0.566163182258606
/home/shaoqi/code/SIGN_all/SIGN_data/Kuramoto_1000_power_law_0_0.4 3 0.5062432885169983 0.6192638278007507
/home/shaoqi/code/SIGN_all/SIGN_data/Kuramoto_1000_power_law_0_0.5 3 0.2952611744403839 0.6781095862388611
/home/shaoqi/code/SIGN_all/SIGN_data/Kuramoto_1000_power_law_0_0.6 3 0.28629931807518005 0.7180372476577759
/home/shaoqi/code/SIGN_all/SIGN_data/Kuramoto_1000_power_law_0_0.7 3 0.5264986157417297 0.7583180665969849
/home/shaoqi/code/SIGN_all/SIGN_data/Kuramoto_1000_power_law_0_0.8 3 0.3432673215866089 0.7879942655563354
/home/shaoqi/code/SIGN_all/SIGN_data/Kuramoto_1000_power_law_0_0.9 3 0.5468146204948425 0.8171555399894714
/home/shaoqi/code/SIGN_all/SIGN_data/Kuramoto_1000_power_law_0_1.0 3 0.5235854387283325 0.832938015460968
/home/shaoqi/code/SIGN_all/SIGN_data/Kuramoto_1000_power_law_0_0.1 4 0.0017004853580147028 0.39888995885849
/home/shaoqi/code/SIGN_all/SIGN_data/Kuramoto_1000_power_law_0_0.2 4 0.17279259860515594 0.4131016135215759
/home/shaoqi/code/SIGN_all/SIGN_data/Kuramoto_1000_power_law_0_0.3 4 0.23678208887577057 0.566163182258606
/home/shaoqi/code/SIGN_all/SIGN_data/Kuramoto_1000_power_law_0_0.4 4 0.511698842048645 0.6192638278007507
/home/shaoqi/code/SIGN_all/SIGN_data/Kuramoto_1000_power_law_0_0.5 4 0.5003281235694885 0.6781095862388611
/home/shaoqi/code/SIGN_all/SIGN_data/Kuramoto_1000_power_law_0_0.6 4 0.284074068069458 0.7180372476577759
/home/shaoqi/code/SIGN_all/SIGN_data/Kuramoto_1000_power_law_0_0.7 4 0.31096726655960083 0.7583180665969849
/home/shaoqi/code/SIGN_all/SIGN_data/Kuramoto_1000_power_law_0_0.8 4 0.5346439480781555 0.7879942655563354
/home/shaoqi/code/SIGN_all/SIGN_data/Kuramoto_1000_power_law_0_0.9 4 0.5647657513618469 0.8171555399894714
/home/shaoqi/code/SIGN_all/SIGN_data/Kuramoto_1000_power_law_0_1.0 4 0.5380513072013855 0.832938015460968
/home/shaoqi/code/SIGN_all/SIGN_data/Kuramoto_1000_power_law_0_0.1 5 0.0014029990416020155 0.39888995885849
/home/shaoqi/code/SIGN_all/SIGN_data/Kuramoto_1000_power_law_0_0.2 5 0.17362520098686218 0.4131016135215759
/home/shaoqi/code/SIGN_all/SIGN_data/Kuramoto_1000_power_law_0_0.3 5 0.2356022149324417 0.566163182258606
/home/shaoqi/code/SIGN_all/SIGN_data/Kuramoto_1000_power_law_0_0.4 5 0.29318588972091675 0.6192638278007507
/home/shaoqi/code/SIGN_all/SIGN_data/Kuramoto_1000_power_law_0_0.5 5 0.29354941844940186 0.6781095862388611
/home/shaoqi/code/SIGN_all/SIGN_data/Kuramoto_1000_power_law_0_0.6 5 0.5178987383842468 0.7180372476577759
/home/shaoqi/code/SIGN_all/SIGN_data/Kuramoto_1000_power_law_0_0.7 5 0.5364000201225281 0.7583180665969849
/home/shaoqi/code/SIGN_all/SIGN_data/Kuramoto_1000_power_law_0_0.8 5 0.3409426808357239 0.7879942655563354
/home/shaoqi/code/SIGN_all/SIGN_data/Kuramoto_1000_power_law_0_0.9 5 0.6538549661636353 0.8171555399894714
/home/shaoqi/code/SIGN_all/SIGN_data/Kuramoto_1000_power_law_0_1.0 5 0.5202191472053528 0.832938015460968
/home/shaoqi/code/SIGN_all/SIGN_data/Kuramoto_1000_power_law_0_0.1 6 0.0018395718652755022 0.39888995885849
/home/shaoqi/code/SIGN_all/SIGN_data/Kuramoto_1000_power_law_0_0.2 6 0.17118804156780243 0.4131016135215759
/home/shaoqi/code/SIGN_all/SIGN_data/Kuramoto_1000_power_law_0_0.3 6 0.23165245354175568 0.566163182258606
/home/shaoqi/code/SIGN_all/SIGN_data/Kuramoto_1000_power_law_0_0.4 6 0.2874075770378113 0.6192638278007507
/home/shaoqi/code/SIGN_all/SIGN_data/Kuramoto_1000_power_law_0_0.5 6 0.295623242855072 0.6781095862388611
/home/shaoqi/code/SIGN_all/SIGN_data/Kuramoto_1000_power_law_0_0.6 6 0.2983451187610626 0.7180372476577759
/home/shaoqi/code/SIGN_all/SIGN_data/Kuramoto_1000_power_law_0_0.7 6 0.53455650806427 0.7583180665969849
/home/shaoqi/code/SIGN_all/SIGN_data/Kuramoto_1000_power_law_0_0.8 6 0.537501871585846 0.7879942655563354
/home/shaoqi/code/SIGN_all/SIGN_data/Kuramoto_1000_power_law_0_0.9 6 0.5352316498756409 0.8171555399894714
/home/shaoqi/code/SIGN_all/SIGN_data/Kuramoto_1000_power_law_0_1.0 6 0.5179405808448792 0.832938015460968
/home/shaoqi/code/SIGN_all/SIGN_data/Kuramoto_1000_power_law_0_0.1 7 0.0013161442475393414 0.39888995885849
/home/shaoqi/code/SIGN_all/SIGN_data/Kuramoto_1000_power_law_0_0.2 7 0.171674907207489 0.4131016135215759
/home/shaoqi/code/SIGN_all/SIGN_data/Kuramoto_1000_power_law_0_0.3 7 0.2378862053155899 0.566163182258606
/home/shaoqi/code/SIGN_all/SIGN_data/Kuramoto_1000_power_law_0_0.4 7 0.525269627571106 0.6192638278007507
/home/shaoqi/code/SIGN_all/SIGN_data/Kuramoto_1000_power_law_0_0.5 7 0.5101625323295593 0.6781095862388611
/home/shaoqi/code/SIGN_all/SIGN_data/Kuramoto_1000_power_law_0_0.6 7 0.5156729817390442 0.7180372476577759
/home/shaoqi/code/SIGN_all/SIGN_data/Kuramoto_1000_power_law_0_0.7 7 0.5348125696182251 0.7583180665969849
/home/shaoqi/code/SIGN_all/SIGN_data/Kuramoto_1000_power_law_0_0.8 7 0.5415354371070862 0.7879942655563354
/home/shaoqi/code/SIGN_all/SIGN_data/Kuramoto_1000_power_law_0_0.9 7 0.5609158873558044 0.8171555399894714
/home/shaoqi/code/SIGN_all/SIGN_data/Kuramoto_1000_power_law_0_1.0 7 0.6526526212692261 0.832938015460968
/home/shaoqi/code/SIGN_all/SIGN_data/Kuramoto_1000_power_law_0_0.1 8 0.0016339042922481894 0.39888995885849
/home/shaoqi/code/SIGN_all/SIGN_data/Kuramoto_1000_power_law_0_0.2 8 0.17106708884239197 0.4131016135215759
/home/shaoqi/code/SIGN_all/SIGN_data/Kuramoto_1000_power_law_0_0.3 8 0.23567581176757812 0.566163182258606
/home/shaoqi/code/SIGN_all/SIGN_data/Kuramoto_1000_power_law_0_0.4 8 0.28797224164009094 0.6192638278007507
/home/shaoqi/code/SIGN_all/SIGN_data/Kuramoto_1000_power_law_0_0.5 8 0.5285934209823608 0.6781095862388611
/home/shaoqi/code/SIGN_all/SIGN_data/Kuramoto_1000_power_law_0_0.6 8 0.2966376543045044 0.7180372476577759
/home/shaoqi/code/SIGN_all/SIGN_data/Kuramoto_1000_power_law_0_0.7 8 0.5248351693153381 0.7583180665969849
/home/shaoqi/code/SIGN_all/SIGN_data/Kuramoto_1000_power_law_0_0.8 8 0.5415738224983215 0.7879942655563354
/home/shaoqi/code/SIGN_all/SIGN_data/Kuramoto_1000_power_law_0_0.9 8 0.5372897982597351 0.8171555399894714
/home/shaoqi/code/SIGN_all/SIGN_data/Kuramoto_1000_power_law_0_1.0 8 0.6664249897003174 0.832938015460968
/home/shaoqi/code/SIGN_all/SIGN_data/Kuramoto_1000_power_law_0_0.1 9 0.0011505777947604656 0.39888995885849
/home/shaoqi/code/SIGN_all/SIGN_data/Kuramoto_1000_power_law_0_0.2 9 0.1735624521970749 0.4131016135215759
/home/shaoqi/code/SIGN_all/SIGN_data/Kuramoto_1000_power_law_0_0.3 9 0.232199028134346 0.566163182258606
/home/shaoqi/code/SIGN_all/SIGN_data/Kuramoto_1000_power_law_0_0.4 9 0.5255544185638428 0.6192638278007507
/home/shaoqi/code/SIGN_all/SIGN_data/Kuramoto_1000_power_law_0_0.5 9 0.5083977580070496 0.6781095862388611
/home/shaoqi/code/SIGN_all/SIGN_data/Kuramoto_1000_power_law_0_0.6 9 0.2943774461746216 0.7180372476577759
/home/shaoqi/code/SIGN_all/SIGN_data/Kuramoto_1000_power_law_0_0.7 9 0.5268664360046387 0.7583180665969849
/home/shaoqi/code/SIGN_all/SIGN_data/Kuramoto_1000_power_law_0_0.8 9 0.5366160869598389 0.7879942655563354
/home/shaoqi/code/SIGN_all/SIGN_data/Kuramoto_1000_power_law_0_0.9 9 0.5347351431846619 0.8171555399894714
/home/shaoqi/code/SIGN_all/SIGN_data/Kuramoto_1000_power_law_0_1.0 9 0.5535023212432861 0.832938015460968
########################################################################################################################

/home/shaoqi/code/SIGN_all/SIGN_data/Kuramoto_1000_power_law_0_0.1 0 0.00032045578700490296 0.39888995885849
/home/shaoqi/code/SIGN_all/SIGN_data/Kuramoto_1000_power_law_0_0.2 0 0.00039639807073399425 0.4131016135215759
/home/shaoqi/code/SIGN_all/SIGN_data/Kuramoto_1000_power_law_0_0.3 0 0.00039556706906296313 0.566163182258606
/home/shaoqi/code/SIGN_all/SIGN_data/Kuramoto_1000_power_law_0_0.4 0 0.00480487709864974 0.6192638278007507
/home/shaoqi/code/SIGN_all/SIGN_data/Kuramoto_1000_power_law_0_0.5 0 0.00275117508135736 0.6781095862388611
/home/shaoqi/code/SIGN_all/SIGN_data/Kuramoto_1000_power_law_0_0.6 0 0.07376965880393982 0.7180372476577759
/home/shaoqi/code/SIGN_all/SIGN_data/Kuramoto_1000_power_law_0_0.7 0 0.004912830423563719 0.7583180665969849
/home/shaoqi/code/SIGN_all/SIGN_data/Kuramoto_1000_power_law_0_0.8 0 0.004461351316422224 0.7879942655563354
/home/shaoqi/code/SIGN_all/SIGN_data/Kuramoto_1000_power_law_0_0.9 0 0.41614460945129395 0.8171555399894714
/home/shaoqi/code/SIGN_all/SIGN_data/Kuramoto_1000_power_law_0_1.0 0 0.6092222929000854 0.832938015460968
/home/shaoqi/code/SIGN_all/SIGN_data/Kuramoto_1000_power_law_0_0.1 1 0.00011569890193641186 0.39888995885849
/home/shaoqi/code/SIGN_all/SIGN_data/Kuramoto_1000_power_law_0_0.2 1 0.00038126762956380844 0.4131016135215759
/home/shaoqi/code/SIGN_all/SIGN_data/Kuramoto_1000_power_law_0_0.3 1 0.0008554673986509442 0.566163182258606
/home/shaoqi/code/SIGN_all/SIGN_data/Kuramoto_1000_power_law_0_0.4 1 0.0053333924151957035 0.6192638278007507
/home/shaoqi/code/SIGN_all/SIGN_data/Kuramoto_1000_power_law_0_0.5 1 0.040390707552433014 0.6781095862388611
/home/shaoqi/code/SIGN_all/SIGN_data/Kuramoto_1000_power_law_0_0.6 1 0.056106217205524445 0.7180372476577759
/home/shaoqi/code/SIGN_all/SIGN_data/Kuramoto_1000_power_law_0_0.7 1 0.008742726407945156 0.7583180665969849
/home/shaoqi/code/SIGN_all/SIGN_data/Kuramoto_1000_power_law_0_0.8 1 0.004642751533538103 0.7879942655563354
/home/shaoqi/code/SIGN_all/SIGN_data/Kuramoto_1000_power_law_0_0.9 1 0.4476329982280731 0.8171555399894714
/home/shaoqi/code/SIGN_all/SIGN_data/Kuramoto_1000_power_law_0_1.0 1 0.614532470703125 0.832938015460968
/home/shaoqi/code/SIGN_all/SIGN_data/Kuramoto_1000_power_law_0_0.1 2 0.0002252318081445992 0.39888995885849
/home/shaoqi/code/SIGN_all/SIGN_data/Kuramoto_1000_power_law_0_0.2 2 0.0001358957524644211 0.4131016135215759
/home/shaoqi/code/SIGN_all/SIGN_data/Kuramoto_1000_power_law_0_0.3 2 0.0009843641892075539 0.566163182258606
/home/shaoqi/code/SIGN_all/SIGN_data/Kuramoto_1000_power_law_0_0.4 2 0.3343034088611603 0.6192638278007507
/home/shaoqi/code/SIGN_all/SIGN_data/Kuramoto_1000_power_law_0_0.5 2 0.03156736493110657 0.6781095862388611
/home/shaoqi/code/SIGN_all/SIGN_data/Kuramoto_1000_power_law_0_0.6 2 0.07980379462242126 0.7180372476577759
/home/shaoqi/code/SIGN_all/SIGN_data/Kuramoto_1000_power_law_0_0.7 2 0.40169379115104675 0.7583180665969849
/home/shaoqi/code/SIGN_all/SIGN_data/Kuramoto_1000_power_law_0_0.8 2 0.004597397521138191 0.7879942655563354
/home/shaoqi/code/SIGN_all/SIGN_data/Kuramoto_1000_power_law_0_0.9 2 0.04586685448884964 0.8171555399894714
/home/shaoqi/code/SIGN_all/SIGN_data/Kuramoto_1000_power_law_0_1.0 2 0.4918912947177887 0.832938015460968
/home/shaoqi/code/SIGN_all/SIGN_data/Kuramoto_1000_power_law_0_0.1 3 0.00033162409090436995 0.39888995885849
/home/shaoqi/code/SIGN_all/SIGN_data/Kuramoto_1000_power_law_0_0.2 3 0.0003761092957574874 0.4131016135215759
/home/shaoqi/code/SIGN_all/SIGN_data/Kuramoto_1000_power_law_0_0.3 3 0.0010639582760632038 0.566163182258606
/home/shaoqi/code/SIGN_all/SIGN_data/Kuramoto_1000_power_law_0_0.4 3 0.004160544369369745 0.6192638278007507
/home/shaoqi/code/SIGN_all/SIGN_data/Kuramoto_1000_power_law_0_0.5 3 0.00042901234701275826 0.6781095862388611
/home/shaoqi/code/SIGN_all/SIGN_data/Kuramoto_1000_power_law_0_0.6 3 0.008808071725070477 0.7180372476577759
/home/shaoqi/code/SIGN_all/SIGN_data/Kuramoto_1000_power_law_0_0.7 3 0.0062153213657438755 0.7583180665969849
/home/shaoqi/code/SIGN_all/SIGN_data/Kuramoto_1000_power_law_0_0.8 3 0.004594521131366491 0.7879942655563354
/home/shaoqi/code/SIGN_all/SIGN_data/Kuramoto_1000_power_law_0_0.9 3 0.38246968388557434 0.8171555399894714
/home/shaoqi/code/SIGN_all/SIGN_data/Kuramoto_1000_power_law_0_1.0 3 0.42776617407798767 0.832938015460968
/home/shaoqi/code/SIGN_all/SIGN_data/Kuramoto_1000_power_law_0_0.1 4 5.4752676078351215e-05 0.39888995885849
/home/shaoqi/code/SIGN_all/SIGN_data/Kuramoto_1000_power_law_0_0.2 4 0.0002786981058306992 0.4131016135215759
/home/shaoqi/code/SIGN_all/SIGN_data/Kuramoto_1000_power_law_0_0.3 4 0.0018293240573257208 0.566163182258606
/home/shaoqi/code/SIGN_all/SIGN_data/Kuramoto_1000_power_law_0_0.4 4 0.005246307700872421 0.6192638278007507
/home/shaoqi/code/SIGN_all/SIGN_data/Kuramoto_1000_power_law_0_0.5 4 0.004489714279770851 0.6781095862388611
/home/shaoqi/code/SIGN_all/SIGN_data/Kuramoto_1000_power_law_0_0.6 4 0.005656395573168993 0.7180372476577759
/home/shaoqi/code/SIGN_all/SIGN_data/Kuramoto_1000_power_law_0_0.7 4 0.3886726200580597 0.7583180665969849
/home/shaoqi/code/SIGN_all/SIGN_data/Kuramoto_1000_power_law_0_0.8 4 0.004670283291488886 0.7879942655563354
/home/shaoqi/code/SIGN_all/SIGN_data/Kuramoto_1000_power_law_0_0.9 4 0.5893920660018921 0.8171555399894714
/home/shaoqi/code/SIGN_all/SIGN_data/Kuramoto_1000_power_law_0_1.0 4 0.47168469429016113 0.832938015460968
/home/shaoqi/code/SIGN_all/SIGN_data/Kuramoto_1000_power_law_0_0.1 5 0.0004673028306569904 0.39888995885849
/home/shaoqi/code/SIGN_all/SIGN_data/Kuramoto_1000_power_law_0_0.2 5 0.00044496243936009705 0.4131016135215759
/home/shaoqi/code/SIGN_all/SIGN_data/Kuramoto_1000_power_law_0_0.3 5 0.001996011473238468 0.566163182258606
/home/shaoqi/code/SIGN_all/SIGN_data/Kuramoto_1000_power_law_0_0.4 5 0.005611061118543148 0.6192638278007507
/home/shaoqi/code/SIGN_all/SIGN_data/Kuramoto_1000_power_law_0_0.5 5 0.005459281150251627 0.6781095862388611
/home/shaoqi/code/SIGN_all/SIGN_data/Kuramoto_1000_power_law_0_0.6 5 0.06700943410396576 0.7180372476577759
/home/shaoqi/code/SIGN_all/SIGN_data/Kuramoto_1000_power_law_0_0.7 5 0.006083505228161812 0.7583180665969849
/home/shaoqi/code/SIGN_all/SIGN_data/Kuramoto_1000_power_law_0_0.8 5 0.0027128432411700487 0.7879942655563354
/home/shaoqi/code/SIGN_all/SIGN_data/Kuramoto_1000_power_law_0_0.9 5 0.4194367229938507 0.8171555399894714
/home/shaoqi/code/SIGN_all/SIGN_data/Kuramoto_1000_power_law_0_1.0 5 0.4562051296234131 0.832938015460968
/home/shaoqi/code/SIGN_all/SIGN_data/Kuramoto_1000_power_law_0_0.1 6 0.00038817262975499034 0.39888995885849
/home/shaoqi/code/SIGN_all/SIGN_data/Kuramoto_1000_power_law_0_0.2 6 0.0003592501161620021 0.4131016135215759
/home/shaoqi/code/SIGN_all/SIGN_data/Kuramoto_1000_power_law_0_0.3 6 0.002274563070386648 0.566163182258606
/home/shaoqi/code/SIGN_all/SIGN_data/Kuramoto_1000_power_law_0_0.4 6 0.004744344856590033 0.6192638278007507
/home/shaoqi/code/SIGN_all/SIGN_data/Kuramoto_1000_power_law_0_0.5 6 0.002845844952389598 0.6781095862388611
/home/shaoqi/code/SIGN_all/SIGN_data/Kuramoto_1000_power_law_0_0.6 6 0.39609432220458984 0.7180372476577759
/home/shaoqi/code/SIGN_all/SIGN_data/Kuramoto_1000_power_law_0_0.7 6 0.3955998420715332 0.7583180665969849
/home/shaoqi/code/SIGN_all/SIGN_data/Kuramoto_1000_power_law_0_0.8 6 0.004590963013470173 0.7879942655563354
/home/shaoqi/code/SIGN_all/SIGN_data/Kuramoto_1000_power_law_0_0.9 6 0.010233310982584953 0.8171555399894714
/home/shaoqi/code/SIGN_all/SIGN_data/Kuramoto_1000_power_law_0_1.0 6 0.3663451671600342 0.832938015460968
/home/shaoqi/code/SIGN_all/SIGN_data/Kuramoto_1000_power_law_0_0.1 7 0.00018472308875061572 0.39888995885849
/home/shaoqi/code/SIGN_all/SIGN_data/Kuramoto_1000_power_law_0_0.2 7 0.0003066216013394296 0.4131016135215759
/home/shaoqi/code/SIGN_all/SIGN_data/Kuramoto_1000_power_law_0_0.3 7 0.0008221357711590827 0.566163182258606
/home/shaoqi/code/SIGN_all/SIGN_data/Kuramoto_1000_power_law_0_0.4 7 0.005892571993172169 0.6192638278007507
/home/shaoqi/code/SIGN_all/SIGN_data/Kuramoto_1000_power_law_0_0.5 7 0.006051454693078995 0.6781095862388611
/home/shaoqi/code/SIGN_all/SIGN_data/Kuramoto_1000_power_law_0_0.6 7 0.01627238467335701 0.7180372476577759
/home/shaoqi/code/SIGN_all/SIGN_data/Kuramoto_1000_power_law_0_0.7 7 0.06458638608455658 0.7583180665969849
/home/shaoqi/code/SIGN_all/SIGN_data/Kuramoto_1000_power_law_0_0.8 7 0.004578831605613232 0.7879942655563354
/home/shaoqi/code/SIGN_all/SIGN_data/Kuramoto_1000_power_law_0_0.9 7 0.4272923767566681 0.8171555399894714
/home/shaoqi/code/SIGN_all/SIGN_data/Kuramoto_1000_power_law_0_1.0 7 0.46952083706855774 0.832938015460968
/home/shaoqi/code/SIGN_all/SIGN_data/Kuramoto_1000_power_law_0_0.1 8 0.0004504788666963577 0.39888995885849
/home/shaoqi/code/SIGN_all/SIGN_data/Kuramoto_1000_power_law_0_0.2 8 0.00033286763937212527 0.4131016135215759
/home/shaoqi/code/SIGN_all/SIGN_data/Kuramoto_1000_power_law_0_0.3 8 0.00045229203533381224 0.566163182258606
/home/shaoqi/code/SIGN_all/SIGN_data/Kuramoto_1000_power_law_0_0.4 8 0.003992857877165079 0.6192638278007507
/home/shaoqi/code/SIGN_all/SIGN_data/Kuramoto_1000_power_law_0_0.5 8 0.002929291920736432 0.6781095862388611
/home/shaoqi/code/SIGN_all/SIGN_data/Kuramoto_1000_power_law_0_0.6 8 0.019838372245430946 0.7180372476577759
/home/shaoqi/code/SIGN_all/SIGN_data/Kuramoto_1000_power_law_0_0.7 8 0.07817739248275757 0.7583180665969849
/home/shaoqi/code/SIGN_all/SIGN_data/Kuramoto_1000_power_law_0_0.8 8 0.014379048720002174 0.7879942655563354
/home/shaoqi/code/SIGN_all/SIGN_data/Kuramoto_1000_power_law_0_0.9 8 0.3412233889102936 0.8171555399894714
/home/shaoqi/code/SIGN_all/SIGN_data/Kuramoto_1000_power_law_0_1.0 8 0.6311314105987549 0.832938015460968
/home/shaoqi/code/SIGN_all/SIGN_data/Kuramoto_1000_power_law_0_0.1 9 0.00022526722750626504 0.39888995885849
/home/shaoqi/code/SIGN_all/SIGN_data/Kuramoto_1000_power_law_0_0.2 9 0.00034022436011582613 0.4131016135215759
/home/shaoqi/code/SIGN_all/SIGN_data/Kuramoto_1000_power_law_0_0.3 9 0.0005895012291148305 0.566163182258606
/home/shaoqi/code/SIGN_all/SIGN_data/Kuramoto_1000_power_law_0_0.4 9 0.005521579645574093 0.6192638278007507
/home/shaoqi/code/SIGN_all/SIGN_data/Kuramoto_1000_power_law_0_0.5 9 0.0037776059471070766 0.6781095862388611
/home/shaoqi/code/SIGN_all/SIGN_data/Kuramoto_1000_power_law_0_0.6 9 0.006197960581630468 0.7180372476577759
/home/shaoqi/code/SIGN_all/SIGN_data/Kuramoto_1000_power_law_0_0.7 9 0.39853474497795105 0.7583180665969849
/home/shaoqi/code/SIGN_all/SIGN_data/Kuramoto_1000_power_law_0_0.8 9 0.0045950463972985744 0.7879942655563354
/home/shaoqi/code/SIGN_all/SIGN_data/Kuramoto_1000_power_law_0_0.9 9 0.4524662494659424 0.8171555399894714
/home/shaoqi/code/SIGN_all/SIGN_data/Kuramoto_1000_power_law_0_1.0 9 0.5103374719619751 0.832938015460968
