/home/shaoqi/code/SIGN_all/SIGN_data/Kuramoto_100000_power_law_0_0.1 0 0.6671318411827087 0.3473363518714905
/home/shaoqi/code/SIGN_all/SIGN_data/Kuramoto_100000_power_law_0_0.2 0 0.666673481464386 0.45259180665016174
/home/shaoqi/code/SIGN_all/SIGN_data/Kuramoto_100000_power_law_0_0.3 0 0.6666730046272278 0.5492379665374756
/home/shaoqi/code/SIGN_all/SIGN_data/Kuramoto_100000_power_law_0_0.4 0 0.6666829586029053 0.6269895434379578
/home/shaoqi/code/SIGN_all/SIGN_data/Kuramoto_100000_power_law_0_0.5 0 0.6667017340660095 0.6841115951538086
/home/shaoqi/code/SIGN_all/SIGN_data/Kuramoto_100000_power_law_0_0.6 0 0.6667285561561584 0.7268595695495605
/home/shaoqi/code/SIGN_all/SIGN_data/Kuramoto_100000_power_law_0_0.7 0 0.6667459607124329 0.7570099830627441
/home/shaoqi/code/SIGN_all/SIGN_data/Kuramoto_100000_power_law_0_0.8 0 0.8000640869140625 0.7833486795425415
/home/shaoqi/code/SIGN_all/SIGN_data/Kuramoto_100000_power_law_0_0.9 0 0.6667120456695557 0.803949236869812
/home/shaoqi/code/SIGN_all/SIGN_data/Kuramoto_100000_power_law_0_1.0 0 0.6668245792388916 0.8233351707458496
/home/shaoqi/code/SIGN_all/SIGN_data/Kuramoto_100000_power_law_0_0.1 1 0.6669333577156067 0.3473363518714905
/home/shaoqi/code/SIGN_all/SIGN_data/Kuramoto_100000_power_law_0_0.2 1 0.6671529412269592 0.45259180665016174
/home/shaoqi/code/SIGN_all/SIGN_data/Kuramoto_100000_power_law_0_0.3 1 0.6666856408119202 0.5492379665374756
/home/shaoqi/code/SIGN_all/SIGN_data/Kuramoto_100000_power_law_0_0.4 1 0.6666848063468933 0.6269895434379578
/home/shaoqi/code/SIGN_all/SIGN_data/Kuramoto_100000_power_law_0_0.5 1 0.6667423844337463 0.6841115951538086
/home/shaoqi/code/SIGN_all/SIGN_data/Kuramoto_100000_power_law_0_0.6 1 0.6666844487190247 0.7268595695495605
/home/shaoqi/code/SIGN_all/SIGN_data/Kuramoto_100000_power_law_0_0.7 1 0.6667832732200623 0.7570099830627441
/home/shaoqi/code/SIGN_all/SIGN_data/Kuramoto_100000_power_law_0_0.8 1 0.8413575887680054 0.7833486795425415
/home/shaoqi/code/SIGN_all/SIGN_data/Kuramoto_100000_power_law_0_0.9 1 0.6667312979698181 0.803949236869812
/home/shaoqi/code/SIGN_all/SIGN_data/Kuramoto_100000_power_law_0_1.0 1 0.7503671646118164 0.8233351707458496
/home/shaoqi/code/SIGN_all/SIGN_data/Kuramoto_100000_power_law_0_0.1 2 0.6666732430458069 0.3473363518714905
/home/shaoqi/code/SIGN_all/SIGN_data/Kuramoto_100000_power_law_0_0.2 2 0.6668837070465088 0.45259180665016174
/home/shaoqi/code/SIGN_all/SIGN_data/Kuramoto_100000_power_law_0_0.3 2 0.6666755676269531 0.5492379665374756
/home/shaoqi/code/SIGN_all/SIGN_data/Kuramoto_100000_power_law_0_0.4 2 0.6667360663414001 0.6269895434379578
/home/shaoqi/code/SIGN_all/SIGN_data/Kuramoto_100000_power_law_0_0.5 2 0.6666813492774963 0.6841115951538086
/home/shaoqi/code/SIGN_all/SIGN_data/Kuramoto_100000_power_law_0_0.6 2 0.6667283177375793 0.7268595695495605
/home/shaoqi/code/SIGN_all/SIGN_data/Kuramoto_100000_power_law_0_0.7 2 0.6668172478675842 0.7570099830627441
/home/shaoqi/code/SIGN_all/SIGN_data/Kuramoto_100000_power_law_0_0.8 2 0.6667817234992981 0.7833486795425415
/home/shaoqi/code/SIGN_all/SIGN_data/Kuramoto_100000_power_law_0_0.9 2 0.666693925857544 0.803949236869812
/home/shaoqi/code/SIGN_all/SIGN_data/Kuramoto_100000_power_law_0_1.0 2 0.8319141268730164 0.8233351707458496
/home/shaoqi/code/SIGN_all/SIGN_data/Kuramoto_100000_power_law_0_0.1 3 0.6666700839996338 0.3473363518714905
/home/shaoqi/code/SIGN_all/SIGN_data/Kuramoto_100000_power_law_0_0.2 3 0.6671549677848816 0.45259180665016174
/home/shaoqi/code/SIGN_all/SIGN_data/Kuramoto_100000_power_law_0_0.3 3 0.6667053699493408 0.5492379665374756
/home/shaoqi/code/SIGN_all/SIGN_data/Kuramoto_100000_power_law_0_0.4 3 0.6667351722717285 0.6269895434379578
/home/shaoqi/code/SIGN_all/SIGN_data/Kuramoto_100000_power_law_0_0.5 3 0.6667075753211975 0.6841115951538086
/home/shaoqi/code/SIGN_all/SIGN_data/Kuramoto_100000_power_law_0_0.6 3 0.6667296886444092 0.7268595695495605
/home/shaoqi/code/SIGN_all/SIGN_data/Kuramoto_100000_power_law_0_0.7 3 0.7502912282943726 0.7570099830627441
/home/shaoqi/code/SIGN_all/SIGN_data/Kuramoto_100000_power_law_0_0.8 3 0.6666685938835144 0.7833486795425415
/home/shaoqi/code/SIGN_all/SIGN_data/Kuramoto_100000_power_law_0_0.9 3 0.6666869521141052 0.803949236869812
/home/shaoqi/code/SIGN_all/SIGN_data/Kuramoto_100000_power_law_0_1.0 3 0.7502772808074951 0.8233351707458496
/home/shaoqi/code/SIGN_all/SIGN_data/Kuramoto_100000_power_law_0_0.1 4 0.6672926545143127 0.3473363518714905
/home/shaoqi/code/SIGN_all/SIGN_data/Kuramoto_100000_power_law_0_0.2 4 0.6668156981468201 0.45259180665016174
/home/shaoqi/code/SIGN_all/SIGN_data/Kuramoto_100000_power_law_0_0.3 4 0.6667177677154541 0.5492379665374756
/home/shaoqi/code/SIGN_all/SIGN_data/Kuramoto_100000_power_law_0_0.4 4 0.6667420268058777 0.6269895434379578
/home/shaoqi/code/SIGN_all/SIGN_data/Kuramoto_100000_power_law_0_0.5 4 0.6666851043701172 0.6841115951538086
/home/shaoqi/code/SIGN_all/SIGN_data/Kuramoto_100000_power_law_0_0.6 4 0.8601411581039429 0.7268595695495605
/home/shaoqi/code/SIGN_all/SIGN_data/Kuramoto_100000_power_law_0_0.7 4 0.6668052077293396 0.7570099830627441
/home/shaoqi/code/SIGN_all/SIGN_data/Kuramoto_100000_power_law_0_0.8 4 0.6666896939277649 0.7833486795425415
/home/shaoqi/code/SIGN_all/SIGN_data/Kuramoto_100000_power_law_0_0.9 4 0.6667852401733398 0.803949236869812
/home/shaoqi/code/SIGN_all/SIGN_data/Kuramoto_100000_power_law_0_1.0 4 0.7504463195800781 0.8233351707458496
/home/shaoqi/code/SIGN_all/SIGN_data/Kuramoto_100000_power_law_0_0.1 0 0.09118793159723282 0.3473363518714905
/home/shaoqi/code/SIGN_all/SIGN_data/Kuramoto_100000_power_law_0_0.2 0 0.023665038868784904 0.45259180665016174
/home/shaoqi/code/SIGN_all/SIGN_data/Kuramoto_100000_power_law_0_0.3 0 0.07853037863969803 0.5492379665374756
/home/shaoqi/code/SIGN_all/SIGN_data/Kuramoto_100000_power_law_0_0.4 0 0.09615889191627502 0.6269895434379578
/home/shaoqi/code/SIGN_all/SIGN_data/Kuramoto_100000_power_law_0_0.5 0 0.08980321884155273 0.6841115951538086
/home/shaoqi/code/SIGN_all/SIGN_data/Kuramoto_100000_power_law_0_0.6 0 0.05718152970075607 0.7268595695495605
/home/shaoqi/code/SIGN_all/SIGN_data/Kuramoto_100000_power_law_0_0.7 0 0.09877587109804153 0.7570099830627441
/home/shaoqi/code/SIGN_all/SIGN_data/Kuramoto_100000_power_law_0_0.5 3 0.7503531575202942 0.6841115951538086
/home/shaoqi/code/SIGN_all/SIGN_data/Kuramoto_100000_power_law_0_0.5 3 0.7501717805862427 0.6841115951538086
/home/shaoqi/code/SIGN_all/SIGN_data/Kuramoto_100000_power_law_0_0.2 3 0.09492652118206024 0.45259180665016174
