/home/shaoqi/code/SIGN_all/SIGN_data/Kuramoto_100000_power_law_0_0.1 0 0.023244554176926613 0.3473363518714905
/home/shaoqi/code/SIGN_all/SIGN_data/Kuramoto_100000_power_law_0_0.2 0 0.6869149208068848 0.45259180665016174
/home/shaoqi/code/SIGN_all/SIGN_data/Kuramoto_100000_power_law_0_0.3 0 0.47662606835365295 0.5492379665374756
/home/shaoqi/code/SIGN_all/SIGN_data/Kuramoto_100000_power_law_0_0.4 0 0.49115321040153503 0.6269895434379578
/home/shaoqi/code/SIGN_all/SIGN_data/Kuramoto_100000_power_law_0_0.5 0 0.47968533635139465 0.6841115951538086
/home/shaoqi/code/SIGN_all/SIGN_data/Kuramoto_100000_power_law_0_0.6 0 0.5017337203025818 0.7268595695495605
/home/shaoqi/code/SIGN_all/SIGN_data/Kuramoto_100000_power_law_0_0.7 0 0.5012702941894531 0.7570099830627441
/home/shaoqi/code/SIGN_all/SIGN_data/Kuramoto_100000_power_law_0_0.8 0 0.21294791996479034 0.7833486795425415
/home/shaoqi/code/SIGN_all/SIGN_data/Kuramoto_100000_power_law_0_0.9 0 0.5073233246803284 0.803949236869812
/home/shaoqi/code/SIGN_all/SIGN_data/Kuramoto_100000_power_law_0_1.0 0 0.507480263710022 0.8233351707458496
/home/shaoqi/code/SIGN_all/SIGN_data/Kuramoto_100000_power_law_0_0.1 1 0.023205354809761047 0.3473363518714905
/home/shaoqi/code/SIGN_all/SIGN_data/Kuramoto_100000_power_law_0_0.2 1 0.09542036801576614 0.45259180665016174
/home/shaoqi/code/SIGN_all/SIGN_data/Kuramoto_100000_power_law_0_0.3 1 0.4609537422657013 0.5492379665374756
/home/shaoqi/code/SIGN_all/SIGN_data/Kuramoto_100000_power_law_0_0.4 1 0.18205977976322174 0.6269895434379578
/home/shaoqi/code/SIGN_all/SIGN_data/Kuramoto_100000_power_law_0_0.5 1 0.4908258020877838 0.6841115951538086
/home/shaoqi/code/SIGN_all/SIGN_data/Kuramoto_100000_power_law_0_0.6 1 0.4981043338775635 0.7268595695495605
/home/shaoqi/code/SIGN_all/SIGN_data/Kuramoto_100000_power_law_0_0.7 1 0.5035647749900818 0.7570099830627441
/home/shaoqi/code/SIGN_all/SIGN_data/Kuramoto_100000_power_law_0_0.8 1 0.4936600923538208 0.7833486795425415
/home/shaoqi/code/SIGN_all/SIGN_data/Kuramoto_100000_power_law_0_0.9 1 0.5496130585670471 0.803949236869812
/home/shaoqi/code/SIGN_all/SIGN_data/Kuramoto_100000_power_law_0_1.0 1 0.6296477913856506 0.8233351707458496
/home/shaoqi/code/SIGN_all/SIGN_data/Kuramoto_100000_power_law_0_0.1 2 0.02303340844810009 0.3473363518714905
/home/shaoqi/code/SIGN_all/SIGN_data/Kuramoto_100000_power_law_0_0.2 2 0.09455201774835587 0.45259180665016174
/home/shaoqi/code/SIGN_all/SIGN_data/Kuramoto_100000_power_law_0_0.3 2 0.46550849080085754 0.5492379665374756
/home/shaoqi/code/SIGN_all/SIGN_data/Kuramoto_100000_power_law_0_0.4 2 0.46585536003112793 0.6269895434379578
/home/shaoqi/code/SIGN_all/SIGN_data/Kuramoto_100000_power_law_0_0.5 2 0.2191670686006546 0.6841115951538086
/home/shaoqi/code/SIGN_all/SIGN_data/Kuramoto_100000_power_law_0_0.6 2 0.49560967087745667 0.7268595695495605
/home/shaoqi/code/SIGN_all/SIGN_data/Kuramoto_100000_power_law_0_0.7 2 0.2167178839445114 0.7570099830627441
/home/shaoqi/code/SIGN_all/SIGN_data/Kuramoto_100000_power_law_0_0.8 2 0.21379859745502472 0.7833486795425415
/home/shaoqi/code/SIGN_all/SIGN_data/Kuramoto_100000_power_law_0_0.9 2 0.22678229212760925 0.803949236869812
/home/shaoqi/code/SIGN_all/SIGN_data/Kuramoto_100000_power_law_0_1.0 2 0.7976031303405762 0.8233351707458496
/home/shaoqi/code/SIGN_all/SIGN_data/Kuramoto_100000_power_law_0_0.1 3 0.02258181944489479 0.3473363518714905
/home/shaoqi/code/SIGN_all/SIGN_data/Kuramoto_100000_power_law_0_0.2 3 0.09587981551885605 0.45259180665016174
/home/shaoqi/code/SIGN_all/SIGN_data/Kuramoto_100000_power_law_0_0.3 3 0.16402122378349304 0.5492379665374756
/home/shaoqi/code/SIGN_all/SIGN_data/Kuramoto_100000_power_law_0_0.4 3 0.4838092625141144 0.6269895434379578
/home/shaoqi/code/SIGN_all/SIGN_data/Kuramoto_100000_power_law_0_0.5 3 0.21974694728851318 0.6841115951538086
/home/shaoqi/code/SIGN_all/SIGN_data/Kuramoto_100000_power_law_0_0.6 3 0.4951777756214142 0.7268595695495605
/home/shaoqi/code/SIGN_all/SIGN_data/Kuramoto_100000_power_law_0_0.7 3 0.20413748919963837 0.7570099830627441
/home/shaoqi/code/SIGN_all/SIGN_data/Kuramoto_100000_power_law_0_0.8 3 0.7437741756439209 0.7833486795425415
/home/shaoqi/code/SIGN_all/SIGN_data/Kuramoto_100000_power_law_0_0.9 3 0.22786253690719604 0.803949236869812
/home/shaoqi/code/SIGN_all/SIGN_data/Kuramoto_100000_power_law_0_1.0 3 0.6016789674758911 0.8233351707458496
/home/shaoqi/code/SIGN_all/SIGN_data/Kuramoto_100000_power_law_0_0.1 4 0.023200536146759987 0.3473363518714905
/home/shaoqi/code/SIGN_all/SIGN_data/Kuramoto_100000_power_law_0_0.2 4 0.09480209648609161 0.45259180665016174
/home/shaoqi/code/SIGN_all/SIGN_data/Kuramoto_100000_power_law_0_0.3 4 0.16451789438724518 0.5492379665374756
/home/shaoqi/code/SIGN_all/SIGN_data/Kuramoto_100000_power_law_0_0.4 4 0.5843750834465027 0.6269895434379578
/home/shaoqi/code/SIGN_all/SIGN_data/Kuramoto_100000_power_law_0_0.5 4 0.21555468440055847 0.6841115951538086
/home/shaoqi/code/SIGN_all/SIGN_data/Kuramoto_100000_power_law_0_0.6 4 0.2179964780807495 0.7268595695495605
/home/shaoqi/code/SIGN_all/SIGN_data/Kuramoto_100000_power_law_0_0.7 4 0.5020948648452759 0.7570099830627441
/home/shaoqi/code/SIGN_all/SIGN_data/Kuramoto_100000_power_law_0_0.8 4 0.49057114124298096 0.7833486795425415
/home/shaoqi/code/SIGN_all/SIGN_data/Kuramoto_100000_power_law_0_0.9 4 0.5051388144493103 0.803949236869812
/home/shaoqi/code/SIGN_all/SIGN_data/Kuramoto_100000_power_law_0_1.0 4 0.4698152244091034 0.8233351707458496
