#####################################################
/home/shaoqi/code/SIGN_all/SIGN_data/Fitz_36692_email 3DGSI
tensor([[ 0.0000, -0.0099,  0.0000,  0.0000,  0.0000,  0.0000,  0.0000,  0.0000,
          0.0000,  0.0000,  0.0000,  0.0000,  0.0000]])
tensor([[ 0.9953,  0.0000,  0.9911, -0.9961,  0.0000,  0.0000, -0.9957,  0.0000,
          0.0000]])
/home/shaoqi/code/SIGN_all/SIGN_data/Fitz_36692_email 3DGSI
-------------------------------- 
--------Testing----------------- 
-------------------------------- 
loss_wc 0.0099013913 	loss_wf 3.8520174026 	loss_mse 0.0012870348 	loss_mape 0.0453728549 	weight_loss_mse 2.5176875591 	loss 2.5176875591 	inference time 1.7296173573 	
wc 0.0000 	 -0.0099 	 0.0000 	 0.0000 	 0.0000 	 0.0000 	 0.0000 	 0.0000 	 0.0000 	 0.0000 	 0.0000 	 0.0000 	 0.0000 	
wf 0.9816 	 0.0000 	 0.9471 	 -0.9854 	 0.0000 	 0.0000 	 -0.9379 	 0.0000 	 0.0000 	
/home/shaoqi/code/SIGN_all/SIGN_data/Fitz_36692_email 3DGSI
tensor([[0., 0., 0., 0., 0., 0., 0., 0., 0., 0., 0., 0., 0.]])
tensor([[ 0.0539,  0.0000,  0.1026, -0.0338,  0.0000,  0.0000,  0.0000,  0.0000,
          0.0000]])
/home/shaoqi/code/SIGN_all/SIGN_data/Fitz_36692_email 3DGSI
-------------------------------- 
--------Testing----------------- 
-------------------------------- 
loss_wf 0.1834992170 	loss_mse 0.0000023347 	loss_mape 0.0015195621 	weight_loss_mse 0.0015974129 	loss 0.0015974129 	inference time 1.6241707802 	
wf 0.0519 	 0.0000 	 0.1000 	 -0.0317 	 0.0000 	 0.0000 	 0.0000 	 0.0000 	 0.0000 	
#################################################
/home/shaoqi/code/SIGN_all/SIGN_data/Fitz_1000_small_world 3DGSI
tensor([[ 0.0000, -0.0073,  0.0000,  0.0000,  0.0000,  0.0000,  0.0000,  0.0000,
          0.0000,  0.0000,  0.0000,  0.0000,  0.0000]])
tensor([[ 0.9976,  0.0000,  0.9934, -0.9968,  0.0000,  0.0000, -0.9973,  0.0000,
          0.0000]])
/home/shaoqi/code/SIGN_all/SIGN_data/Fitz_1000_small_world 3DGSI
-------------------------------- 
--------Testing----------------- 
-------------------------------- 
loss_wc 0.0095920479 	loss_wf 4.0477156639 	loss_mse 0.0000618445 	loss_mape 0.0305909161 	weight_loss_mse 0.0241277479 	loss 0.0241277479 	inference time 0.8874220848 	
wc 0.0000 	 -0.0096 	 0.0000 	 0.0000 	 0.0000 	 0.0000 	 0.0000 	 0.0000 	 0.0000 	 0.0000 	 0.0000 	 0.0000 	 0.0000 	
wf 1.0135 	 0.0000 	 1.0094 	 -1.0139 	 0.0000 	 0.0000 	 -1.0109 	 0.0000 	 0.0000 	
/home/shaoqi/code/SIGN_all/SIGN_data/Fitz_1000_small_world 3DGSI
tensor([[0., 0., 0., 0., 0., 0., 0., 0., 0., 0., 0., 0., 0.]])
tensor([[ 0.0549,  0.0000,  0.1049, -0.0350,  0.0000,  0.0000,  0.0000,  0.0000,
          0.0000]])
/home/shaoqi/code/SIGN_all/SIGN_data/Fitz_1000_small_world 3DGSI
-------------------------------- 
--------Testing----------------- 
-------------------------------- 
loss_wf 0.1845993400 	loss_mse 0.0000019810 	loss_mape 0.0013444423 	weight_loss_mse 0.0008276334 	loss 0.0008276334 	inference time 0.8977625370 	
wf 0.0525 	 0.0000 	 0.0996 	 -0.0325 	 0.0000 	 0.0000 	 0.0000 	 0.0000 	 0.0000 	
/home/shaoqi/code/SIGN_all/SIGN_data/Fitz_100000_small_world 3DGSI
tensor([[ 0.0000, -0.0079,  0.0000,  0.0000,  0.0000,  0.0000,  0.0000,  0.0000,
          0.0000,  0.0000,  0.0000,  0.0000,  0.0000]])
tensor([[ 0.9968,  0.0000,  0.9931, -0.9963,  0.0000,  0.0000, -0.9971,  0.0000,
          0.0000]])
/home/shaoqi/code/SIGN_all/SIGN_data/Fitz_100000_small_world 3DGSI
-------------------------------- 
--------Testing----------------- 
-------------------------------- 
loss_wc 0.0096366368 	loss_wf 4.0503678322 	loss_mse 0.0000613719 	loss_mape 0.0280186273 	weight_loss_mse 0.0208784398 	loss 0.0208784398 	inference time 1.7267489433 	
wc 0.0000 	 -0.0096 	 0.0000 	 0.0000 	 0.0000 	 0.0000 	 0.0000 	 0.0000 	 0.0000 	 0.0000 	 0.0000 	 0.0000 	 0.0000 	
wf 1.0137 	 0.0000 	 1.0099 	 -1.0147 	 0.0000 	 0.0000 	 -1.0120 	 0.0000 	 0.0000 	
/home/shaoqi/code/SIGN_all/SIGN_data/Fitz_100000_small_world 3DGSI
tensor([[0., 0., 0., 0., 0., 0., 0., 0., 0., 0., 0., 0., 0.]])
tensor([[ 0.0549,  0.0000,  0.1048, -0.0349,  0.0000,  0.0000,  0.0000,  0.0000,
          0.0000]])
/home/shaoqi/code/SIGN_all/SIGN_data/Fitz_100000_small_world 3DGSI
-------------------------------- 
--------Testing----------------- 
-------------------------------- 
loss_wf 0.1846295893 	loss_mse 0.0000019657 	loss_mape 0.0013345415 	weight_loss_mse 0.0008236802 	loss 0.0008236802 	inference time 1.8645529747 	
wf 0.0524 	 0.0000 	 0.0996 	 -0.0325 	 0.0000 	 0.0000 	 0.0000 	 0.0000 	 0.0000 	
