/home/shaoqi/code/SIGN_all/SIGN_data/Kuramoto_100000_power_law_0.01_0.1 5 0.042840857058763504
/home/shaoqi/code/SIGN_all/SIGN_data/Kuramoto_100000_power_law_0.02_0.1 5 0.02106901817023754
/home/shaoqi/code/SIGN_all/SIGN_data/Kuramoto_100000_power_law_0.03_0.1 5 0.0630752220749855
/home/shaoqi/code/SIGN_all/SIGN_data/Kuramoto_100000_power_law_0.04_0.1 5 0.3922194540500641
/home/shaoqi/code/SIGN_all/SIGN_data/Kuramoto_100000_power_law_0.05_0.1 5 0.39487025141716003
/home/shaoqi/code/SIGN_all/SIGN_data/Kuramoto_100000_power_law_0.06_0.1 5 0.38765135407447815
/home/shaoqi/code/SIGN_all/SIGN_data/Kuramoto_100000_power_law_0.07_0.1 5 0.14055661857128143
/home/shaoqi/code/SIGN_all/SIGN_data/Kuramoto_100000_power_law_0.08_0.1 5 0.4246773421764374
/home/shaoqi/code/SIGN_all/SIGN_data/Kuramoto_100000_power_law_0.09_0.1 5 0.4405911862850189
/home/shaoqi/code/SIGN_all/SIGN_data/Kuramoto_100000_power_law_0.1_0.1 5 0.4595462381839752
/home/shaoqi/code/SIGN_all/SIGN_data/Kuramoto_100000_power_law_0.11_0.1 5 0.47611820697784424
/home/shaoqi/code/SIGN_all/SIGN_data/Kuramoto_100000_power_law_0.12_0.1 5 0.48884496092796326
/home/shaoqi/code/SIGN_all/SIGN_data/Kuramoto_100000_power_law_0.13_0.1 5 0.49316415190696716
/home/shaoqi/code/SIGN_all/SIGN_data/Kuramoto_100000_power_law_0.14_0.1 5 0.5062374472618103
/home/shaoqi/code/SIGN_all/SIGN_data/Kuramoto_100000_power_law_0.15_0.1 5 0.5163173675537109
/home/shaoqi/code/SIGN_all/SIGN_data/Kuramoto_100000_power_law_0.16_0.1 5 0.5257119536399841
/home/shaoqi/code/SIGN_all/SIGN_data/Kuramoto_100000_power_law_0.17_0.1 5 0.5376622676849365
/home/shaoqi/code/SIGN_all/SIGN_data/Kuramoto_100000_power_law_0.18_0.1 5 0.5018980503082275
/home/shaoqi/code/SIGN_all/SIGN_data/Kuramoto_100000_power_law_0.19_0.1 5 0.5516850352287292
/home/shaoqi/code/SIGN_all/SIGN_data/Kuramoto_100000_power_law_0.2_0.1 5 0.2440369427204132
/home/shaoqi/code/SIGN_all/SIGN_data/Kuramoto_100000_power_law_0.21_0.1 5 0.5956006646156311
/home/shaoqi/code/SIGN_all/SIGN_data/Kuramoto_100000_power_law_0.22_0.1 5 0.26191532611846924
/home/shaoqi/code/SIGN_all/SIGN_data/Kuramoto_100000_power_law_0.23_0.1 5 0.6035895943641663
/home/shaoqi/code/SIGN_all/SIGN_data/Kuramoto_100000_power_law_0.24_0.1 5 0.36780649423599243
/home/shaoqi/code/SIGN_all/SIGN_data/Kuramoto_100000_power_law_0.25_0.1 5 0.37360090017318726
/home/shaoqi/code/SIGN_all/SIGN_data/Kuramoto_100000_power_law_0.26_0.1 5 0.6207654476165771
/home/shaoqi/code/SIGN_all/SIGN_data/Kuramoto_100000_power_law_0.27_0.1 5 0.65391606092453
/home/shaoqi/code/SIGN_all/SIGN_data/Kuramoto_100000_power_law_0.28_0.1 5 0.6641451716423035
/home/shaoqi/code/SIGN_all/SIGN_data/Kuramoto_100000_power_law_0.29_0.1 5 0.6609976291656494
/home/shaoqi/code/SIGN_all/SIGN_data/Kuramoto_100000_power_law_0.3_0.1 5 0.6768516898155212
/home/shaoqi/code/SIGN_all/SIGN_data/Kuramoto_100000_power_law_0.01_0.1 6 0.04256909340620041
/home/shaoqi/code/SIGN_all/SIGN_data/Kuramoto_100000_power_law_0.02_0.1 6 0.017646072432398796
/home/shaoqi/code/SIGN_all/SIGN_data/Kuramoto_100000_power_law_0.03_0.1 6 0.0663033127784729
/home/shaoqi/code/SIGN_all/SIGN_data/Kuramoto_100000_power_law_0.04_0.1 6 0.08524279296398163
/home/shaoqi/code/SIGN_all/SIGN_data/Kuramoto_100000_power_law_0.05_0.1 6 0.3978170156478882
/home/shaoqi/code/SIGN_all/SIGN_data/Kuramoto_100000_power_law_0.06_0.1 6 0.387732595205307
/home/shaoqi/code/SIGN_all/SIGN_data/Kuramoto_100000_power_law_0.07_0.1 6 0.42158564925193787
/home/shaoqi/code/SIGN_all/SIGN_data/Kuramoto_100000_power_law_0.08_0.1 6 0.42442700266838074
/home/shaoqi/code/SIGN_all/SIGN_data/Kuramoto_100000_power_law_0.09_0.1 6 0.43613648414611816
/home/shaoqi/code/SIGN_all/SIGN_data/Kuramoto_100000_power_law_0.1_0.1 6 0.45744314789772034
/home/shaoqi/code/SIGN_all/SIGN_data/Kuramoto_100000_power_law_0.11_0.1 6 0.4757080376148224
/home/shaoqi/code/SIGN_all/SIGN_data/Kuramoto_100000_power_law_0.12_0.1 6 0.4862695634365082
/home/shaoqi/code/SIGN_all/SIGN_data/Kuramoto_100000_power_law_0.13_0.1 6 0.49328482151031494
/home/shaoqi/code/SIGN_all/SIGN_data/Kuramoto_100000_power_law_0.14_0.1 6 0.505057156085968
/home/shaoqi/code/SIGN_all/SIGN_data/Kuramoto_100000_power_law_0.15_0.1 6 0.5196104645729065
/home/shaoqi/code/SIGN_all/SIGN_data/Kuramoto_100000_power_law_0.16_0.1 6 0.5289186239242554
/home/shaoqi/code/SIGN_all/SIGN_data/Kuramoto_100000_power_law_0.17_0.1 6 0.5373299717903137
/home/shaoqi/code/SIGN_all/SIGN_data/Kuramoto_100000_power_law_0.18_0.1 6 0.5450050830841064
/home/shaoqi/code/SIGN_all/SIGN_data/Kuramoto_100000_power_law_0.19_0.1 6 0.32726138830184937
/home/shaoqi/code/SIGN_all/SIGN_data/Kuramoto_100000_power_law_0.2_0.1 6 0.5842143893241882
/home/shaoqi/code/SIGN_all/SIGN_data/Kuramoto_100000_power_law_0.21_0.1 6 0.3000930845737457
/home/shaoqi/code/SIGN_all/SIGN_data/Kuramoto_100000_power_law_0.22_0.1 6 0.2942577004432678
/home/shaoqi/code/SIGN_all/SIGN_data/Kuramoto_100000_power_law_0.23_0.1 6 0.5062275528907776
/home/shaoqi/code/SIGN_all/SIGN_data/Kuramoto_100000_power_law_0.24_0.1 6 0.534038782119751
/home/shaoqi/code/SIGN_all/SIGN_data/Kuramoto_100000_power_law_0.25_0.1 6 0.6246894001960754
/home/shaoqi/code/SIGN_all/SIGN_data/Kuramoto_100000_power_law_0.26_0.1 6 0.6266829371452332
/home/shaoqi/code/SIGN_all/SIGN_data/Kuramoto_100000_power_law_0.27_0.1 6 0.6336313486099243
/home/shaoqi/code/SIGN_all/SIGN_data/Kuramoto_100000_power_law_0.28_0.1 6 0.5681014657020569
/home/shaoqi/code/SIGN_all/SIGN_data/Kuramoto_100000_power_law_0.29_0.1 6 0.5290048718452454
/home/shaoqi/code/SIGN_all/SIGN_data/Kuramoto_100000_power_law_0.3_0.1 6 0.6752200126647949
/home/shaoqi/code/SIGN_all/SIGN_data/Kuramoto_100000_power_law_0.01_0.1 7 0.042923685163259506
/home/shaoqi/code/SIGN_all/SIGN_data/Kuramoto_100000_power_law_0.02_0.1 7 0.017810620367527008
/home/shaoqi/code/SIGN_all/SIGN_data/Kuramoto_100000_power_law_0.03_0.1 7 0.37810075283050537
/home/shaoqi/code/SIGN_all/SIGN_data/Kuramoto_100000_power_law_0.04_0.1 7 0.08663830161094666
/home/shaoqi/code/SIGN_all/SIGN_data/Kuramoto_100000_power_law_0.05_0.1 7 0.0967339426279068
/home/shaoqi/code/SIGN_all/SIGN_data/Kuramoto_100000_power_law_0.06_0.1 7 0.08637343347072601
/home/shaoqi/code/SIGN_all/SIGN_data/Kuramoto_100000_power_law_0.07_0.1 7 0.4283667504787445
/home/shaoqi/code/SIGN_all/SIGN_data/Kuramoto_100000_power_law_0.08_0.1 7 0.4199344217777252
/home/shaoqi/code/SIGN_all/SIGN_data/Kuramoto_100000_power_law_0.09_0.1 7 0.43636488914489746
/home/shaoqi/code/SIGN_all/SIGN_data/Kuramoto_100000_power_law_0.1_0.1 7 0.45981964468955994
/home/shaoqi/code/SIGN_all/SIGN_data/Kuramoto_100000_power_law_0.11_0.1 7 0.4732119143009186
/home/shaoqi/code/SIGN_all/SIGN_data/Kuramoto_100000_power_law_0.12_0.1 7 0.4797269403934479
/home/shaoqi/code/SIGN_all/SIGN_data/Kuramoto_100000_power_law_0.13_0.1 7 0.49838340282440186
/home/shaoqi/code/SIGN_all/SIGN_data/Kuramoto_100000_power_law_0.14_0.1 7 0.5056052207946777
/home/shaoqi/code/SIGN_all/SIGN_data/Kuramoto_100000_power_law_0.15_0.1 7 0.51594477891922
/home/shaoqi/code/SIGN_all/SIGN_data/Kuramoto_100000_power_law_0.16_0.1 7 0.5268111824989319
/home/shaoqi/code/SIGN_all/SIGN_data/Kuramoto_100000_power_law_0.17_0.1 7 0.30052632093429565
/home/shaoqi/code/SIGN_all/SIGN_data/Kuramoto_100000_power_law_0.18_0.1 7 0.31334352493286133
/home/shaoqi/code/SIGN_all/SIGN_data/Kuramoto_100000_power_law_0.19_0.1 7 0.49010980129241943
/home/shaoqi/code/SIGN_all/SIGN_data/Kuramoto_100000_power_law_0.2_0.1 7 0.3342493772506714
/home/shaoqi/code/SIGN_all/SIGN_data/Kuramoto_100000_power_law_0.21_0.1 7 0.28926607966423035
/home/shaoqi/code/SIGN_all/SIGN_data/Kuramoto_100000_power_law_0.22_0.1 7 0.28927770256996155
/home/shaoqi/code/SIGN_all/SIGN_data/Kuramoto_100000_power_law_0.23_0.1 7 0.4993191063404083
/home/shaoqi/code/SIGN_all/SIGN_data/Kuramoto_100000_power_law_0.24_0.1 7 0.6205896735191345
/home/shaoqi/code/SIGN_all/SIGN_data/Kuramoto_100000_power_law_0.25_0.1 7 0.6301183104515076
/home/shaoqi/code/SIGN_all/SIGN_data/Kuramoto_100000_power_law_0.26_0.1 7 0.6282057762145996
/home/shaoqi/code/SIGN_all/SIGN_data/Kuramoto_100000_power_law_0.27_0.1 7 0.633919358253479
/home/shaoqi/code/SIGN_all/SIGN_data/Kuramoto_100000_power_law_0.28_0.1 7 0.5236643552780151
/home/shaoqi/code/SIGN_all/SIGN_data/Kuramoto_100000_power_law_0.29_0.1 7 0.6617892384529114
/home/shaoqi/code/SIGN_all/SIGN_data/Kuramoto_100000_power_law_0.3_0.1 7 0.6807933449745178
/home/shaoqi/code/SIGN_all/SIGN_data/Kuramoto_100000_power_law_0.01_0.1 8 0.041525643318891525
/home/shaoqi/code/SIGN_all/SIGN_data/Kuramoto_100000_power_law_0.02_0.1 8 0.022101346403360367
/home/shaoqi/code/SIGN_all/SIGN_data/Kuramoto_100000_power_law_0.03_0.1 8 0.06793855130672455
/home/shaoqi/code/SIGN_all/SIGN_data/Kuramoto_100000_power_law_0.04_0.1 8 0.08674966543912888
/home/shaoqi/code/SIGN_all/SIGN_data/Kuramoto_100000_power_law_0.05_0.1 8 0.3961690366268158
/home/shaoqi/code/SIGN_all/SIGN_data/Kuramoto_100000_power_law_0.06_0.1 8 0.3891061544418335
/home/shaoqi/code/SIGN_all/SIGN_data/Kuramoto_100000_power_law_0.07_0.1 8 0.42652109265327454
/home/shaoqi/code/SIGN_all/SIGN_data/Kuramoto_100000_power_law_0.08_0.1 8 0.4230908155441284
/home/shaoqi/code/SIGN_all/SIGN_data/Kuramoto_100000_power_law_0.09_0.1 8 0.4360421597957611
/home/shaoqi/code/SIGN_all/SIGN_data/Kuramoto_100000_power_law_0.1_0.1 8 0.45167064666748047
/home/shaoqi/code/SIGN_all/SIGN_data/Kuramoto_100000_power_law_0.11_0.1 8 0.2193285971879959
/home/shaoqi/code/SIGN_all/SIGN_data/Kuramoto_100000_power_law_0.12_0.1 8 0.4798460006713867
/home/shaoqi/code/SIGN_all/SIGN_data/Kuramoto_100000_power_law_0.13_0.1 8 0.49303731322288513
/home/shaoqi/code/SIGN_all/SIGN_data/Kuramoto_100000_power_law_0.14_0.1 8 0.5050421357154846
/home/shaoqi/code/SIGN_all/SIGN_data/Kuramoto_100000_power_law_0.15_0.1 8 0.5163764953613281
/home/shaoqi/code/SIGN_all/SIGN_data/Kuramoto_100000_power_law_0.16_0.1 8 0.5257349610328674
/home/shaoqi/code/SIGN_all/SIGN_data/Kuramoto_100000_power_law_0.17_0.1 8 0.5368228554725647
/home/shaoqi/code/SIGN_all/SIGN_data/Kuramoto_100000_power_law_0.18_0.1 8 0.5453140735626221
/home/shaoqi/code/SIGN_all/SIGN_data/Kuramoto_100000_power_law_0.19_0.1 8 0.32645946741104126
/home/shaoqi/code/SIGN_all/SIGN_data/Kuramoto_100000_power_law_0.2_0.1 8 0.3367062211036682
/home/shaoqi/code/SIGN_all/SIGN_data/Kuramoto_100000_power_law_0.21_0.1 8 0.2845398783683777
/home/shaoqi/code/SIGN_all/SIGN_data/Kuramoto_100000_power_law_0.22_0.1 8 0.30003592371940613
/home/shaoqi/code/SIGN_all/SIGN_data/Kuramoto_100000_power_law_0.23_0.1 8 0.5068398714065552
/home/shaoqi/code/SIGN_all/SIGN_data/Kuramoto_100000_power_law_0.24_0.1 8 0.28117311000823975
/home/shaoqi/code/SIGN_all/SIGN_data/Kuramoto_100000_power_law_0.25_0.1 8 0.5024027824401855
/home/shaoqi/code/SIGN_all/SIGN_data/Kuramoto_100000_power_law_0.26_0.1 8 0.6239745020866394
/home/shaoqi/code/SIGN_all/SIGN_data/Kuramoto_100000_power_law_0.27_0.1 8 0.5443934798240662
/home/shaoqi/code/SIGN_all/SIGN_data/Kuramoto_100000_power_law_0.28_0.1 8 0.5521003603935242
/home/shaoqi/code/SIGN_all/SIGN_data/Kuramoto_100000_power_law_0.29_0.1 8 0.6482983231544495
/home/shaoqi/code/SIGN_all/SIGN_data/Kuramoto_100000_power_law_0.3_0.1 8 0.6916220784187317
/home/shaoqi/code/SIGN_all/SIGN_data/Kuramoto_100000_power_law_0.01_0.1 9 0.04392744228243828
/home/shaoqi/code/SIGN_all/SIGN_data/Kuramoto_100000_power_law_0.02_0.1 9 0.02074800245463848
/home/shaoqi/code/SIGN_all/SIGN_data/Kuramoto_100000_power_law_0.03_0.1 9 0.3783840239048004
/home/shaoqi/code/SIGN_all/SIGN_data/Kuramoto_100000_power_law_0.04_0.1 9 0.08933649212121964
/home/shaoqi/code/SIGN_all/SIGN_data/Kuramoto_100000_power_law_0.05_0.1 9 0.39930975437164307
/home/shaoqi/code/SIGN_all/SIGN_data/Kuramoto_100000_power_law_0.06_0.1 9 0.38826611638069153
/home/shaoqi/code/SIGN_all/SIGN_data/Kuramoto_100000_power_law_0.07_0.1 9 0.42684459686279297
/home/shaoqi/code/SIGN_all/SIGN_data/Kuramoto_100000_power_law_0.08_0.1 9 0.41952720284461975
/home/shaoqi/code/SIGN_all/SIGN_data/Kuramoto_100000_power_law_0.09_0.1 9 0.43715715408325195
/home/shaoqi/code/SIGN_all/SIGN_data/Kuramoto_100000_power_law_0.1_0.1 9 0.4611099660396576
/home/shaoqi/code/SIGN_all/SIGN_data/Kuramoto_100000_power_law_0.11_0.1 9 0.4714537560939789
/home/shaoqi/code/SIGN_all/SIGN_data/Kuramoto_100000_power_law_0.12_0.1 9 0.48006701469421387
/home/shaoqi/code/SIGN_all/SIGN_data/Kuramoto_100000_power_law_0.13_0.1 9 0.49617817997932434
/home/shaoqi/code/SIGN_all/SIGN_data/Kuramoto_100000_power_law_0.14_0.1 9 0.5113353729248047
/home/shaoqi/code/SIGN_all/SIGN_data/Kuramoto_100000_power_law_0.15_0.1 9 0.5163173675537109
/home/shaoqi/code/SIGN_all/SIGN_data/Kuramoto_100000_power_law_0.16_0.1 9 0.5282449722290039
/home/shaoqi/code/SIGN_all/SIGN_data/Kuramoto_100000_power_law_0.17_0.1 9 0.5365307927131653
/home/shaoqi/code/SIGN_all/SIGN_data/Kuramoto_100000_power_law_0.18_0.1 9 0.28293073177337646
/home/shaoqi/code/SIGN_all/SIGN_data/Kuramoto_100000_power_law_0.19_0.1 9 0.5035245418548584
/home/shaoqi/code/SIGN_all/SIGN_data/Kuramoto_100000_power_law_0.2_0.1 9 0.30348047614097595
/home/shaoqi/code/SIGN_all/SIGN_data/Kuramoto_100000_power_law_0.21_0.1 9 0.5334493517875671
/home/shaoqi/code/SIGN_all/SIGN_data/Kuramoto_100000_power_law_0.22_0.1 9 0.3015038073062897
/home/shaoqi/code/SIGN_all/SIGN_data/Kuramoto_100000_power_law_0.23_0.1 9 0.5000594854354858
/home/shaoqi/code/SIGN_all/SIGN_data/Kuramoto_100000_power_law_0.24_0.1 9 0.614035427570343
/home/shaoqi/code/SIGN_all/SIGN_data/Kuramoto_100000_power_law_0.25_0.1 9 0.6413607001304626
/home/shaoqi/code/SIGN_all/SIGN_data/Kuramoto_100000_power_law_0.26_0.1 9 0.626007080078125
/home/shaoqi/code/SIGN_all/SIGN_data/Kuramoto_100000_power_law_0.27_0.1 9 0.5317606329917908
/home/shaoqi/code/SIGN_all/SIGN_data/Kuramoto_100000_power_law_0.28_0.1 9 0.5900835990905762
/home/shaoqi/code/SIGN_all/SIGN_data/Kuramoto_100000_power_law_0.29_0.1 9 0.6682503819465637
/home/shaoqi/code/SIGN_all/SIGN_data/Kuramoto_100000_power_law_0.3_0.1 9 0.6714558005332947
