
/home/shaoqi/code/SIGN_all/SIGN_data/Kuramoto_1000_power_law_0.03 0 0.013001584447920322
/home/shaoqi/code/SIGN_all/SIGN_data/Kuramoto_1000_power_law_0.06 0 0.39004576206207275
/home/shaoqi/code/SIGN_all/SIGN_data/Kuramoto_1000_power_law_0.09 0 0.4980359971523285
/home/shaoqi/code/SIGN_all/SIGN_data/Kuramoto_1000_power_law_0.12 0 0.19017158448696136
/home/shaoqi/code/SIGN_all/SIGN_data/Kuramoto_1000_power_law_0.15 0 0.3131530284881592
/home/shaoqi/code/SIGN_all/SIGN_data/Kuramoto_1000_power_law_0.18 0 0.32240065932273865
/home/shaoqi/code/SIGN_all/SIGN_data/Kuramoto_1000_power_law_0.21 0 0.35039398074150085
/home/shaoqi/code/SIGN_all/SIGN_data/Kuramoto_1000_power_law_0.24 0 0.8618001937866211
/home/shaoqi/code/SIGN_all/SIGN_data/Kuramoto_1000_power_law_0.27 0 0.7266908884048462
/home/shaoqi/code/SIGN_all/SIGN_data/Kuramoto_1000_power_law_0.3 0 0.6543892621994019
/home/shaoqi/code/SIGN_all/SIGN_data/Kuramoto_1000_power_law_0.03 1 0.012565724551677704
/home/shaoqi/code/SIGN_all/SIGN_data/Kuramoto_1000_power_law_0.06 1 0.37584102153778076
/home/shaoqi/code/SIGN_all/SIGN_data/Kuramoto_1000_power_law_0.09 1 0.48439595103263855
/home/shaoqi/code/SIGN_all/SIGN_data/Kuramoto_1000_power_law_0.12 1 0.23304183781147003
/home/shaoqi/code/SIGN_all/SIGN_data/Kuramoto_1000_power_law_0.15 1 0.26493310928344727
/home/shaoqi/code/SIGN_all/SIGN_data/Kuramoto_1000_power_law_0.18 1 0.32530203461647034
/home/shaoqi/code/SIGN_all/SIGN_data/Kuramoto_1000_power_law_0.21 1 0.3472476899623871
/home/shaoqi/code/SIGN_all/SIGN_data/Kuramoto_1000_power_law_0.24 1 0.541294276714325
/home/shaoqi/code/SIGN_all/SIGN_data/Kuramoto_1000_power_law_0.27 1 0.5960175395011902
/home/shaoqi/code/SIGN_all/SIGN_data/Kuramoto_1000_power_law_0.3 1 0.5162344574928284
/home/shaoqi/code/SIGN_all/SIGN_data/Kuramoto_1000_power_law_0.03 2 0.01207839697599411
/home/shaoqi/code/SIGN_all/SIGN_data/Kuramoto_1000_power_law_0.06 2 0.3761295974254608
/home/shaoqi/code/SIGN_all/SIGN_data/Kuramoto_1000_power_law_0.09 2 0.6083402633666992
/home/shaoqi/code/SIGN_all/SIGN_data/Kuramoto_1000_power_law_0.12 2 0.2085772603750229
/home/shaoqi/code/SIGN_all/SIGN_data/Kuramoto_1000_power_law_0.15 2 0.2681419849395752
/home/shaoqi/code/SIGN_all/SIGN_data/Kuramoto_1000_power_law_0.18 2 0.3193008005619049
/home/shaoqi/code/SIGN_all/SIGN_data/Kuramoto_1000_power_law_0.21 2 0.3521055281162262
/home/shaoqi/code/SIGN_all/SIGN_data/Kuramoto_1000_power_law_0.24 2 0.2810739576816559
/home/shaoqi/code/SIGN_all/SIGN_data/Kuramoto_1000_power_law_0.27 2 0.7022446393966675
/home/shaoqi/code/SIGN_all/SIGN_data/Kuramoto_1000_power_law_0.3 2 0.6449922323226929
/home/shaoqi/code/SIGN_all/SIGN_data/Kuramoto_1000_power_law_0.03 3 0.011518198996782303
/home/shaoqi/code/SIGN_all/SIGN_data/Kuramoto_1000_power_law_0.06 3 0.37600281834602356
/home/shaoqi/code/SIGN_all/SIGN_data/Kuramoto_1000_power_law_0.09 3 0.4543761909008026
/home/shaoqi/code/SIGN_all/SIGN_data/Kuramoto_1000_power_law_0.12 3 0.19226332008838654
/home/shaoqi/code/SIGN_all/SIGN_data/Kuramoto_1000_power_law_0.15 3 0.3048512637615204
/home/shaoqi/code/SIGN_all/SIGN_data/Kuramoto_1000_power_law_0.18 3 0.31764811277389526
/home/shaoqi/code/SIGN_all/SIGN_data/Kuramoto_1000_power_law_0.21 3 0.2792550027370453
/home/shaoqi/code/SIGN_all/SIGN_data/Kuramoto_1000_power_law_0.24 3 0.3638205826282501
/home/shaoqi/code/SIGN_all/SIGN_data/Kuramoto_1000_power_law_0.27 3 0.6376412510871887
/home/shaoqi/code/SIGN_all/SIGN_data/Kuramoto_1000_power_law_0.3 3 0.46231868863105774
/home/shaoqi/code/SIGN_all/SIGN_data/Kuramoto_1000_power_law_0.03 4 0.01133686676621437
/home/shaoqi/code/SIGN_all/SIGN_data/Kuramoto_1000_power_law_0.06 4 0.07739713788032532
/home/shaoqi/code/SIGN_all/SIGN_data/Kuramoto_1000_power_law_0.09 4 0.17503675818443298
/home/shaoqi/code/SIGN_all/SIGN_data/Kuramoto_1000_power_law_0.12 4 0.19622847437858582
/home/shaoqi/code/SIGN_all/SIGN_data/Kuramoto_1000_power_law_0.15 4 0.27485209703445435
/home/shaoqi/code/SIGN_all/SIGN_data/Kuramoto_1000_power_law_0.18 4 0.31956690549850464
/home/shaoqi/code/SIGN_all/SIGN_data/Kuramoto_1000_power_law_0.21 4 0.3503745496273041
/home/shaoqi/code/SIGN_all/SIGN_data/Kuramoto_1000_power_law_0.24 4 0.26138219237327576
/home/shaoqi/code/SIGN_all/SIGN_data/Kuramoto_1000_power_law_0.27 4 0.4733218848705292
/home/shaoqi/code/SIGN_all/SIGN_data/Kuramoto_1000_power_law_0.3 4 0.6999180316925049
#########################################
/home/shaoqi/code/SIGN_all/SIGN_data/Kuramoto_1000_power_law_0.01 5 0.0007523454260081053
/home/shaoqi/code/SIGN_all/SIGN_data/Kuramoto_1000_power_law_0.02 5 0.006186391226947308
/home/shaoqi/code/SIGN_all/SIGN_data/Kuramoto_1000_power_law_0.03 5 0.012574762105941772
/home/shaoqi/code/SIGN_all/SIGN_data/Kuramoto_1000_power_law_0.04 5 0.024878470227122307
/home/shaoqi/code/SIGN_all/SIGN_data/Kuramoto_1000_power_law_0.05 5 0.038649268448352814
/home/shaoqi/code/SIGN_all/SIGN_data/Kuramoto_1000_power_law_0.06 5 0.44888532161712646
/home/shaoqi/code/SIGN_all/SIGN_data/Kuramoto_1000_power_law_0.07 5 0.39265021681785583
/home/shaoqi/code/SIGN_all/SIGN_data/Kuramoto_1000_power_law_0.08 5 0.3998260796070099
/home/shaoqi/code/SIGN_all/SIGN_data/Kuramoto_1000_power_law_0.09 5 0.668247640132904
/home/shaoqi/code/SIGN_all/SIGN_data/Kuramoto_1000_power_law_0.1 5 0.25847601890563965
/home/shaoqi/code/SIGN_all/SIGN_data/Kuramoto_1000_power_law_0.11 5 0.2142753005027771
/home/shaoqi/code/SIGN_all/SIGN_data/Kuramoto_1000_power_law_0.12 5 0.22267146408557892
/home/shaoqi/code/SIGN_all/SIGN_data/Kuramoto_1000_power_law_0.13 5 0.22513362765312195
/home/shaoqi/code/SIGN_all/SIGN_data/Kuramoto_1000_power_law_0.14 5 0.4919755458831787
/home/shaoqi/code/SIGN_all/SIGN_data/Kuramoto_1000_power_law_0.15 5 0.25778523087501526
/home/shaoqi/code/SIGN_all/SIGN_data/Kuramoto_1000_power_law_0.16 5 0.2830060124397278
/home/shaoqi/code/SIGN_all/SIGN_data/Kuramoto_1000_power_law_0.17 5 0.31301990151405334
/home/shaoqi/code/SIGN_all/SIGN_data/Kuramoto_1000_power_law_0.18 5 0.3190068006515503
/home/shaoqi/code/SIGN_all/SIGN_data/Kuramoto_1000_power_law_0.19 5 0.2731601297855377
/home/shaoqi/code/SIGN_all/SIGN_data/Kuramoto_1000_power_law_0.2 5 0.31633931398391724
/home/shaoqi/code/SIGN_all/SIGN_data/Kuramoto_1000_power_law_0.21 5 0.35024458169937134
/home/shaoqi/code/SIGN_all/SIGN_data/Kuramoto_1000_power_law_0.22 5 0.35786202549934387
/home/shaoqi/code/SIGN_all/SIGN_data/Kuramoto_1000_power_law_0.23 5 0.5320385098457336
/home/shaoqi/code/SIGN_all/SIGN_data/Kuramoto_1000_power_law_0.24 5 0.2616333067417145
/home/shaoqi/code/SIGN_all/SIGN_data/Kuramoto_1000_power_law_0.25 5 0.4887552261352539
/home/shaoqi/code/SIGN_all/SIGN_data/Kuramoto_1000_power_law_0.26 5 0.20628929138183594
/home/shaoqi/code/SIGN_all/SIGN_data/Kuramoto_1000_power_law_0.27 5 0.4739242494106293
/home/shaoqi/code/SIGN_all/SIGN_data/Kuramoto_1000_power_law_0.28 5 0.7292399406433105
/home/shaoqi/code/SIGN_all/SIGN_data/Kuramoto_1000_power_law_0.29 5 0.5577028393745422
/home/shaoqi/code/SIGN_all/SIGN_data/Kuramoto_1000_power_law_0.3 5 0.7562154531478882
/home/shaoqi/code/SIGN_all/SIGN_data/Kuramoto_1000_power_law_0.01 6 0.0010509908897802234
/home/shaoqi/code/SIGN_all/SIGN_data/Kuramoto_1000_power_law_0.02 6 0.0063246372155845165
/home/shaoqi/code/SIGN_all/SIGN_data/Kuramoto_1000_power_law_0.03 6 0.011800076812505722
/home/shaoqi/code/SIGN_all/SIGN_data/Kuramoto_1000_power_law_0.04 6 0.026932762935757637
/home/shaoqi/code/SIGN_all/SIGN_data/Kuramoto_1000_power_law_0.05 6 0.03671599552035332
/home/shaoqi/code/SIGN_all/SIGN_data/Kuramoto_1000_power_law_0.06 6 0.07450765371322632
/home/shaoqi/code/SIGN_all/SIGN_data/Kuramoto_1000_power_law_0.07 6 0.48383912444114685
/home/shaoqi/code/SIGN_all/SIGN_data/Kuramoto_1000_power_law_0.08 6 0.11941257864236832
/home/shaoqi/code/SIGN_all/SIGN_data/Kuramoto_1000_power_law_0.09 6 0.5418536067008972
/home/shaoqi/code/SIGN_all/SIGN_data/Kuramoto_1000_power_law_0.1 6 0.5779382586479187
/home/shaoqi/code/SIGN_all/SIGN_data/Kuramoto_1000_power_law_0.11 6 0.16702674329280853
/home/shaoqi/code/SIGN_all/SIGN_data/Kuramoto_1000_power_law_0.12 6 0.21551719307899475
/home/shaoqi/code/SIGN_all/SIGN_data/Kuramoto_1000_power_law_0.13 6 0.2988603115081787
/home/shaoqi/code/SIGN_all/SIGN_data/Kuramoto_1000_power_law_0.14 6 0.28437718749046326
/home/shaoqi/code/SIGN_all/SIGN_data/Kuramoto_1000_power_law_0.15 6 0.2736126184463501
/home/shaoqi/code/SIGN_all/SIGN_data/Kuramoto_1000_power_law_0.16 6 0.2658432126045227
/home/shaoqi/code/SIGN_all/SIGN_data/Kuramoto_1000_power_law_0.17 6 0.3857739567756653
/home/shaoqi/code/SIGN_all/SIGN_data/Kuramoto_1000_power_law_0.18 6 0.3191201984882355
/home/shaoqi/code/SIGN_all/SIGN_data/Kuramoto_1000_power_law_0.19 6 0.2936307489871979
/home/shaoqi/code/SIGN_all/SIGN_data/Kuramoto_1000_power_law_0.2 6 0.3168620467185974
/home/shaoqi/code/SIGN_all/SIGN_data/Kuramoto_1000_power_law_0.21 6 0.3483886122703552
/home/shaoqi/code/SIGN_all/SIGN_data/Kuramoto_1000_power_law_0.22 6 0.6174465417861938
/home/shaoqi/code/SIGN_all/SIGN_data/Kuramoto_1000_power_law_0.23 6 0.36781248450279236
/home/shaoqi/code/SIGN_all/SIGN_data/Kuramoto_1000_power_law_0.24 6 0.3632531464099884
/home/shaoqi/code/SIGN_all/SIGN_data/Kuramoto_1000_power_law_0.25 6 0.6423017382621765
/home/shaoqi/code/SIGN_all/SIGN_data/Kuramoto_1000_power_law_0.26 6 0.5921412110328674
/home/shaoqi/code/SIGN_all/SIGN_data/Kuramoto_1000_power_law_0.27 6 0.6500420570373535
/home/shaoqi/code/SIGN_all/SIGN_data/Kuramoto_1000_power_law_0.28 6 0.6603029370307922
/home/shaoqi/code/SIGN_all/SIGN_data/Kuramoto_1000_power_law_0.29 6 0.5439296960830688
/home/shaoqi/code/SIGN_all/SIGN_data/Kuramoto_1000_power_law_0.3 6 0.7631304264068604
/home/shaoqi/code/SIGN_all/SIGN_data/Kuramoto_1000_power_law_0.01 7 0.0010298127308487892
/home/shaoqi/code/SIGN_all/SIGN_data/Kuramoto_1000_power_law_0.02 7 0.00610688142478466
/home/shaoqi/code/SIGN_all/SIGN_data/Kuramoto_1000_power_law_0.03 7 0.010914839804172516
/home/shaoqi/code/SIGN_all/SIGN_data/Kuramoto_1000_power_law_0.04 7 0.024837497621774673
/home/shaoqi/code/SIGN_all/SIGN_data/Kuramoto_1000_power_law_0.05 7 0.03847730904817581
/home/shaoqi/code/SIGN_all/SIGN_data/Kuramoto_1000_power_law_0.06 7 0.3824247121810913
/home/shaoqi/code/SIGN_all/SIGN_data/Kuramoto_1000_power_law_0.07 7 0.3930074870586395
/home/shaoqi/code/SIGN_all/SIGN_data/Kuramoto_1000_power_law_0.08 7 0.1767241209745407
/home/shaoqi/code/SIGN_all/SIGN_data/Kuramoto_1000_power_law_0.09 7 0.1417866349220276
/home/shaoqi/code/SIGN_all/SIGN_data/Kuramoto_1000_power_law_0.1 7 0.16820158064365387
/home/shaoqi/code/SIGN_all/SIGN_data/Kuramoto_1000_power_law_0.11 7 0.22821468114852905
/home/shaoqi/code/SIGN_all/SIGN_data/Kuramoto_1000_power_law_0.12 7 0.195535346865654
/home/shaoqi/code/SIGN_all/SIGN_data/Kuramoto_1000_power_law_0.13 7 0.5736032128334045
/home/shaoqi/code/SIGN_all/SIGN_data/Kuramoto_1000_power_law_0.14 7 0.2509123384952545
/home/shaoqi/code/SIGN_all/SIGN_data/Kuramoto_1000_power_law_0.15 7 0.265243262052536
/home/shaoqi/code/SIGN_all/SIGN_data/Kuramoto_1000_power_law_0.16 7 0.2781599164009094
/home/shaoqi/code/SIGN_all/SIGN_data/Kuramoto_1000_power_law_0.17 7 0.3001803755760193
/home/shaoqi/code/SIGN_all/SIGN_data/Kuramoto_1000_power_law_0.18 7 0.31916430592536926
/home/shaoqi/code/SIGN_all/SIGN_data/Kuramoto_1000_power_law_0.19 7 0.22625479102134705
/home/shaoqi/code/SIGN_all/SIGN_data/Kuramoto_1000_power_law_0.2 7 0.316385954618454
/home/shaoqi/code/SIGN_all/SIGN_data/Kuramoto_1000_power_law_0.21 7 0.35325801372528076
/home/shaoqi/code/SIGN_all/SIGN_data/Kuramoto_1000_power_law_0.22 7 0.5127481818199158
/home/shaoqi/code/SIGN_all/SIGN_data/Kuramoto_1000_power_law_0.23 7 0.5168227553367615
/home/shaoqi/code/SIGN_all/SIGN_data/Kuramoto_1000_power_law_0.24 7 0.36843064427375793
/home/shaoqi/code/SIGN_all/SIGN_data/Kuramoto_1000_power_law_0.25 7 0.4873407781124115
/home/shaoqi/code/SIGN_all/SIGN_data/Kuramoto_1000_power_law_0.26 7 0.3712182343006134
/home/shaoqi/code/SIGN_all/SIGN_data/Kuramoto_1000_power_law_0.27 7 0.6008083820343018
/home/shaoqi/code/SIGN_all/SIGN_data/Kuramoto_1000_power_law_0.28 7 0.5508713722229004
/home/shaoqi/code/SIGN_all/SIGN_data/Kuramoto_1000_power_law_0.29 7 0.6786786913871765
/home/shaoqi/code/SIGN_all/SIGN_data/Kuramoto_1000_power_law_0.3 7 0.7422927618026733
/home/shaoqi/code/SIGN_all/SIGN_data/Kuramoto_1000_power_law_0.01 8 6.19332495261915e-05
/home/shaoqi/code/SIGN_all/SIGN_data/Kuramoto_1000_power_law_0.02 8 0.006018583197146654
/home/shaoqi/code/SIGN_all/SIGN_data/Kuramoto_1000_power_law_0.03 8 0.01164951641112566
/home/shaoqi/code/SIGN_all/SIGN_data/Kuramoto_1000_power_law_0.04 8 0.02470935881137848
/home/shaoqi/code/SIGN_all/SIGN_data/Kuramoto_1000_power_law_0.05 8 0.03699248284101486
/home/shaoqi/code/SIGN_all/SIGN_data/Kuramoto_1000_power_law_0.06 8 0.1149163618683815
/home/shaoqi/code/SIGN_all/SIGN_data/Kuramoto_1000_power_law_0.07 8 0.13443641364574432
/home/shaoqi/code/SIGN_all/SIGN_data/Kuramoto_1000_power_law_0.08 8 0.3992097079753876
/home/shaoqi/code/SIGN_all/SIGN_data/Kuramoto_1000_power_law_0.09 8 0.18012332916259766
/home/shaoqi/code/SIGN_all/SIGN_data/Kuramoto_1000_power_law_0.1 8 0.5232293605804443
/home/shaoqi/code/SIGN_all/SIGN_data/Kuramoto_1000_power_law_0.11 8 0.17277243733406067
/home/shaoqi/code/SIGN_all/SIGN_data/Kuramoto_1000_power_law_0.12 8 0.21472078561782837
/home/shaoqi/code/SIGN_all/SIGN_data/Kuramoto_1000_power_law_0.13 8 0.29248592257499695
/home/shaoqi/code/SIGN_all/SIGN_data/Kuramoto_1000_power_law_0.14 8 0.24186678230762482
/home/shaoqi/code/SIGN_all/SIGN_data/Kuramoto_1000_power_law_0.15 8 0.2769140303134918
/home/shaoqi/code/SIGN_all/SIGN_data/Kuramoto_1000_power_law_0.16 8 0.2808815538883209
/home/shaoqi/code/SIGN_all/SIGN_data/Kuramoto_1000_power_law_0.17 8 0.2943979501724243
/home/shaoqi/code/SIGN_all/SIGN_data/Kuramoto_1000_power_law_0.18 8 0.32161203026771545
/home/shaoqi/code/SIGN_all/SIGN_data/Kuramoto_1000_power_law_0.19 8 0.39346984028816223
/home/shaoqi/code/SIGN_all/SIGN_data/Kuramoto_1000_power_law_0.2 8 0.3186081647872925
/home/shaoqi/code/SIGN_all/SIGN_data/Kuramoto_1000_power_law_0.21 8 0.3497796952724457
/home/shaoqi/code/SIGN_all/SIGN_data/Kuramoto_1000_power_law_0.22 8 0.5346294641494751
/home/shaoqi/code/SIGN_all/SIGN_data/Kuramoto_1000_power_law_0.23 8 0.3676985204219818
/home/shaoqi/code/SIGN_all/SIGN_data/Kuramoto_1000_power_law_0.24 8 0.3665238618850708
/home/shaoqi/code/SIGN_all/SIGN_data/Kuramoto_1000_power_law_0.25 8 0.48240724205970764
/home/shaoqi/code/SIGN_all/SIGN_data/Kuramoto_1000_power_law_0.26 8 0.27368080615997314
/home/shaoqi/code/SIGN_all/SIGN_data/Kuramoto_1000_power_law_0.27 8 0.47554925084114075
/home/shaoqi/code/SIGN_all/SIGN_data/Kuramoto_1000_power_law_0.28 8 0.8592647314071655
/home/shaoqi/code/SIGN_all/SIGN_data/Kuramoto_1000_power_law_0.29 8 0.5732883810997009
/home/shaoqi/code/SIGN_all/SIGN_data/Kuramoto_1000_power_law_0.3 8 0.6195099949836731
/home/shaoqi/code/SIGN_all/SIGN_data/Kuramoto_1000_power_law_0.01 9 0.0002149873471353203
/home/shaoqi/code/SIGN_all/SIGN_data/Kuramoto_1000_power_law_0.02 9 0.0062238909304142
/home/shaoqi/code/SIGN_all/SIGN_data/Kuramoto_1000_power_law_0.03 9 0.0120603758841753
/home/shaoqi/code/SIGN_all/SIGN_data/Kuramoto_1000_power_law_0.04 9 0.024795252829790115
/home/shaoqi/code/SIGN_all/SIGN_data/Kuramoto_1000_power_law_0.05 9 0.03850369155406952
/home/shaoqi/code/SIGN_all/SIGN_data/Kuramoto_1000_power_law_0.06 9 0.3758859932422638
/home/shaoqi/code/SIGN_all/SIGN_data/Kuramoto_1000_power_law_0.07 9 0.12106334418058395
/home/shaoqi/code/SIGN_all/SIGN_data/Kuramoto_1000_power_law_0.08 9 0.39767777919769287
/home/shaoqi/code/SIGN_all/SIGN_data/Kuramoto_1000_power_law_0.09 9 0.4184676706790924
/home/shaoqi/code/SIGN_all/SIGN_data/Kuramoto_1000_power_law_0.1 9 0.18338851630687714
/home/shaoqi/code/SIGN_all/SIGN_data/Kuramoto_1000_power_law_0.11 9 0.18122728168964386
/home/shaoqi/code/SIGN_all/SIGN_data/Kuramoto_1000_power_law_0.12 9 0.19667887687683105
/home/shaoqi/code/SIGN_all/SIGN_data/Kuramoto_1000_power_law_0.13 9 0.2244076281785965
/home/shaoqi/code/SIGN_all/SIGN_data/Kuramoto_1000_power_law_0.14 9 0.61689293384552
/home/shaoqi/code/SIGN_all/SIGN_data/Kuramoto_1000_power_law_0.15 9 0.2727607786655426
/home/shaoqi/code/SIGN_all/SIGN_data/Kuramoto_1000_power_law_0.16 9 0.25763365626335144
/home/shaoqi/code/SIGN_all/SIGN_data/Kuramoto_1000_power_law_0.17 9 0.27222588658332825
/home/shaoqi/code/SIGN_all/SIGN_data/Kuramoto_1000_power_law_0.18 9 0.3276899456977844
/home/shaoqi/code/SIGN_all/SIGN_data/Kuramoto_1000_power_law_0.19 9 0.5061903595924377
/home/shaoqi/code/SIGN_all/SIGN_data/Kuramoto_1000_power_law_0.2 9 0.3016760051250458
/home/shaoqi/code/SIGN_all/SIGN_data/Kuramoto_1000_power_law_0.21 9 0.34842559695243835
/home/shaoqi/code/SIGN_all/SIGN_data/Kuramoto_1000_power_law_0.22 9 0.6187613010406494
/home/shaoqi/code/SIGN_all/SIGN_data/Kuramoto_1000_power_law_0.23 9 0.5020949840545654
/home/shaoqi/code/SIGN_all/SIGN_data/Kuramoto_1000_power_law_0.24 9 0.3658076524734497
/home/shaoqi/code/SIGN_all/SIGN_data/Kuramoto_1000_power_law_0.25 9 0.7125978469848633
/home/shaoqi/code/SIGN_all/SIGN_data/Kuramoto_1000_power_law_0.26 9 0.22570358216762543
/home/shaoqi/code/SIGN_all/SIGN_data/Kuramoto_1000_power_law_0.27 9 0.6017066240310669
/home/shaoqi/code/SIGN_all/SIGN_data/Kuramoto_1000_power_law_0.28 9 0.6734986901283264
/home/shaoqi/code/SIGN_all/SIGN_data/Kuramoto_1000_power_law_0.29 9 0.5591344833374023
/home/shaoqi/code/SIGN_all/SIGN_data/Kuramoto_1000_power_law_0.3 9 0.7423492670059204
########################################################################
/home/shaoqi/code/SIGN_all/SIGN_data/Kuramoto_1000_power_law_0.01 5 0.004212043713778257
/home/shaoqi/code/SIGN_all/SIGN_data/Kuramoto_1000_power_law_0.02 5 0.010990357026457787
/home/shaoqi/code/SIGN_all/SIGN_data/Kuramoto_1000_power_law_0.03 5 0.020469455048441887
/home/shaoqi/code/SIGN_all/SIGN_data/Kuramoto_1000_power_law_0.04 5 0.040423084050416946
/home/shaoqi/code/SIGN_all/SIGN_data/Kuramoto_1000_power_law_0.05 5 0.05846579000353813
/home/shaoqi/code/SIGN_all/SIGN_data/Kuramoto_1000_power_law_0.06 5 0.0858849585056305
/home/shaoqi/code/SIGN_all/SIGN_data/Kuramoto_1000_power_law_0.07 5 0.4147866666316986
/home/shaoqi/code/SIGN_all/SIGN_data/Kuramoto_1000_power_law_0.08 5 0.41940179467201233
/home/shaoqi/code/SIGN_all/SIGN_data/Kuramoto_1000_power_law_0.09 5 0.16152729094028473
/home/shaoqi/code/SIGN_all/SIGN_data/Kuramoto_1000_power_law_0.1 5 0.44550684094429016
/home/shaoqi/code/SIGN_all/SIGN_data/Kuramoto_1000_power_law_0.11 5 0.20572073757648468
/home/shaoqi/code/SIGN_all/SIGN_data/Kuramoto_1000_power_law_0.12 5 0.21990247070789337
/home/shaoqi/code/SIGN_all/SIGN_data/Kuramoto_1000_power_law_0.13 5 0.26989948749542236
/home/shaoqi/code/SIGN_all/SIGN_data/Kuramoto_1000_power_law_0.14 5 0.27279844880104065
/home/shaoqi/code/SIGN_all/SIGN_data/Kuramoto_1000_power_law_0.15 5 0.31343209743499756
/home/shaoqi/code/SIGN_all/SIGN_data/Kuramoto_1000_power_law_0.16 5 0.3094157576560974
/home/shaoqi/code/SIGN_all/SIGN_data/Kuramoto_1000_power_law_0.17 5 0.3172910213470459
/home/shaoqi/code/SIGN_all/SIGN_data/Kuramoto_1000_power_law_0.18 5 0.34257394075393677
/home/shaoqi/code/SIGN_all/SIGN_data/Kuramoto_1000_power_law_0.19 5 0.3195280432701111
/home/shaoqi/code/SIGN_all/SIGN_data/Kuramoto_1000_power_law_0.2 5 0.3356267511844635
/home/shaoqi/code/SIGN_all/SIGN_data/Kuramoto_1000_power_law_0.21 5 0.36417993903160095
/home/shaoqi/code/SIGN_all/SIGN_data/Kuramoto_1000_power_law_0.22 5 0.5097344517707825
/home/shaoqi/code/SIGN_all/SIGN_data/Kuramoto_1000_power_law_0.23 5 0.5227198004722595
/home/shaoqi/code/SIGN_all/SIGN_data/Kuramoto_1000_power_law_0.24 5 0.25779983401298523
/home/shaoqi/code/SIGN_all/SIGN_data/Kuramoto_1000_power_law_0.25 5 0.8673480749130249
/home/shaoqi/code/SIGN_all/SIGN_data/Kuramoto_1000_power_law_0.26 5 0.23547804355621338
/home/shaoqi/code/SIGN_all/SIGN_data/Kuramoto_1000_power_law_0.27 5 0.48659077286720276
/home/shaoqi/code/SIGN_all/SIGN_data/Kuramoto_1000_power_law_0.28 5 0.72197425365448
/home/shaoqi/code/SIGN_all/SIGN_data/Kuramoto_1000_power_law_0.29 5 0.4921354353427887
/home/shaoqi/code/SIGN_all/SIGN_data/Kuramoto_1000_power_law_0.3 5 0.7129807472229004
/home/shaoqi/code/SIGN_all/SIGN_data/Kuramoto_1000_power_law_0.01 6 0.0026871899608522654
/home/shaoqi/code/SIGN_all/SIGN_data/Kuramoto_1000_power_law_0.02 6 0.011119669303297997
/home/shaoqi/code/SIGN_all/SIGN_data/Kuramoto_1000_power_law_0.03 6 0.021636972203850746
/home/shaoqi/code/SIGN_all/SIGN_data/Kuramoto_1000_power_law_0.04 6 0.039592284709215164
/home/shaoqi/code/SIGN_all/SIGN_data/Kuramoto_1000_power_law_0.05 6 0.3720279633998871
/home/shaoqi/code/SIGN_all/SIGN_data/Kuramoto_1000_power_law_0.06 6 0.39133116602897644
/home/shaoqi/code/SIGN_all/SIGN_data/Kuramoto_1000_power_law_0.07 6 0.41111981868743896
/home/shaoqi/code/SIGN_all/SIGN_data/Kuramoto_1000_power_law_0.08 6 0.41961240768432617
/home/shaoqi/code/SIGN_all/SIGN_data/Kuramoto_1000_power_law_0.09 6 0.18365907669067383
/home/shaoqi/code/SIGN_all/SIGN_data/Kuramoto_1000_power_law_0.1 6 0.18689963221549988
/home/shaoqi/code/SIGN_all/SIGN_data/Kuramoto_1000_power_law_0.11 6 0.2714387774467468
/home/shaoqi/code/SIGN_all/SIGN_data/Kuramoto_1000_power_law_0.12 6 0.4777020514011383
/home/shaoqi/code/SIGN_all/SIGN_data/Kuramoto_1000_power_law_0.13 6 0.3080591857433319
/home/shaoqi/code/SIGN_all/SIGN_data/Kuramoto_1000_power_law_0.14 6 0.2673940658569336
/home/shaoqi/code/SIGN_all/SIGN_data/Kuramoto_1000_power_law_0.15 6 0.30395016074180603
/home/shaoqi/code/SIGN_all/SIGN_data/Kuramoto_1000_power_law_0.16 6 0.3156788647174835
/home/shaoqi/code/SIGN_all/SIGN_data/Kuramoto_1000_power_law_0.17 6 0.3182934820652008
/home/shaoqi/code/SIGN_all/SIGN_data/Kuramoto_1000_power_law_0.18 6 0.3419434726238251
/home/shaoqi/code/SIGN_all/SIGN_data/Kuramoto_1000_power_law_0.19 6 0.3110387623310089
/home/shaoqi/code/SIGN_all/SIGN_data/Kuramoto_1000_power_law_0.2 6 0.33836445212364197
/home/shaoqi/code/SIGN_all/SIGN_data/Kuramoto_1000_power_law_0.21 6 0.36505886912345886
/home/shaoqi/code/SIGN_all/SIGN_data/Kuramoto_1000_power_law_0.22 6 0.5049394965171814
/home/shaoqi/code/SIGN_all/SIGN_data/Kuramoto_1000_power_law_0.23 6 0.5225669145584106
/home/shaoqi/code/SIGN_all/SIGN_data/Kuramoto_1000_power_law_0.24 6 0.8611040711402893
/home/shaoqi/code/SIGN_all/SIGN_data/Kuramoto_1000_power_law_0.25 6 0.49754616618156433
/home/shaoqi/code/SIGN_all/SIGN_data/Kuramoto_1000_power_law_0.26 6 0.263508677482605
/home/shaoqi/code/SIGN_all/SIGN_data/Kuramoto_1000_power_law_0.27 6 0.4945858418941498
/home/shaoqi/code/SIGN_all/SIGN_data/Kuramoto_1000_power_law_0.28 6 0.6935392618179321
/home/shaoqi/code/SIGN_all/SIGN_data/Kuramoto_1000_power_law_0.29 6 0.6929731369018555
/home/shaoqi/code/SIGN_all/SIGN_data/Kuramoto_1000_power_law_0.3 6 0.7811018228530884
/home/shaoqi/code/SIGN_all/SIGN_data/Kuramoto_1000_power_law_0.01 7 0.002631000243127346
/home/shaoqi/code/SIGN_all/SIGN_data/Kuramoto_1000_power_law_0.02 7 0.011152137070894241
/home/shaoqi/code/SIGN_all/SIGN_data/Kuramoto_1000_power_law_0.03 7 0.021678835153579712
/home/shaoqi/code/SIGN_all/SIGN_data/Kuramoto_1000_power_law_0.04 7 0.04058999568223953
/home/shaoqi/code/SIGN_all/SIGN_data/Kuramoto_1000_power_law_0.05 7 0.3717973232269287
/home/shaoqi/code/SIGN_all/SIGN_data/Kuramoto_1000_power_law_0.06 7 0.39289793372154236
/home/shaoqi/code/SIGN_all/SIGN_data/Kuramoto_1000_power_law_0.07 7 0.4116370379924774
/home/shaoqi/code/SIGN_all/SIGN_data/Kuramoto_1000_power_law_0.08 7 0.1299804449081421
/home/shaoqi/code/SIGN_all/SIGN_data/Kuramoto_1000_power_law_0.09 7 0.1614922434091568
/home/shaoqi/code/SIGN_all/SIGN_data/Kuramoto_1000_power_law_0.1 7 0.20274491608142853
/home/shaoqi/code/SIGN_all/SIGN_data/Kuramoto_1000_power_law_0.11 7 0.273370623588562
/home/shaoqi/code/SIGN_all/SIGN_data/Kuramoto_1000_power_law_0.12 7 0.2307451367378235
/home/shaoqi/code/SIGN_all/SIGN_data/Kuramoto_1000_power_law_0.13 7 0.3189171850681305
/home/shaoqi/code/SIGN_all/SIGN_data/Kuramoto_1000_power_law_0.14 7 0.2965724468231201
/home/shaoqi/code/SIGN_all/SIGN_data/Kuramoto_1000_power_law_0.15 7 0.2961327135562897
/home/shaoqi/code/SIGN_all/SIGN_data/Kuramoto_1000_power_law_0.16 7 0.6491556167602539
/home/shaoqi/code/SIGN_all/SIGN_data/Kuramoto_1000_power_law_0.17 7 0.30982398986816406
/home/shaoqi/code/SIGN_all/SIGN_data/Kuramoto_1000_power_law_0.18 7 0.3449179232120514
/home/shaoqi/code/SIGN_all/SIGN_data/Kuramoto_1000_power_law_0.19 7 0.3201635479927063
/home/shaoqi/code/SIGN_all/SIGN_data/Kuramoto_1000_power_law_0.2 7 0.8576439619064331
/home/shaoqi/code/SIGN_all/SIGN_data/Kuramoto_1000_power_law_0.21 7 0.506897509098053
/home/shaoqi/code/SIGN_all/SIGN_data/Kuramoto_1000_power_law_0.22 7 0.503275454044342
/home/shaoqi/code/SIGN_all/SIGN_data/Kuramoto_1000_power_law_0.23 7 0.5207780003547668
/home/shaoqi/code/SIGN_all/SIGN_data/Kuramoto_1000_power_law_0.24 7 0.23577457666397095
/home/shaoqi/code/SIGN_all/SIGN_data/Kuramoto_1000_power_law_0.25 7 0.49239882826805115
/home/shaoqi/code/SIGN_all/SIGN_data/Kuramoto_1000_power_law_0.26 7 0.26352351903915405
/home/shaoqi/code/SIGN_all/SIGN_data/Kuramoto_1000_power_law_0.27 7 0.6402018666267395
/home/shaoqi/code/SIGN_all/SIGN_data/Kuramoto_1000_power_law_0.28 7 0.6842750906944275
/home/shaoqi/code/SIGN_all/SIGN_data/Kuramoto_1000_power_law_0.29 7 0.48809775710105896
/home/shaoqi/code/SIGN_all/SIGN_data/Kuramoto_1000_power_law_0.3 7 0.6341150403022766
/home/shaoqi/code/SIGN_all/SIGN_data/Kuramoto_1000_power_law_0.01 8 0.0029377674218267202
/home/shaoqi/code/SIGN_all/SIGN_data/Kuramoto_1000_power_law_0.02 8 0.011130147613584995
/home/shaoqi/code/SIGN_all/SIGN_data/Kuramoto_1000_power_law_0.03 8 0.021265709772706032
/home/shaoqi/code/SIGN_all/SIGN_data/Kuramoto_1000_power_law_0.04 8 0.03994838893413544
/home/shaoqi/code/SIGN_all/SIGN_data/Kuramoto_1000_power_law_0.05 8 0.371806263923645
/home/shaoqi/code/SIGN_all/SIGN_data/Kuramoto_1000_power_law_0.06 8 0.391066312789917
/home/shaoqi/code/SIGN_all/SIGN_data/Kuramoto_1000_power_law_0.07 8 0.12689024209976196
/home/shaoqi/code/SIGN_all/SIGN_data/Kuramoto_1000_power_law_0.08 8 0.13082873821258545
/home/shaoqi/code/SIGN_all/SIGN_data/Kuramoto_1000_power_law_0.09 8 0.21111400425434113
/home/shaoqi/code/SIGN_all/SIGN_data/Kuramoto_1000_power_law_0.1 8 0.1871521770954132
/home/shaoqi/code/SIGN_all/SIGN_data/Kuramoto_1000_power_law_0.11 8 0.4634746015071869
/home/shaoqi/code/SIGN_all/SIGN_data/Kuramoto_1000_power_law_0.12 8 0.23168082535266876
/home/shaoqi/code/SIGN_all/SIGN_data/Kuramoto_1000_power_law_0.13 8 0.2600931227207184
/home/shaoqi/code/SIGN_all/SIGN_data/Kuramoto_1000_power_law_0.14 8 0.25945132970809937
/home/shaoqi/code/SIGN_all/SIGN_data/Kuramoto_1000_power_law_0.15 8 0.3070809245109558
/home/shaoqi/code/SIGN_all/SIGN_data/Kuramoto_1000_power_law_0.16 8 0.3063531219959259
/home/shaoqi/code/SIGN_all/SIGN_data/Kuramoto_1000_power_law_0.17 8 0.3101138174533844
/home/shaoqi/code/SIGN_all/SIGN_data/Kuramoto_1000_power_law_0.18 8 0.3392961025238037
/home/shaoqi/code/SIGN_all/SIGN_data/Kuramoto_1000_power_law_0.19 8 0.3182447552680969
/home/shaoqi/code/SIGN_all/SIGN_data/Kuramoto_1000_power_law_0.2 8 0.8646512031555176
/home/shaoqi/code/SIGN_all/SIGN_data/Kuramoto_1000_power_law_0.21 8 0.5001031756401062
/home/shaoqi/code/SIGN_all/SIGN_data/Kuramoto_1000_power_law_0.22 8 0.5056906938552856
/home/shaoqi/code/SIGN_all/SIGN_data/Kuramoto_1000_power_law_0.23 8 0.6462506055831909
/home/shaoqi/code/SIGN_all/SIGN_data/Kuramoto_1000_power_law_0.24 8 0.24275702238082886
/home/shaoqi/code/SIGN_all/SIGN_data/Kuramoto_1000_power_law_0.25 8 0.38095957040786743
/home/shaoqi/code/SIGN_all/SIGN_data/Kuramoto_1000_power_law_0.26 8 0.29631006717681885
/home/shaoqi/code/SIGN_all/SIGN_data/Kuramoto_1000_power_law_0.27 8 0.4894929826259613
/home/shaoqi/code/SIGN_all/SIGN_data/Kuramoto_1000_power_law_0.28 8 0.7372640371322632
/home/shaoqi/code/SIGN_all/SIGN_data/Kuramoto_1000_power_law_0.29 8 0.48951849341392517
/home/shaoqi/code/SIGN_all/SIGN_data/Kuramoto_1000_power_law_0.3 8 0.6755647659301758
/home/shaoqi/code/SIGN_all/SIGN_data/Kuramoto_1000_power_law_0.01 9 0.0025439662858843803
/home/shaoqi/code/SIGN_all/SIGN_data/Kuramoto_1000_power_law_0.02 9 0.011015979573130608
/home/shaoqi/code/SIGN_all/SIGN_data/Kuramoto_1000_power_law_0.03 9 0.020904336124658585
/home/shaoqi/code/SIGN_all/SIGN_data/Kuramoto_1000_power_law_0.04 9 0.038884807378053665
/home/shaoqi/code/SIGN_all/SIGN_data/Kuramoto_1000_power_law_0.05 9 0.057694122195243835
/home/shaoqi/code/SIGN_all/SIGN_data/Kuramoto_1000_power_law_0.06 9 0.38936957716941833
/home/shaoqi/code/SIGN_all/SIGN_data/Kuramoto_1000_power_law_0.07 9 0.19607451558113098
/home/shaoqi/code/SIGN_all/SIGN_data/Kuramoto_1000_power_law_0.08 9 0.13005287945270538
/home/shaoqi/code/SIGN_all/SIGN_data/Kuramoto_1000_power_law_0.09 9 0.44104304909706116
/home/shaoqi/code/SIGN_all/SIGN_data/Kuramoto_1000_power_law_0.1 9 0.21678540110588074
/home/shaoqi/code/SIGN_all/SIGN_data/Kuramoto_1000_power_law_0.11 9 0.20555183291435242
/home/shaoqi/code/SIGN_all/SIGN_data/Kuramoto_1000_power_law_0.12 9 0.491548627614975
/home/shaoqi/code/SIGN_all/SIGN_data/Kuramoto_1000_power_law_0.13 9 0.26072266697883606
/home/shaoqi/code/SIGN_all/SIGN_data/Kuramoto_1000_power_law_0.14 9 0.5029247999191284
/home/shaoqi/code/SIGN_all/SIGN_data/Kuramoto_1000_power_law_0.15 9 0.30621060729026794
/home/shaoqi/code/SIGN_all/SIGN_data/Kuramoto_1000_power_law_0.16 9 0.3004266619682312
/home/shaoqi/code/SIGN_all/SIGN_data/Kuramoto_1000_power_law_0.17 9 0.3258569836616516
/home/shaoqi/code/SIGN_all/SIGN_data/Kuramoto_1000_power_law_0.18 9 0.33820080757141113
/home/shaoqi/code/SIGN_all/SIGN_data/Kuramoto_1000_power_law_0.19 9 0.2600087523460388
/home/shaoqi/code/SIGN_all/SIGN_data/Kuramoto_1000_power_law_0.2 9 0.3337496221065521
/home/shaoqi/code/SIGN_all/SIGN_data/Kuramoto_1000_power_law_0.21 9 0.3613768517971039
/home/shaoqi/code/SIGN_all/SIGN_data/Kuramoto_1000_power_law_0.22 9 0.507982611656189
/home/shaoqi/code/SIGN_all/SIGN_data/Kuramoto_1000_power_law_0.23 9 0.38356247544288635
/home/shaoqi/code/SIGN_all/SIGN_data/Kuramoto_1000_power_law_0.24 9 0.3723231554031372
/home/shaoqi/code/SIGN_all/SIGN_data/Kuramoto_1000_power_law_0.25 9 0.4986642599105835
/home/shaoqi/code/SIGN_all/SIGN_data/Kuramoto_1000_power_law_0.26 9 0.2363245040178299
/home/shaoqi/code/SIGN_all/SIGN_data/Kuramoto_1000_power_law_0.27 9 0.4924294054508209
/home/shaoqi/code/SIGN_all/SIGN_data/Kuramoto_1000_power_law_0.28 9 0.6064479351043701
/home/shaoqi/code/SIGN_all/SIGN_data/Kuramoto_1000_power_law_0.29 9 0.49467623233795166
/home/shaoqi/code/SIGN_all/SIGN_data/Kuramoto_1000_power_law_0.3 9 0.571049690246582
