/home/shaoqi/code/SIGN_all/SIGN_data/Gene_1000_power_law_0_0.1 0DGSI
tensor([[0.0269, 0.0000, 0.0000, 0.0000, 0.0000, 0.0000, 0.0000, 0.0000, 0.0000,
         0.0000, 0.0000, 0.0000, 0.0000, 0.0000, 0.0000, 0.0000, 0.0000, 0.0000,
         0.0000, 0.0057, 0.0000, 0.0000, 0.0000, 0.0000, 0.0000]])
tensor([[ 0.0000,  0.0000, -0.1503, -0.0123,  0.0000,  0.0000,  0.0000,  0.0000,
          0.0000]])
/home/shaoqi/code/SIGN_all/SIGN_data/Gene_1000_power_law_0_0.1 0DGSI
-------------------------------- 
--------Testing----------------- 
-------------------------------- 
loss_wc 0.0316345580 	loss_wf 0.1662753075 	loss_mse 0.0001766923 	loss_mape 0.0070964550 	weight_loss_mse 0.0004855291 	loss 0.0004855291 	inference time 7.4482059479 	
wc 0.0252 	 0.0000 	 0.0000 	 0.0000 	 0.0000 	 0.0000 	 0.0000 	 0.0000 	 0.0000 	 0.0000 	 0.0000 	 0.0000 	 0.0000 	 0.0000 	 0.0000 	 0.0000 	 0.0000 	 0.0000 	 0.0000 	 0.0065 	 0.0000 	 0.0000 	 0.0000 	 0.0000 	 0.0000 	
wf 0.0000 	 0.0000 	 -0.1533 	 -0.0130 	 0.0000 	 0.0000 	 0.0000 	 0.0000 	 0.0000 	
/home/shaoqi/code/SIGN_all/SIGN_data/Gene_1000_power_law_0_0.1 1DGSI
tensor([[0.0405, 0.0000, 0.0000, 0.0000, 0.0000, 0.0000, 0.0000, 0.0000, 0.0000,
         0.0000, 0.0000, 0.0000, 0.0000, 0.0000, 0.0187, 0.0000, 0.0000, 0.0000,
         0.0000, 0.0000, 0.0000, 0.0000, 0.0000, 0.0000, 0.0000]])
tensor([[ 0.0000,  0.0000, -0.1947,  0.0000,  0.0000,  0.0000,  0.0000,  0.0000,
          0.0000]])
/home/shaoqi/code/SIGN_all/SIGN_data/Gene_1000_power_law_0_0.1 1DGSI
-------------------------------- 
--------Testing----------------- 
-------------------------------- 
loss_wc 0.0622622073 	loss_wf 0.1936836690 	loss_mse 0.0002113061 	loss_mape 0.0076196967 	weight_loss_mse 0.0006360306 	loss 0.0006360306 	inference time 7.9307656288 	
wc 0.0336 	 0.0000 	 0.0000 	 0.0000 	 0.0000 	 0.0000 	 0.0000 	 0.0000 	 0.0000 	 0.0000 	 0.0000 	 0.0000 	 0.0000 	 0.0000 	 0.0286 	 0.0000 	 0.0000 	 0.0000 	 0.0000 	 0.0000 	 0.0000 	 0.0000 	 0.0000 	 0.0000 	 0.0000 	
wf 0.0000 	 0.0000 	 -0.1937 	 0.0000 	 0.0000 	 0.0000 	 0.0000 	 0.0000 	 0.0000 	
/home/shaoqi/code/SIGN_all/SIGN_data/Gene_1000_power_law_0_0.1 2DGSI
tensor([[0.0284, 0.0000, 0.0000, 0.0000, 0.0000, 0.0000, 0.0000, 0.0000, 0.0000,
         0.0000, 0.0000, 0.0000, 0.0000, 0.0000, 0.0000, 0.0000, 0.0000, 0.0000,
         0.0000, 0.0000, 0.0000, 0.0000, 0.0000, 0.0000, 0.0000]])
tensor([[ 0.0000,  0.0000, -0.1558, -0.0110,  0.0000,  0.0000,  0.0000,  0.0000,
          0.0000]])
/home/shaoqi/code/SIGN_all/SIGN_data/Gene_1000_power_law_0_0.1 2DGSI
-------------------------------- 
--------Testing----------------- 
-------------------------------- 
loss_wc 0.0317582749 	loss_wf 0.1756674498 	loss_mse 0.0005950546 	loss_mape 0.0118313814 	weight_loss_mse 0.0018948904 	loss 0.0018948904 	inference time 0.7625944614 	
wc 0.0318 	 0.0000 	 0.0000 	 0.0000 	 0.0000 	 0.0000 	 0.0000 	 0.0000 	 0.0000 	 0.0000 	 0.0000 	 0.0000 	 0.0000 	 0.0000 	 0.0000 	 0.0000 	 0.0000 	 0.0000 	 0.0000 	 0.0000 	 0.0000 	 0.0000 	 0.0000 	 0.0000 	 0.0000 	
wf 0.0000 	 0.0000 	 -0.1705 	 -0.0051 	 0.0000 	 0.0000 	 0.0000 	 0.0000 	 0.0000 	
/home/shaoqi/code/SIGN_all/SIGN_data/Gene_100000_power_law_0_0.1 0DGSI
tensor([[0.0239, 0.0000, 0.0000, 0.0000, 0.0000, 0.0000, 0.0000, 0.0000, 0.0000,
         0.0000, 0.0000, 0.0000, 0.0000, 0.0000, 0.0000, 0.0000, 0.0000, 0.0000,
         0.0000, 0.0055, 0.0000, 0.0000, 0.0000, 0.0000, 0.0000]])
tensor([[ 0.0000,  0.0000, -0.1418, -0.0146,  0.0000,  0.0000,  0.0000,  0.0000,
          0.0000]])
/home/shaoqi/code/SIGN_all/SIGN_data/Gene_100000_power_law_0_0.1 0DGSI
-------------------------------- 
--------Testing----------------- 
-------------------------------- 
loss_wc 0.0276437607 	loss_wf 0.1518926471 	loss_mse 0.0008375540 	loss_mape 0.0127289481 	weight_loss_mse 0.0024083580 	loss 0.0024083580 	inference time 10.6207332611 	
wc 0.0212 	 0.0000 	 0.0000 	 0.0000 	 0.0000 	 0.0000 	 0.0000 	 0.0000 	 0.0000 	 0.0000 	 0.0000 	 0.0000 	 0.0000 	 0.0000 	 0.0000 	 0.0000 	 0.0000 	 0.0000 	 0.0000 	 0.0065 	 0.0000 	 0.0000 	 0.0000 	 0.0000 	 0.0000 	
wf 0.0000 	 0.0000 	 -0.1358 	 -0.0161 	 0.0000 	 0.0000 	 0.0000 	 0.0000 	 0.0000 	
/home/shaoqi/code/SIGN_all/SIGN_data/Gene_100000_power_law_0_0.1 1DGSI
tensor([[0.0303, 0.0000, 0.0000, 0.0000, 0.0000, 0.0000, 0.0000, 0.0000, 0.0000,
         0.0000, 0.0000, 0.0000, 0.0000, 0.0071, 0.0000, 0.0000, 0.0000, 0.0000,
         0.0000, 0.0000, 0.0000, 0.0000, 0.0000, 0.0000, 0.0000]])
tensor([[ 0.0000,  0.0000, -0.1657, -0.0080,  0.0000,  0.0000,  0.0000,  0.0000,
          0.0000]])
/home/shaoqi/code/SIGN_all/SIGN_data/Gene_100000_power_law_0_0.1 1DGSI
-------------------------------- 
--------Testing----------------- 
-------------------------------- 
loss_wc 0.0355929956 	loss_wf 0.1827244014 	loss_mse 0.0009641381 	loss_mape 0.0126187718 	weight_loss_mse 0.0028068007 	loss 0.0028068007 	inference time 10.6585218906 	
wc 0.0241 	 0.0000 	 0.0000 	 0.0000 	 0.0000 	 0.0000 	 0.0000 	 0.0000 	 0.0000 	 0.0000 	 0.0000 	 0.0000 	 0.0000 	 0.0115 	 0.0000 	 0.0000 	 0.0000 	 0.0000 	 0.0000 	 0.0000 	 0.0000 	 0.0000 	 0.0000 	 0.0000 	 0.0000 	
wf 0.0000 	 0.0000 	 -0.1827 	 0.0000 	 0.0000 	 0.0000 	 0.0000 	 0.0000 	 0.0000 	
/home/shaoqi/code/SIGN_all/SIGN_data/Gene_100000_power_law_0_0.1 2DGSI
tensor([[0.0283, 0.0000, 0.0000, 0.0000, 0.0000, 0.0000, 0.0000, 0.0000, 0.0000,
         0.0000, 0.0000, 0.0000, 0.0000, 0.0071, 0.0000, 0.0000, 0.0000, 0.0000,
         0.0000, 0.0000, 0.0000, 0.0000, 0.0000, 0.0000, 0.0000]])
tensor([[ 0.0000,  0.0000, -0.1589, -0.0095,  0.0000,  0.0000,  0.0000,  0.0000,
          0.0000]])
/home/shaoqi/code/SIGN_all/SIGN_data/Gene_100000_power_law_0_0.1 2DGSI
-------------------------------- 
--------Testing----------------- 
-------------------------------- 
loss_wc 0.0355542451 	loss_wf 0.1839009672 	loss_mse 0.0009808434 	loss_mape 0.0127903288 	weight_loss_mse 0.0028663860 	loss 0.0028663860 	inference time 10.3204109669 	
wc 0.0244 	 0.0000 	 0.0000 	 0.0000 	 0.0000 	 0.0000 	 0.0000 	 0.0000 	 0.0000 	 0.0000 	 0.0000 	 0.0000 	 0.0000 	 0.0111 	 0.0000 	 0.0000 	 0.0000 	 0.0000 	 0.0000 	 0.0000 	 0.0000 	 0.0000 	 0.0000 	 0.0000 	 0.0000 	
wf 0.0000 	 0.0000 	 -0.1839 	 0.0000 	 0.0000 	 0.0000 	 0.0000 	 0.0000 	 0.0000 	
/home/shaoqi/code/SIGN_all/SIGN_data/Mutual_1000_power_law_0_0.1 0DGSI
tensor([[0.0000, 0.0000, 0.0000, 0.0000, 0.0000, 0.0000, 0.0085, 0.0000, 0.0000,
         0.0000, 0.0000, 0.0000, 0.0000, 0.0000, 0.0282, 0.0000, 0.0000, 0.0000,
         0.0000, 0.0000, 0.0000, 0.0000, 0.0000, 0.0000, 0.0000]])
tensor([[-2.1674,  0.0000,  0.0000,  0.0000,  0.0164,  1.5567,  1.7189,  0.0000,
          0.0000]])
/home/shaoqi/code/SIGN_all/SIGN_data/Mutual_1000_power_law_0_0.1 0DGSI
-------------------------------- 
--------Testing----------------- 
-------------------------------- 
loss_wc 0.0296489447 	loss_wf 4.9090600014 	loss_mse 0.0005475422 	loss_mape 0.0286587104 	weight_loss_mse 0.0016029252 	loss 0.0016029252 	inference time 0.7863037586 	
wc 0.0000 	 0.0000 	 0.0000 	 0.0000 	 0.0000 	 0.0000 	 0.0078 	 0.0000 	 0.0000 	 0.0000 	 0.0000 	 0.0000 	 0.0000 	 0.0000 	 0.0218 	 0.0000 	 0.0000 	 0.0000 	 0.0000 	 0.0000 	 0.0000 	 0.0000 	 0.0000 	 0.0000 	 0.0000 	
wf -1.9219 	 0.0000 	 0.0000 	 0.0000 	 0.0000 	 1.3657 	 1.6214 	 0.0000 	 0.0000 	
/home/shaoqi/code/SIGN_all/SIGN_data/Mutual_1000_power_law_0_0.1 1DGSI
tensor([[0.0000, 0.0000, 0.0000, 0.0000, 0.0000, 0.0000, 0.0084, 0.0000, 0.0000,
         0.0000, 0.0000, 0.0000, 0.0000, 0.0000, 0.0257, 0.0000, 0.0000, 0.0000,
         0.0000, 0.0000, 0.0000, 0.0000, 0.0000, 0.0000, 0.0000]])
tensor([[-2.1571,  0.0000,  0.0000,  0.0000,  0.0159,  1.5543,  1.7210,  0.0000,
          0.0000]])
/home/shaoqi/code/SIGN_all/SIGN_data/Mutual_1000_power_law_0_0.1 1DGSI
-------------------------------- 
--------Testing----------------- 
-------------------------------- 
loss_wc 0.0301840808 	loss_wf 5.1271314621 	loss_mse 0.0005851156 	loss_mape 0.0304636844 	weight_loss_mse 0.0016870094 	loss 0.0016870094 	inference time 0.7258737087 	
wc 0.0000 	 0.0000 	 0.0000 	 0.0000 	 0.0000 	 0.0000 	 0.0082 	 0.0000 	 0.0000 	 0.0000 	 0.0000 	 0.0000 	 0.0000 	 0.0000 	 0.0219 	 0.0000 	 0.0000 	 0.0000 	 0.0000 	 0.0000 	 0.0000 	 0.0000 	 0.0000 	 0.0000 	 0.0000 	
wf -2.0083 	 0.0000 	 0.0000 	 0.0000 	 0.0000 	 1.4287 	 1.6902 	 0.0000 	 0.0000 	
/home/shaoqi/code/SIGN_all/SIGN_data/Mutual_1000_power_law_0_0.1 2DGSI
tensor([[ 0.0000,  0.0000,  0.0000,  0.0000,  0.0000,  0.0000,  0.0000,  0.0000,
          0.0000,  0.0000,  0.0000,  0.0000,  0.0085,  0.0000,  0.0000,  0.0000,
         -0.0124,  0.0000,  0.0000,  0.0000,  0.0000,  0.0000,  0.0000,  0.0000,
          0.0000]])
tensor([[-1.1764,  0.0000,  0.0000,  0.0000,  0.0000,  0.8265,  1.1424,  0.0000,
          0.0000]])
/home/shaoqi/code/SIGN_all/SIGN_data/Mutual_1000_power_law_0_0.1 2DGSI
-------------------------------- 
--------Testing----------------- 
-------------------------------- 
loss_wc 0.0086520351 	loss_wf 3.2070553303 	loss_mse 0.0025913285 	loss_mape 0.0300228354 	weight_loss_mse 0.0115058748 	loss 0.0115058748 	inference time 0.8524653912 	
wc 0.0000 	 0.0000 	 0.0000 	 0.0000 	 0.0000 	 0.0000 	 0.0000 	 0.0000 	 0.0000 	 0.0000 	 0.0000 	 0.0000 	 0.0000 	 0.0000 	 0.0000 	 0.0000 	 -0.0087 	 0.0000 	 0.0000 	 0.0000 	 0.0000 	 0.0000 	 0.0000 	 0.0000 	 0.0000 	
wf -1.1836 	 0.0000 	 0.0000 	 0.0000 	 0.0000 	 0.8571 	 1.1663 	 0.0000 	 0.0000 	
/home/shaoqi/code/SIGN_all/SIGN_data/Mutual_100000_power_law_0_0.1 0DGSI
tensor([[0.0000, 0.0000, 0.0000, 0.0079, 0.0000, 0.0000, 0.0000, 0.0000, 0.0000,
         0.0000, 0.0000, 0.0000, 0.0000, 0.0000, 0.0000, 0.0000, 0.0000, 0.0000,
         0.0000, 0.0000, 0.0243, 0.0000, 0.0000, 0.0000, 0.0000]])
tensor([[-1.7836,  0.0000,  0.0000,  0.0000,  0.0069,  1.2782,  1.5166,  0.0000,
          0.0000]])
/home/shaoqi/code/SIGN_all/SIGN_data/Mutual_100000_power_law_0_0.1 0DGSI
-------------------------------- 
--------Testing----------------- 
-------------------------------- 
loss_wc 0.0064362669 	loss_wf 4.5524120331 	loss_mse 0.0048056082 	loss_mape 0.0614383183 	weight_loss_mse 0.0244732387 	loss 0.0244732387 	inference time 2.5928130150 	
wc 0.0000 	 0.0000 	 0.0000 	 0.0000 	 0.0000 	 0.0000 	 0.0000 	 0.0000 	 0.0000 	 0.0000 	 0.0000 	 0.0000 	 0.0000 	 0.0000 	 0.0000 	 0.0000 	 0.0000 	 0.0000 	 0.0000 	 0.0000 	 0.0064 	 0.0000 	 0.0000 	 0.0000 	 0.0000 	
wf -1.7161 	 0.0000 	 0.0000 	 0.0000 	 0.0000 	 1.4451 	 1.3913 	 0.0000 	 0.0000 	
/home/shaoqi/code/SIGN_all/SIGN_data/Mutual_100000_power_law_0_0.1 1DGSI
tensor([[0.0000, 0.0000, 0.0000, 0.0100, 0.0000, 0.0000, 0.0000, 0.0000, 0.0000,
         0.0000, 0.0000, 0.0000, 0.0000, 0.0000, 0.0189, 0.0000, 0.0000, 0.0000,
         0.0000, 0.0000, 0.0000, 0.0000, 0.0000, 0.0000, 0.0000]])
tensor([[-1.8098,  0.0000,  0.0000,  0.0000,  0.0000,  1.2922,  1.5502,  0.0000,
          0.0000]])
/home/shaoqi/code/SIGN_all/SIGN_data/Mutual_100000_power_law_0_0.1 1DGSI
-------------------------------- 
--------Testing----------------- 
-------------------------------- 
loss_wc 0.0118602160 	loss_wf 4.8086266518 	loss_mse 0.0039148387 	loss_mape 0.0486824624 	weight_loss_mse 0.0190721471 	loss 0.0190721471 	inference time 2.6104521751 	
wc 0.0000 	 0.0000 	 0.0000 	 0.0000 	 0.0000 	 0.0000 	 0.0000 	 0.0000 	 0.0000 	 0.0000 	 0.0000 	 0.0000 	 0.0000 	 0.0000 	 0.0119 	 0.0000 	 0.0000 	 0.0000 	 0.0000 	 0.0000 	 0.0000 	 0.0000 	 0.0000 	 0.0000 	 0.0000 	
wf -1.8493 	 0.0000 	 0.0000 	 0.0000 	 0.0000 	 1.4397 	 1.5196 	 0.0000 	 0.0000 	
/home/shaoqi/code/SIGN_all/SIGN_data/Mutual_100000_power_law_0_0.1 2DGSI
tensor([[0.0000, 0.0000, 0.0000, 0.0073, 0.0000, 0.0000, 0.0000, 0.0000, 0.0000,
         0.0000, 0.0000, 0.0000, 0.0000, 0.0000, 0.0233, 0.0000, 0.0000, 0.0000,
         0.0000, 0.0000, 0.0000, 0.0000, 0.0000, 0.0000, 0.0000]])
tensor([[-1.6432,  0.0000,  0.0000,  0.0000,  0.0050,  1.1943,  1.3735,  0.0000,
          0.0000]])
/home/shaoqi/code/SIGN_all/SIGN_data/Mutual_100000_power_law_0_0.1 2DGSI
-------------------------------- 
--------Testing----------------- 
-------------------------------- 
loss_wc 0.0260763578 	loss_wf 3.3780689240 	loss_mse 0.0021176448 	loss_mape 0.0417685024 	weight_loss_mse 0.0087532727 	loss 0.0087532727 	inference time 2.7538585663 	
wc 0.0000 	 0.0000 	 0.0000 	 0.0000 	 0.0000 	 0.0000 	 0.0000 	 0.0000 	 0.0000 	 0.0000 	 0.0000 	 0.0000 	 0.0000 	 0.0000 	 0.0261 	 0.0000 	 0.0000 	 0.0000 	 0.0000 	 0.0000 	 0.0000 	 0.0000 	 0.0000 	 0.0000 	 0.0000 	
wf -1.2895 	 0.0000 	 0.0000 	 0.0000 	 0.0000 	 1.0702 	 1.0184 	 0.0000 	 0.0000 	
