/home/shaoqi/code/SIGN_all/SIGN_data/Gene_1000_power_law_0_0.1 3DGSI
tensor([[0.0000, 0.0000, 0.0000, 0.0000, 0.0000, 0.0000, 0.0000, 0.0000, 0.0000,
         0.0000, 0.0000, 0.0000, 0.0000, 0.0000, 0.0000, 0.0000, 0.0000, 0.0000,
         0.0000, 0.0000, 0.0000, 0.0000, 0.0000, 0.0000, 0.0000, 0.0000, 0.0000,
         0.0000, 0.0000, 0.0000, 0.0000, 0.0000, 0.0000, 0.0000, 0.0000, 0.0000,
         0.0000, 0.0000, 0.0000, 0.0000, 0.0000, 0.0000, 0.0000, 0.0658, 0.0000,
         0.0000, 0.0000, 0.0000, 0.0000, 0.0000, 0.0000]])
tensor([[-0.3690,  0.0000,  0.0000, -0.0394,  0.0000,  0.0000,  0.0000,  0.0000,
          0.0000,  0.0000,  0.3347,  0.0000,  0.0000,  0.0000,  0.0403,  0.0000]])
/home/shaoqi/code/SIGN_all/SIGN_data/Gene_1000_power_law_0_0.1 3DGSI
-------------------------------- 
--------Testing----------------- 
-------------------------------- 
loss_wc 0.0663914308 	loss_wf 0.7861219645 	loss_mse 0.0003565525 	loss_mape 0.0123844845 	weight_loss_mse 0.0010145651 	loss 0.0018670785 	inference time 1.3499455452 	
wc 0.0000 	 0.0000 	 0.0000 	 0.0000 	 0.0000 	 0.0000 	 0.0000 	 0.0000 	 0.0000 	 0.0000 	 0.0000 	 0.0000 	 0.0000 	 0.0000 	 0.0000 	 0.0000 	 0.0000 	 0.0000 	 0.0000 	 0.0000 	 0.0000 	 0.0000 	 0.0000 	 0.0000 	 0.0000 	 0.0000 	 0.0000 	 0.0000 	 0.0000 	 0.0000 	 0.0000 	 0.0000 	 0.0000 	 0.0000 	 0.0000 	 0.0000 	 0.0000 	 0.0000 	 0.0000 	 0.0000 	 0.0000 	 0.0000 	 0.0000 	 0.0664 	 0.0000 	 0.0000 	 0.0000 	 0.0000 	 0.0000 	 0.0000 	 0.0000 	
wf -0.3650 	 0.0000 	 0.0000 	 -0.0392 	 0.0000 	 0.0000 	 0.0000 	 0.0000 	 0.0000 	 0.0000 	 0.3427 	 0.0000 	 0.0000 	 0.0000 	 0.0391 	 0.0000 	
/home/shaoqi/code/SIGN_all/SIGN_data/Gene_100000_power_law_0_0.1 3DGSI
tensor([[0.0201, 0.0000, 0.0000, 0.0000, 0.0000, 0.0000, 0.0000, 0.0000, 0.0000,
         0.0000, 0.0000, 0.0000, 0.0000, 0.0000, 0.0000, 0.0000, 0.0000, 0.0000,
         0.0000, 0.0000, 0.0000, 0.0000, 0.0000, 0.0000, 0.0000, 0.0000, 0.0000,
         0.0152, 0.0000, 0.0000, 0.0000, 0.0000, 0.0000, 0.0000, 0.0000, 0.0000,
         0.0000, 0.0000, 0.0000, 0.0094, 0.0000, 0.0000, 0.0000, 0.0000, 0.0000,
         0.0000, 0.0000, 0.0000, 0.0000, 0.0000, 0.0000]])
tensor([[ 0.0000,  0.0000, -0.2104,  0.0074,  0.0000,  0.0000,  0.0000,  0.0000,
          0.0000,  0.0000,  0.0000,  0.0000,  0.0000,  0.0000,  0.0000,  0.0000]])
/home/shaoqi/code/SIGN_all/SIGN_data/Gene_1000_power_law_0_0.1 3DGSI
tensor([[0.0367, 0.0000, 0.0000, 0.0000, 0.0000, 0.0000, 0.0000, 0.0000, 0.0000,
         0.0000, 0.0000, 0.0000, 0.0000, 0.0000, 0.0000, 0.0000, 0.0000, 0.0000,
         0.0000, 0.0000, 0.0000, 0.0000, 0.0000, 0.0000, 0.0000, 0.0000, 0.0000,
         0.0000, 0.0263, 0.0000, 0.0000, 0.0000, 0.0000, 0.0000, 0.0000, 0.0000,
         0.0000, 0.0000, 0.0000]])
tensor([[-0.3338,  0.0000,  0.0000, -0.0396,  0.0000,  0.0000,  0.0000,  0.0000,
          0.0000,  0.0000,  0.3386,  0.0000,  0.0000]])
/home/shaoqi/code/SIGN_all/SIGN_data/Gene_1000_power_law_0_0.1 3DGSI
-------------------------------- 
--------Testing----------------- 
-------------------------------- 
loss_wc 0.0622104779 	loss_wf 0.7359451056 	loss_mse 0.0028797875 	loss_mape 0.0324414000 	weight_loss_mse 0.0073532341 	loss 0.0081513897 	inference time 1.0348162651 	
wc 0.0344 	 0.0000 	 0.0000 	 0.0000 	 0.0000 	 0.0000 	 0.0000 	 0.0000 	 0.0000 	 0.0000 	 0.0000 	 0.0000 	 0.0000 	 0.0000 	 0.0000 	 0.0000 	 0.0000 	 0.0000 	 0.0000 	 0.0000 	 0.0000 	 0.0000 	 0.0000 	 0.0000 	 0.0000 	 0.0000 	 0.0000 	 0.0000 	 0.0278 	 0.0000 	 0.0000 	 0.0000 	 0.0000 	 0.0000 	 0.0000 	 0.0000 	 0.0000 	 0.0000 	 0.0000 	
wf -0.3416 	 0.0000 	 0.0000 	 -0.0404 	 0.0000 	 0.0000 	 0.0000 	 0.0000 	 0.0000 	 0.0000 	 0.3539 	 0.0000 	 0.0000 	
/home/shaoqi/code/SIGN_all/SIGN_data/Gene_100000_power_law_0_0.1 3DGSI
tensor([[0.0247, 0.0000, 0.0000, 0.0000, 0.0000, 0.0000, 0.0000, 0.0000, 0.0000,
         0.0000, 0.0000, 0.0000, 0.0000, 0.0000, 0.0000, 0.0000, 0.0000, 0.0000,
         0.0000, 0.0000, 0.0000, 0.0000, 0.0000, 0.0000, 0.0000, 0.0000, 0.0000,
         0.0000, 0.0000, 0.0000, 0.0000, 0.0000, 0.0000, 0.0000, 0.0000, 0.0000,
         0.0000, 0.0000, 0.0000]])
tensor([[ 0.0000,  0.0000, -0.1324, -0.0254,  0.0000,  0.0000,  0.0000,  0.0000,
          0.0000,  0.0000,  0.0000,  0.0000,  0.0000]])
/home/shaoqi/code/SIGN_all/SIGN_data/Gene_100000_power_law_0_0.1 3DGSI
-------------------------------- 
--------Testing----------------- 
-------------------------------- 
loss_wc 0.0261330064 	loss_wf 0.1422851086 	loss_mse 0.0210776441 	loss_mape 0.0716834068 	weight_loss_mse 0.0775958449 	loss 0.0775958449 	inference time 13.4238100052 	
wc 0.0261 	 0.0000 	 0.0000 	 0.0000 	 0.0000 	 0.0000 	 0.0000 	 0.0000 	 0.0000 	 0.0000 	 0.0000 	 0.0000 	 0.0000 	 0.0000 	 0.0000 	 0.0000 	 0.0000 	 0.0000 	 0.0000 	 0.0000 	 0.0000 	 0.0000 	 0.0000 	 0.0000 	 0.0000 	 0.0000 	 0.0000 	 0.0000 	 0.0000 	 0.0000 	 0.0000 	 0.0000 	 0.0000 	 0.0000 	 0.0000 	 0.0000 	 0.0000 	 0.0000 	 0.0000 	
wf 0.0000 	 0.0000 	 -0.1194 	 -0.0229 	 0.0000 	 0.0000 	 0.0000 	 0.0000 	 0.0000 	 0.0000 	 0.0000 	 0.0000 	 0.0000 	
/home/shaoqi/code/SIGN_all/SIGN_data/Mutual_1000_power_law_0_0.1 3DGSI
tensor([[ 0.0000,  0.0000,  0.0000,  0.0000,  0.0090,  0.0000,  0.0000,  0.0000,
          0.0000,  0.0000, -0.0063,  0.0000,  0.0000,  0.0000,  0.0000,  0.0000,
          0.0000,  0.0000,  0.0000,  0.0000,  0.0000,  0.0000,  0.0000,  0.0000,
          0.0000,  0.0000,  0.0000,  0.0000,  0.0000,  0.0486,  0.0000,  0.0000,
          0.0000,  0.0000,  0.0000,  0.0000,  0.0000,  0.0000,  0.0000]])
tensor([[-3.5366,  0.0000,  0.0000,  0.0000,  0.0000,  0.0000,  0.0982,  0.0000,
          0.0000,  2.5275,  2.5843,  0.0000,  0.0000]])
/home/shaoqi/code/SIGN_all/SIGN_data/Mutual_1000_power_law_0_0.1 3DGSI
-------------------------------- 
--------Testing----------------- 
-------------------------------- 
loss_wc 0.0826086253 	loss_wf 10.8195486069 	loss_mse 89533.7343750000 	loss_mape 203.8244476318 	weight_loss_mse 273692.2812500000 	loss 273692.2812500000 	inference time 1.0411903858 	
wc 0.0000 	 0.0000 	 0.0000 	 0.0000 	 0.0078 	 0.0000 	 0.0000 	 0.0000 	 0.0000 	 0.0000 	 -0.0066 	 0.0000 	 0.0000 	 0.0000 	 0.0000 	 0.0000 	 0.0000 	 0.0000 	 0.0000 	 0.0000 	 0.0000 	 0.0000 	 0.0000 	 0.0000 	 0.0000 	 0.0000 	 0.0000 	 0.0000 	 0.0000 	 0.0682 	 0.0000 	 0.0000 	 0.0000 	 0.0000 	 0.0000 	 0.0000 	 0.0000 	 0.0000 	 0.0000 	
wf -2.2569 	 0.0000 	 0.0000 	 0.0000 	 0.0000 	 0.0000 	 0.1125 	 0.0000 	 0.0000 	 4.8669 	 3.5832 	 0.0000 	 0.0000 	
/home/shaoqi/code/SIGN_all/SIGN_data/Mutual_100000_power_law_0_0.1 3DGSI
tensor([[0.0000, 0.0000, 0.0000, 0.0114, 0.0000, 0.0000, 0.0000, 0.0000, 0.0000,
         0.0000, 0.0000, 0.0000, 0.0000, 0.0000, 0.0000, 0.0000, 0.0000, 0.0000,
         0.0000, 0.0000, 0.0000, 0.0000, 0.0000, 0.0000, 0.0000, 0.0000, 0.0000,
         0.0000, 0.0083, 0.0000, 0.0000, 0.0000, 0.0141, 0.0000, 0.0000, 0.0000,
         0.0000, 0.0000, 0.0000]])
tensor([[-2.3574,  0.0000,  0.0000,  0.0000,  0.0000,  0.0000,  0.0000,  0.0000,
          0.0000,  1.6416,  1.9821,  0.0000,  0.0000]])
/home/shaoqi/code/SIGN_all/SIGN_data/Mutual_100000_power_law_0_0.1 3DGSI
-------------------------------- 
--------Testing----------------- 
-------------------------------- 
loss_wc 0.0113328528 	loss_wf 5.8483099937 	loss_mse 917.3269653320 	loss_mape 23.0781536102 	weight_loss_mse 2321.5354003906 	loss 2321.5354003906 	inference time 4.8574860096 	
wc 0.0000 	 0.0000 	 0.0000 	 0.0000 	 0.0000 	 0.0000 	 0.0000 	 0.0000 	 0.0000 	 0.0000 	 0.0000 	 0.0000 	 0.0000 	 0.0000 	 0.0000 	 0.0000 	 0.0000 	 0.0000 	 0.0000 	 0.0000 	 0.0000 	 0.0000 	 0.0000 	 0.0000 	 0.0000 	 0.0000 	 0.0000 	 0.0000 	 0.0053 	 0.0000 	 0.0000 	 0.0000 	 0.0060 	 0.0000 	 0.0000 	 0.0000 	 0.0000 	 0.0000 	 0.0000 	
wf -3.5987 	 0.0000 	 0.0000 	 0.0000 	 0.0000 	 0.0000 	 0.0000 	 0.0000 	 0.0000 	 1.0803 	 1.1693 	 0.0000 	 0.0000 	
/home/shaoqi/code/SIGN_all/SIGN_data/Mutual_1000_power_law_0_0.1 3DGSI
tensor([[ 0.0000,  0.0000,  0.0000,  0.0000,  0.0000,  0.0000,  0.0000,  0.0000,
          0.0000,  0.0000,  0.0000,  0.0000,  0.0000,  0.0000,  0.0000,  0.0000,
          0.0000,  0.0000,  0.0000,  0.0000,  0.0000,  0.0000,  0.0000,  0.0000,
          0.0000,  0.0000,  0.0000,  0.0000,  0.0323,  0.0486, -0.0330,  0.0000,
          0.0000,  0.0000,  0.0000,  0.0000,  0.0000,  0.0000,  0.0000]])
tensor([[-0.9548,  0.0000,  0.0000,  0.0000,  0.0000, -0.1528,  0.0000,  0.0000,
          0.0000,  0.9222,  0.8075,  0.0000,  0.0000]])
/home/shaoqi/code/SIGN_all/SIGN_data/Mutual_1000_power_law_0_0.1 3DGSI
-------------------------------- 
--------Testing----------------- 
-------------------------------- 
loss_wc 0.1172787398 	loss_wf 2.4857525826 	loss_mse 0.1021118909 	loss_mape 0.3288812637 	weight_loss_mse 0.3771942854 	loss 0.3797973096 	inference time 0.9858133793 	
wc 0.0000 	 0.0000 	 0.0000 	 0.0000 	 0.0000 	 0.0000 	 0.0000 	 0.0000 	 0.0000 	 0.0000 	 0.0000 	 0.0000 	 0.0000 	 0.0000 	 0.0000 	 0.0000 	 0.0000 	 0.0000 	 0.0000 	 0.0000 	 0.0000 	 0.0000 	 0.0000 	 0.0000 	 0.0000 	 0.0000 	 0.0000 	 0.0000 	 0.0530 	 0.0138 	 -0.0505 	 0.0000 	 0.0000 	 0.0000 	 0.0000 	 0.0000 	 0.0000 	 0.0000 	 0.0000 	
wf -0.6038 	 0.0000 	 0.0000 	 0.0000 	 0.0000 	 -0.1798 	 0.0000 	 0.0000 	 0.0000 	 0.6897 	 1.0124 	 0.0000 	 0.0000 	
/home/shaoqi/code/SIGN_all/SIGN_data/Mutual_100000_power_law_0_0.1 3DGSI
tensor([[0.0000, 0.0000, 0.0000, 0.0000, 0.0000, 0.0000, 0.0000, 0.0000, 0.0000,
         0.0000, 0.0000, 0.0000, 0.0000, 0.0000, 0.0000, 0.0000, 0.0000, 0.0000,
         0.0000, 0.0000, 0.0000, 0.0000, 0.0000, 0.0000, 0.0000, 0.0000, 0.0000,
         0.0157, 0.0061, 0.0000, 0.0000, 0.0000, 0.0109, 0.0000, 0.0000, 0.0000,
         0.0000, 0.0000, 0.0000]])
tensor([[-2.5090,  0.0000,  0.0000,  0.0000,  0.0000,  0.0000,  0.0096,  0.0000,
          0.0000,  1.7694,  2.0520,  0.0000,  0.0000]])
/home/shaoqi/code/SIGN_all/SIGN_data/Mutual_100000_power_law_0_0.1 3DGSI
-------------------------------- 
--------Testing----------------- 
-------------------------------- 
loss_wc 0.0346731432 	loss_wf 6.1744284630 	loss_mse 0.0344313607 	loss_mape 0.1511291116 	weight_loss_mse 0.0858880430 	loss 0.0920971483 	inference time 4.7354977131 	
wc 0.0000 	 0.0000 	 0.0000 	 0.0000 	 0.0000 	 0.0000 	 0.0000 	 0.0000 	 0.0000 	 0.0000 	 0.0000 	 0.0000 	 0.0000 	 0.0000 	 0.0000 	 0.0000 	 0.0000 	 0.0000 	 0.0000 	 0.0000 	 0.0000 	 0.0000 	 0.0000 	 0.0000 	 0.0000 	 0.0000 	 0.0000 	 0.0161 	 0.0063 	 0.0000 	 0.0000 	 0.0000 	 0.0122 	 0.0000 	 0.0000 	 0.0000 	 0.0000 	 0.0000 	 0.0000 	
wf -2.3979 	 0.0000 	 0.0000 	 0.0000 	 0.0000 	 0.0000 	 0.0101 	 0.0000 	 0.0000 	 1.6734 	 2.0930 	 0.0000 	 0.0000 	
/home/shaoqi/code/SIGN_all/SIGN_data/Gene_1000_power_law_0_0.1 3DGSI
tensor([[0.0296, 0.0000, 0.0000, 0.0000, 0.0000, 0.0000, 0.0000, 0.0000, 0.0000,
         0.0000, 0.0000, 0.0000, 0.0000, 0.0000, 0.0000, 0.0000, 0.0000, 0.0000,
         0.0000, 0.0000, 0.0000, 0.0000, 0.0000, 0.0000, 0.0000, 0.0000, 0.0000,
         0.0135, 0.0139, 0.0000, 0.0000, 0.0000, 0.0000, 0.0000, 0.0000, 0.0000,
         0.0000, 0.0000, 0.0000]])
tensor([[ 0.1371, -0.6044,  0.0000,  0.0000,  0.0000,  0.0000, -0.0186,  0.0000,
          0.0000,  0.3442,  0.0000,  0.0000,  0.0000]])
