tensor([[-4.3620e-04,  1.9793e-01, -0.0000e+00, -1.5513e-04, -0.0000e+00,
         -9.7280e-08, -4.9637e-06, -0.0000e+00,  3.5937e-06,  2.7103e-06,
          2.9612e-07,  7.5293e-07,  0.0000e+00,  7.5024e-06, -8.7167e-07,
         -0.0000e+00,  2.3028e-06]])
tensor([[ 0.0000e+00,  0.0000e+00, -0.0000e+00, -0.0000e+00, -9.9475e-01,
         -9.6333e-01, -2.5575e-04,  0.0000e+00, -3.0973e-04, -2.5499e-04,
         -1.0458e-04, -7.5503e-05,  7.5920e-04, -1.0063e-02, -1.6416e-03]])
/home/shaoqi/code/SIGN_all/SIGN_data/Rossler_1000_power_law 3DGSI
-------------------------------- 
--------Testing----------------- 
-------------------------------- 
loss_wc 0.1969862282 	loss_wf 1.9963994026 	loss_mse 0.0000080950 	loss_mape 0.0058019599 	weight_loss_mse 0.0043277317 	loss 0.0043277317 	inference time 1.1596670151 	
wc 0.0000 	 0.1970 	 0.0000 	 0.0000 	 0.0000 	 0.0000 	 0.0000 	 0.0000 	 0.0000 	 0.0000 	 0.0000 	 0.0000 	 0.0000 	 0.0000 	 0.0000 	 0.0000 	 0.0000 	
wf 0.0000 	 0.0000 	 0.0000 	 0.0000 	 -0.9953 	 -1.0011 	 0.0000 	 0.0000 	 0.0000 	 0.0000 	 0.0000 	 0.0000 	 0.0000 	 0.0000 	 0.0000 	
/home/shaoqi/code/SIGN_all/SIGN_data/Rossler_1000_power_law 3DGSI
tensor([[ 0.0000, -0.0003,  0.0000,  0.0000,  0.0000,  0.0000,  0.0000,  0.0000,
          0.0000,  0.0000,  0.0000,  0.0000,  0.0000,  0.0000,  0.0000,  0.0000,
          0.0000]])
tensor([[ 0.0000e+00,  0.0000e+00,  0.0000e+00,  9.9925e-01,  1.8917e-01,
          0.0000e+00,  0.0000e+00,  0.0000e+00, -7.3190e-04,  0.0000e+00,
          0.0000e+00,  0.0000e+00, -2.3465e-04,  0.0000e+00,  0.0000e+00]])
/home/shaoqi/code/SIGN_all/SIGN_data/Rossler_1000_power_law 3DGSI
-------------------------------- 
--------Testing----------------- 
-------------------------------- 
loss_wf 1.1907024384 	loss_mse 0.0000011765 	loss_mape 0.0010277397 	weight_loss_mse 0.0005161958 	loss 0.0005161958 	inference time 1.1994283199 	
wf 0.0000 	 0.0000 	 0.0000 	 0.9998 	 0.1909 	 0.0000 	 0.0000 	 0.0000 	 0.0000 	 0.0000 	 0.0000 	 0.0000 	 0.0000 	 0.0000 	 0.0000 	
/home/shaoqi/code/SIGN_all/SIGN_data/Rossler_1000_power_law 3DGSI
tensor([[-7.4240e-04,  6.4941e-05,  6.2032e-05, -1.4880e-04,  7.5517e-04,
          1.2218e-05,  1.6917e-06, -6.1026e-05, -5.4798e-07,  1.9678e-04,
          2.4127e-06, -2.3617e-05, -0.0000e+00,  6.4517e-06, -7.0072e-07,
          5.0767e-05, -1.3125e-05]])
tensor([[ 8.8313e-01,  1.7930e-03, -1.4729e-04, -1.7053e-02,  1.5471e-05,
         -2.8048e+00, -4.7090e-04,  2.2747e-03, -2.0605e-02,  1.2825e-04,
          2.8902e-04, -3.3616e-04,  0.0000e+00,  9.9108e-01, -2.7796e-02]])
/home/shaoqi/code/SIGN_all/SIGN_data/Rossler_1000_power_law 3DGSI
-------------------------------- 
--------Testing----------------- 
-------------------------------- 
loss_wf 5.1600108147 	loss_mse 0.0000574329 	loss_mape 0.0074662357 	weight_loss_mse 0.0226035062 	loss 0.0226035062 	inference time 1.4600760937 	
wf 1.0992 	 0.0000 	 0.0000 	 0.0000 	 0.0000 	 -3.0606 	 0.0000 	 0.0000 	 0.0000 	 0.0000 	 0.0000 	 0.0000 	 0.0000 	 1.0001 	 0.0000 	
######################

#########################
/home/shaoqi/code/SIGN_all/SIGN_data/Rossler_100000_power_law 3DGSI
tensor([[-4.5252e-04,  1.9888e-01, -0.0000e+00, -3.8503e-04,  0.0000e+00,
          4.4059e-06,  1.4920e-05, -6.5949e-04,  2.0306e-06, -2.7853e-06,
         -1.5858e-07, -9.6959e-07, -5.1423e-06, -1.7950e-04,  3.8452e-06,
         -3.2096e-04,  4.4822e-05]])
tensor([[ 0.0000e+00,  0.0000e+00,  0.0000e+00, -7.0274e-03, -9.9155e-01,
         -9.0904e-01, -2.0876e-03, -0.0000e+00, -1.3292e-02, -8.0378e-04,
         -3.0127e-04,  1.0164e-03,  6.7087e-04, -1.5015e-02, -1.4631e-05]])
/home/shaoqi/code/SIGN_all/SIGN_data/Rossler_100000_power_law 3DGSI
-------------------------------- 
--------Testing----------------- 
-------------------------------- 
loss_wc 0.1729716212 	loss_wf 1.9693939686 	loss_mse 0.0000881069 	loss_mape 0.0140729370 	weight_loss_mse 0.2232989520 	loss 0.2232989520 	inference time 3.2477300167 	
wc 0.0000 	 0.1730 	 0.0000 	 0.0000 	 0.0000 	 0.0000 	 0.0000 	 0.0000 	 0.0000 	 0.0000 	 0.0000 	 0.0000 	 0.0000 	 0.0000 	 0.0000 	 0.0000 	 0.0000 	
wf 0.0000 	 0.0000 	 0.0000 	 0.0000 	 -0.9846 	 -0.9689 	 0.0000 	 0.0000 	 0.0000 	 0.0000 	 0.0000 	 0.0000 	 0.0000 	 -0.0159 	 0.0000 	
/home/shaoqi/code/SIGN_all/SIGN_data/Rossler_100000_power_law 3DGSI
tensor([[ 0.0000, -0.0006,  0.0000,  0.0000,  0.0000,  0.0000,  0.0000,  0.0000,
          0.0000,  0.0000,  0.0000,  0.0000,  0.0000,  0.0000,  0.0000,  0.0000,
          0.0000]])
tensor([[ 0.0000,  0.0000,  0.0000,  0.9994,  0.1802,  0.0000,  0.0000,  0.0000,
         -0.0026,  0.0000,  0.0000,  0.0000,  0.0000,  0.0000, -0.0015]])
/home/shaoqi/code/SIGN_all/SIGN_data/Rossler_100000_power_law 3DGSI
-------------------------------- 
--------Testing----------------- 
-------------------------------- 
loss_wf 1.1798353195 	loss_mse 0.0000038328 	loss_mape 0.0061410479 	weight_loss_mse 0.0027655789 	loss 0.0027655789 	inference time 2.8364067078 	
wf 0.0000 	 0.0000 	 0.0000 	 0.9978 	 0.1820 	 0.0000 	 0.0000 	 0.0000 	 0.0000 	 0.0000 	 0.0000 	 0.0000 	 0.0000 	 0.0000 	 0.0000 	
/home/shaoqi/code/SIGN_all/SIGN_data/Rossler_100000_power_law 3DGSI
tensor([[-0.0000e+00,  0.0000e+00, -3.8497e-04, -0.0000e+00,  0.0000e+00,
         -8.7740e-05,  3.2557e-04, -1.4094e-03,  2.8194e-06,  8.6106e-04,
          9.2736e-07, -1.5422e-04, -0.0000e+00, -1.6400e-05, -1.5735e-05,
          5.1196e-04,  1.2383e-05]])
tensor([[ 7.6345e-01,  2.4632e-02, -1.2325e-04, -9.1396e-03,  2.9481e-03,
         -2.5906e+00,  0.0000e+00,  2.5354e-03, -6.3049e-02,  6.8851e-04,
          6.4324e-04,  1.4922e-03, -0.0000e+00,  9.5617e-01, -5.3615e-02]])
/home/shaoqi/code/SIGN_all/SIGN_data/Rossler_100000_power_law 3DGSI
-------------------------------- 
--------Testing----------------- 
-------------------------------- 
loss_wf 5.0985503197 	loss_mse 0.0000598984 	loss_mape 0.0073447791 	weight_loss_mse 0.0415001325 	loss 0.0415001325 	inference time 2.8366932869 	
wf 1.0548 	 0.0000 	 0.0000 	 0.0000 	 0.0000 	 -3.0518 	 0.0000 	 0.0000 	 0.0000 	 0.0000 	 0.0000 	 0.0000 	 0.0000 	 0.9920 	 0.0000 	
######################################################
/home/shaoqi/code/SIGN_all/SIGN_data/Rossler_37700_git 3DGSI
-------------------------------- 
--------Testing----------------- 
-------------------------------- 
loss_wc 0.0101529919 	loss_wf 1.9811125994 	loss_mse 0.0000003219 	loss_mape 0.0012903435 	weight_loss_mse 0.0002079943 	loss 0.0021992601 	inference time 2.1295850277 	
wc 0.0000 	 0.0102 	 0.0000 	 0.0000 	 0.0000 	 0.0000 	 0.0000 	 0.0000 	 0.0000 	 0.0000 	 0.0000 	 0.0000 	 0.0000 	
wf 0.0000 	 0.0000 	 0.0000 	 -1.0015 	 -0.9796 	 0.0000 	 0.0000 	 0.0000 	 0.0000 	 0.0000 	 0.0000 	 0.0000 	 0.0000 	 0.0000 	
/home/shaoqi/code/SIGN_all/SIGN_data/Rossler_37700_git 3DGSI
tensor([[ 0.0000e+00, -2.8138e-05,  0.0000e+00,  0.0000e+00,  0.0000e+00,
          0.0000e+00,  0.0000e+00,  0.0000e+00,  0.0000e+00,  0.0000e+00,
          0.0000e+00, -1.6173e-06,  0.0000e+00]])
tensor([[ 0.0000,  0.0000,  1.0018,  0.1903, -0.0098,  0.0000,  0.0000,  0.0000,
          0.0000,  0.0000,  0.0000,  0.0000,  0.0000,  0.0000]])
/home/shaoqi/code/SIGN_all/SIGN_data/Rossler_37700_git 3DGSI
-------------------------------- 
--------Testing----------------- 
-------------------------------- 
loss_wf 1.1906341314 	loss_mse 0.0000000084 	loss_mape 0.0006093485 	weight_loss_mse 0.0000060266 	loss 0.0011966608 	inference time 2.1408140659 	
wf 0.0000 	 0.0000 	 1.0006 	 0.1901 	 0.0000 	 0.0000 	 0.0000 	 0.0000 	 0.0000 	 0.0000 	 0.0000 	 0.0000 	 0.0000 	 0.0000 	
/home/shaoqi/code/SIGN_all/SIGN_data/Rossler_37700_git 3DGSI
tensor([[0., 0., 0., 0., 0., 0., 0., 0., 0., 0., 0., 0., 0.]])
tensor([[ 1.8877e-01,  0.0000e+00,  1.7369e-03, -3.2160e-04, -5.6632e+00,
          3.0885e-04,  0.0000e+00,  0.0000e+00,  0.0000e+00,  0.0000e+00,
          0.0000e+00,  0.0000e+00,  8.9352e-01,  0.0000e+00]])
/home/shaoqi/code/SIGN_all/SIGN_data/Rossler_37700_git 3DGSI
-------------------------------- 
--------Testing----------------- 
-------------------------------- 
loss_wf 6.7922730446 	loss_mse 0.0000000030 	loss_mape 0.0008848749 	weight_loss_mse 0.0000025324 	loss 0.0067948056 	inference time 2.2118945122 	
wf 0.1893 	 0.0000 	 0.0000 	 0.0000 	 -5.6761 	 0.0000 	 0.0000 	 0.0000 	 0.0000 	 0.0000 	 0.0000 	 0.0000 	 0.9269 	 0.0000 	
##################################################	
/home/shaoqi/code/SIGN_all/SIGN_data/Rossler_1000_power_law 3DGSI
tensor([[0.0000, 0.0101, 0.0000, 0.0000, 0.0000, 0.0000, 0.0000, 0.0000, 0.0000,
         0.0000, 0.0000, 0.0000, 0.0000]])
tensor([[ 0.0000e+00,  0.0000e+00,  0.0000e+00, -1.0021e+00, -9.2479e-01,
          0.0000e+00,  0.0000e+00,  0.0000e+00, -2.0454e-04,  0.0000e+00,
          0.0000e+00,  0.0000e+00, -1.2390e-02,  0.0000e+00]])
/home/shaoqi/code/SIGN_all/SIGN_data/Rossler_1000_power_law 3DGSI
-------------------------------- 
--------Testing----------------- 
-------------------------------- 
loss_wc 0.0117223151 	loss_wf 2.0168380737 	loss_mse 0.0000787583 	loss_mape 0.0092483014 	weight_loss_mse 0.0228395332 	loss 0.0248680934 	inference time 2.8385450840 	
wc 0.0000 	 0.0117 	 0.0000 	 0.0000 	 0.0000 	 0.0000 	 0.0000 	 0.0000 	 0.0000 	 0.0000 	 0.0000 	 0.0000 	 0.0000 	
wf 0.0000 	 0.0000 	 0.0000 	 -0.9934 	 -1.0234 	 0.0000 	 0.0000 	 0.0000 	 0.0000 	 0.0000 	 0.0000 	 0.0000 	 0.0000 	 0.0000 	
/home/shaoqi/code/SIGN_all/SIGN_data/Rossler_1000_power_law 3DGSI
tensor([[0., 0., 0., 0., 0., 0., 0., 0., 0., 0., 0., 0., 0.]])
tensor([[ 0.0000e+00,  0.0000e+00,  1.0025e+00,  1.8713e-01, -1.2440e-02,
          0.0000e+00,  0.0000e+00,  0.0000e+00,  0.0000e+00,  0.0000e+00,
          0.0000e+00,  0.0000e+00, -1.4421e-04, -1.4477e-05]])
/home/shaoqi/code/SIGN_all/SIGN_data/Rossler_1000_power_law 3DGSI
-------------------------------- 
--------Testing----------------- 
-------------------------------- 
loss_wf 1.1865926981 	loss_mse 0.0000049486 	loss_mape 0.0023771913 	weight_loss_mse 0.0010816391 	loss 0.0022682319 	inference time 2.8919885159 	
wf 0.0000 	 0.0000 	 1.0002 	 0.1864 	 0.0000 	 0.0000 	 0.0000 	 0.0000 	 0.0000 	 0.0000 	 0.0000 	 0.0000 	 0.0000 	 0.0000 	
/home/shaoqi/code/SIGN_all/SIGN_data/Rossler_1000_power_law 3DGSI
tensor([[ 0.0000e+00,  2.8932e-03,  0.0000e+00,  6.3623e-05, -1.5879e-04,
          1.2288e-05, -2.6202e-05, -3.9217e-05, -1.6434e-05, -7.0204e-06,
         -5.0113e-06,  1.4342e-06,  2.1768e-05]])
tensor([[ 1.6657e-01, -3.3338e-04, -0.0000e+00, -0.0000e+00, -4.9359e+00,
         -2.9277e-03,  8.4804e-04, -3.9343e-02, -3.8838e-04,  8.3664e-05,
         -4.2779e-04, -8.0764e-04,  9.5337e-01, -1.3237e-01]])
/home/shaoqi/code/SIGN_all/SIGN_data/Rossler_1000_power_law 3DGSI
-------------------------------- 
--------Testing----------------- 
-------------------------------- 
loss_wf 7.4244956970 	loss_mse 0.0009349890 	loss_mape 0.0215349607 	weight_loss_mse 0.1320952773 	loss 0.1320952773 	inference time 3.2124419212 	
wf 0.2172 	 0.0000 	 0.0000 	 0.0000 	 -6.1942 	 0.0000 	 0.0000 	 0.0000 	 0.0000 	 0.0000 	 0.0000 	 0.0000 	 1.0131 	 0.0000 	
/home/shaoqi/code/SIGN_all/SIGN_data/Rossler_1000_power_law 3DGSI
tensor([[0.0000, 0.0103, 0.0000, 0.0000, 0.0000, 0.0000, 0.0000, 0.0000, 0.0000,
         0.0000, 0.0000, 0.0000, 0.0000]])
tensor([[ 0.0000e+00,  0.0000e+00,  0.0000e+00, -1.0021e+00, -9.2512e-01,
          0.0000e+00,  0.0000e+00,  0.0000e+00, -2.0422e-04,  0.0000e+00,
          0.0000e+00,  0.0000e+00, -1.2335e-02,  0.0000e+00]])
#########################################
/home/shaoqi/code/SIGN_all/SIGN_data/Rossler_100000_power_law 3DGSI
tensor([[-2.7633e-04,  2.0113e-01,  8.5142e-04, -1.3902e-03,  3.0487e-03,
          1.7193e-05,  4.6400e-05, -2.9108e-03,  1.6225e-06, -8.0775e-05,
          3.6789e-06, -2.8989e-04,  8.5985e-06]])
tensor([[ 0.0000e+00, -0.0000e+00, -9.0991e-03, -9.9417e-01, -9.1521e-01,
         -2.2642e-03, -4.5699e-04, -1.0668e-02, -7.1323e-04, -2.0041e-04,
          7.9601e-04,  7.4884e-06, -1.5299e-02, -0.0000e+00]])
/home/shaoqi/code/SIGN_all/SIGN_data/Rossler_100000_power_law 3DGSI
tensor([[0.0000, 0.0100, 0.0000, 0.0000, 0.0000, 0.0000, 0.0000, 0.0000, 0.0000,
         0.0000, 0.0000, 0.0000, 0.0000]])
tensor([[ 0.0000,  0.0000, -0.0100, -1.0019, -0.9421,  0.0000,  0.0000,  0.0000,
          0.0000,  0.0000,  0.0000,  0.0000, -0.0093,  0.0000]])
/home/shaoqi/code/SIGN_all/SIGN_data/Rossler_100000_power_law 3DGSI
-------------------------------- 
--------Testing----------------- 
-------------------------------- 
loss_wc 0.0109442985 	loss_wf 1.9824233055 	loss_mse 0.0000002957 	loss_mape 0.0015453250 	weight_loss_mse 0.0001249252 	loss 0.0001249252 	inference time 2.4371206760 	
wc 0.0000 	 0.0109 	 0.0000 	 0.0000 	 0.0000 	 0.0000 	 0.0000 	 0.0000 	 0.0000 	 0.0000 	 0.0000 	 0.0000 	 0.0000 	
wf 0.0000 	 0.0000 	 0.0000 	 -1.0022 	 -0.9802 	 0.0000 	 0.0000 	 0.0000 	 0.0000 	 0.0000 	 0.0000 	 0.0000 	 0.0000 	 0.0000 	
/home/shaoqi/code/SIGN_all/SIGN_data/Rossler_100000_power_law 3DGSI
tensor([[ 0.0000e+00,  0.0000e+00,  0.0000e+00,  0.0000e+00,  0.0000e+00,
          0.0000e+00,  0.0000e+00,  0.0000e+00,  0.0000e+00,  0.0000e+00,
          0.0000e+00, -7.5868e-06,  1.3384e-06]])
tensor([[ 0.0000,  0.0000,  1.0018,  0.1904, -0.0095,  0.0000,  0.0000,  0.0000,
          0.0000,  0.0000,  0.0000,  0.0000,  0.0000,  0.0000]])
/home/shaoqi/code/SIGN_all/SIGN_data/Rossler_100000_power_law 3DGSI
-------------------------------- 
--------Testing----------------- 
-------------------------------- 
loss_wf 1.1915453672 	loss_mse 0.0000000028 	loss_mape 0.0002263362 	weight_loss_mse 0.0000024097 	loss 0.0000024097 	inference time 2.4581515789 	
wf 0.0000 	 0.0000 	 1.0015 	 0.1901 	 0.0000 	 0.0000 	 0.0000 	 0.0000 	 0.0000 	 0.0000 	 0.0000 	 0.0000 	 0.0000 	 0.0000 	
/home/shaoqi/code/SIGN_all/SIGN_data/Rossler_100000_power_law 3DGSI
tensor([[0., 0., 0., 0., 0., 0., 0., 0., 0., 0., 0., 0., 0.]])
tensor([[ 1.8874e-01,  0.0000e+00,  1.8189e-03, -3.2297e-04, -5.6626e+00,
          3.2886e-04,  0.0000e+00,  0.0000e+00,  0.0000e+00,  0.0000e+00,
          0.0000e+00,  0.0000e+00,  8.9107e-01,  0.0000e+00]])
/home/shaoqi/code/SIGN_all/SIGN_data/Rossler_100000_power_law 3DGSI
-------------------------------- 
--------Testing----------------- 
-------------------------------- 
loss_wf 6.7970724106 	loss_mse 0.0000000028 	loss_mape 0.0007846768 	weight_loss_mse 0.0000019159 	loss 0.0000019159 	inference time 2.4725549221 	
wf 0.1893 	 0.0000 	 0.0000 	 0.0000 	 -5.6796 	 0.0000 	 0.0000 	 0.0000 	 0.0000 	 0.0000 	 0.0000 	 0.0000 	 0.9281 	 0.0000 	
