/home/shaoqi/code/SIGN_all/SIGN_data/HR_1000_small_world 3DGSI
tensor([[ 0.0000e+00,  5.0550e-01,  0.0000e+00,  0.0000e+00,  0.0000e+00,
          0.0000e+00,  0.0000e+00,  0.0000e+00,  0.0000e+00,  0.0000e+00,
         -2.7821e-05,  0.0000e+00,  0.0000e+00]])
tensor([[ 3.2524e+00,  0.0000e+00,  0.0000e+00,  9.9790e-01, -1.0065e+00,
          2.9813e+00,  0.0000e+00,  0.0000e+00, -9.9494e-01,  0.0000e+00,
          0.0000e+00,  1.9964e-03,  0.0000e+00,  0.0000e+00]])
/home/shaoqi/code/SIGN_all/SIGN_data/HR_1000_small_world 3DGSI
-------------------------------- 
--------Testing----------------- 
-------------------------------- 
loss_wc 0.5025812984 	loss_wf 9.2432899475 	loss_mse 0.0000001677 	loss_mape 0.0013141568 	weight_loss_mse 0.0002342386 	loss 0.0002342386 	inference time 3.4308230877 	
wc 0.0000 	 0.5026 	 0.0000 	 0.0000 	 0.0000 	 0.0000 	 0.0000 	 0.0000 	 0.0000 	 0.0000 	 0.0000 	 0.0000 	 0.0000 	
wf 3.2593 	 0.0000 	 0.0000 	 0.9998 	 -1.0022 	 2.9823 	 0.0000 	 0.0000 	 -0.9997 	 0.0000 	 0.0000 	 0.0000 	 0.0000 	 0.0000 	
/home/shaoqi/code/SIGN_all/SIGN_data/HR_1000_small_world 3DGSI
tensor([[-5.9041e-03,  0.0000e+00, -1.6482e-03, -1.7557e-03, -2.1024e-03,
          2.0022e-05, -2.3289e-04,  7.8426e-04,  1.2155e-05, -1.3826e-02,
          1.6599e-05, -2.4434e-04, -0.0000e+00]])
tensor([[ 1.0585e+00, -0.0000e+00, -9.8490e-02, -9.0631e-01,  0.0000e+00,
         -4.9435e+00,  1.5025e-02,  0.0000e+00, -2.0369e-02,  6.2495e-04,
          0.0000e+00, -1.9822e-02, -0.0000e+00, -2.8020e-03]])
/home/shaoqi/code/SIGN_all/SIGN_data/HR_1000_small_world 3DGSI
-------------------------------- 
--------Testing----------------- 
-------------------------------- 
loss_wc 0.0288789663 	loss_wf 6.9132018089 	loss_mse 0.0000029741 	loss_mape 0.0011952779 	weight_loss_mse 0.0043048351 	loss 0.0043048351 	inference time 3.2675328255 	
wc -0.0062 	 0.0000 	 0.0000 	 0.0000 	 0.0000 	 0.0000 	 0.0000 	 0.0000 	 0.0000 	 -0.0227 	 0.0000 	 0.0000 	 0.0000 	
wf 0.9122 	 0.0000 	 0.0000 	 -1.0051 	 0.0000 	 -4.9959 	 0.0000 	 0.0000 	 0.0000 	 0.0000 	 0.0000 	 0.0000 	 0.0000 	 0.0000 	
/home/shaoqi/code/SIGN_all/SIGN_data/HR_1000_small_world 3DGSI
tensor([[ 0.0000e+00,  0.0000e+00,  0.0000e+00,  0.0000e+00,  0.0000e+00,
          0.0000e+00, -6.6083e-06,  0.0000e+00,  0.0000e+00,  0.0000e+00,
          0.0000e+00,  0.0000e+00,  0.0000e+00]])
tensor([[ 6.4376e-02,  0.0000e+00,  3.9997e-02,  1.2371e-04, -1.0036e-02,
          3.9209e-04,  0.0000e+00,  0.0000e+00, -1.3182e-04,  0.0000e+00,
          0.0000e+00,  0.0000e+00,  0.0000e+00,  1.3532e-05]])
/home/shaoqi/code/SIGN_all/SIGN_data/HR_1000_small_world 3DGSI
-------------------------------- 
--------Testing----------------- 
-------------------------------- 
loss_wf 0.1130435094 	loss_mse 0.0000000001 	loss_mape 0.0000120257 	weight_loss_mse 0.0000000964 	loss 0.0000000964 	inference time 3.3460605145 	
wf 0.0636 	 0.0000 	 0.0400 	 0.0000 	 -0.0094 	 0.0000 	 0.0000 	 0.0000 	 0.0000 	 0.0000 	 0.0000 	 0.0000 	 0.0000 	 0.0000 	
#######################################################################################################################
/home/shaoqi/code/SIGN_all/SIGN_data/HR_100000_small_world 3DGSI
tensor([[ 0.0000e+00,  5.0690e-01,  0.0000e+00,  0.0000e+00,  0.0000e+00,
          0.0000e+00,  0.0000e+00,  0.0000e+00,  0.0000e+00,  0.0000e+00,
         -4.5321e-05,  0.0000e+00,  0.0000e+00]])
tensor([[ 3.2575e+00,  0.0000e+00,  0.0000e+00,  9.9667e-01, -1.0083e+00,
          2.9706e+00,  0.0000e+00,  0.0000e+00, -9.9154e-01,  0.0000e+00,
          0.0000e+00,  3.1424e-03,  0.0000e+00,  0.0000e+00]])
/home/shaoqi/code/SIGN_all/SIGN_data/HR_100000_small_world 3DGSI
-------------------------------- 
--------Testing----------------- 
-------------------------------- 
loss_wc 0.4995177686 	loss_wf 9.1919450760 	loss_mse 0.0000002289 	loss_mape 0.0015198914 	weight_loss_mse 0.0002136663 	loss 0.0099051287 	inference time 8.7560708523 	
wc 0.0000 	 0.4995 	 0.0000 	 0.0000 	 0.0000 	 0.0000 	 0.0000 	 0.0000 	 0.0000 	 0.0000 	 0.0000 	 0.0000 	 0.0000 	
wf 3.2563 	 0.0000 	 0.0000 	 0.9982 	 -0.9879 	 2.9575 	 0.0000 	 0.0000 	 -0.9921 	 0.0000 	 0.0000 	 0.0000 	 0.0000 	 0.0000 	
/home/shaoqi/code/SIGN_all/SIGN_data/HR_100000_small_world 3DGSI
tensor([[-1.1210e-02,  0.0000e+00, -2.4544e-03, -9.6926e-04, -2.6046e-03,
          7.5229e-06, -1.3825e-04,  4.8432e-04, -2.8897e-07, -2.9513e-02,
          2.1653e-06, -0.0000e+00, -0.0000e+00]])
tensor([[ 1.1267e+00, -0.0000e+00, -1.9471e-01, -8.2306e-01,  0.0000e+00,
         -4.9142e+00,  3.5580e-02,  0.0000e+00, -3.4183e-02,  1.9692e-03,
          0.0000e+00, -4.0295e-02, -0.0000e+00, -0.0000e+00]])
/home/shaoqi/code/SIGN_all/SIGN_data/HR_100000_small_world 3DGSI
-------------------------------- 
--------Testing----------------- 
-------------------------------- 
loss_wc 0.0499523021 	loss_wf 6.8477840424 	loss_mse 0.0000036901 	loss_mape 0.0014715375 	weight_loss_mse 0.0034191778 	loss 0.0034191778 	inference time 8.0635879040 	
wc -0.0115 	 0.0000 	 0.0000 	 0.0000 	 0.0000 	 0.0000 	 0.0000 	 0.0000 	 0.0000 	 -0.0385 	 0.0000 	 0.0000 	 0.0000 	
wf 0.8567 	 0.0000 	 0.0000 	 -0.9991 	 0.0000 	 -4.9920 	 0.0000 	 0.0000 	 0.0000 	 0.0000 	 0.0000 	 0.0000 	 0.0000 	 0.0000 	
/home/shaoqi/code/SIGN_all/SIGN_data/HR_100000_small_world 3DGSI
tensor([[ 0.0000e+00,  0.0000e+00,  0.0000e+00,  0.0000e+00,  0.0000e+00,
          0.0000e+00, -9.5273e-06,  0.0000e+00,  0.0000e+00,  0.0000e+00,
          0.0000e+00,  0.0000e+00,  0.0000e+00]])
tensor([[ 6.4549e-02,  0.0000e+00,  3.9996e-02,  1.8244e-04, -1.0039e-02,
          5.8758e-04,  0.0000e+00,  0.0000e+00, -1.9791e-04,  0.0000e+00,
          0.0000e+00,  0.0000e+00,  0.0000e+00,  2.3357e-05]])
/home/shaoqi/code/SIGN_all/SIGN_data/HR_100000_small_world 3DGSI
-------------------------------- 
--------Testing----------------- 
-------------------------------- 
loss_wf 0.1118478328 	loss_mse 0.0000000001 	loss_mape 0.0000156505 	weight_loss_mse 0.0000000897 	loss 0.0000000897 	inference time 7.6201543808 	
wf 0.0631 	 0.0000 	 0.0401 	 0.0000 	 -0.0087 	 0.0000 	 0.0000 	 0.0000 	 0.0000 	 0.0000 	 0.0000 	 0.0000 	 0.0000 	 0.0000
#################################################################################### 	
/home/shaoqi/code/SIGN_all/SIGN_data/HR_10670_oregon 3DGSI
tensor([[0.0000, 0.4960, 0.0000, 0.0000, 0.0018, 0.0000, 0.0000, 0.0000, 0.0000,
         0.0000, 0.0000, 0.0000, 0.0000]])
tensor([[ 3.2566e+00,  0.0000e+00,  0.0000e+00,  1.0002e+00, -9.9920e-01,
          2.9872e+00,  0.0000e+00,  0.0000e+00, -9.9793e-01,  0.0000e+00,
          0.0000e+00,  0.0000e+00, -2.8084e-03,  0.0000e+00]])
/home/shaoqi/code/SIGN_all/SIGN_data/HR_10670_oregon 3DGSI
-------------------------------- 
--------Testing----------------- 
-------------------------------- 
loss_wc 0.3930682540 	loss_wf 9.1943521500 	loss_mse 0.0000000577 	loss_mape 0.0003523743 	weight_loss_mse 0.0001969874 	loss 0.0001969874 	inference time 2.4104113579 	
wc 0.0000 	 0.3931 	 0.0000 	 0.0000 	 0.0000 	 0.0000 	 0.0000 	 0.0000 	 0.0000 	 0.0000 	 0.0000 	 0.0000 	 0.0000 	
wf 3.2727 	 0.0000 	 0.0000 	 1.0009 	 -0.9696 	 2.9608 	 0.0000 	 0.0000 	 -0.9903 	 0.0000 	 0.0000 	 0.0000 	 0.0000 	 0.0000 	
/home/shaoqi/code/SIGN_all/SIGN_data/HR_10670_oregon 3DGSI
tensor([[0.0000, 0.0000, 0.0000, 0.0000, 0.0000, 0.0000, 0.0000, 0.0000, 0.0000,
         0.0000, 0.0000, 0.0000, 0.0010]])
tensor([[ 0.9790,  0.0193, -0.0910, -1.0012,  0.0000, -4.9920,  0.0000,  0.0000,
          0.0000,  0.0000,  0.0000, -0.0139,  0.0095,  0.0000]])
/home/shaoqi/code/SIGN_all/SIGN_data/HR_10670_oregon 3DGSI
-------------------------------- 
--------Testing----------------- 
-------------------------------- 
loss_wf 6.9028711319 	loss_mse 0.0000000296 	loss_mape 0.0002980732 	weight_loss_mse 0.0000261957 	loss 0.0000261957 	inference time 2.0139858723 	
wf 0.8934 	 0.0000 	 0.0000 	 -1.0154 	 0.0000 	 -4.9940 	 0.0000 	 0.0000 	 0.0000 	 0.0000 	 0.0000 	 0.0000 	 0.0000 	 0.0000 	
/home/shaoqi/code/SIGN_all/SIGN_data/HR_10670_oregon 3DGSI
tensor([[ 0.0000e+00, -1.4738e-06,  0.0000e+00,  0.0000e+00,  0.0000e+00,
          0.0000e+00,  0.0000e+00,  0.0000e+00,  0.0000e+00,  0.0000e+00,
          0.0000e+00,  0.0000e+00,  0.0000e+00]])
tensor([[ 6.4197e-02,  0.0000e+00,  4.0000e-02,  5.9966e-05, -1.0058e-02,
          1.7585e-04,  0.0000e+00,  0.0000e+00, -5.8965e-05,  0.0000e+00,
          0.0000e+00,  0.0000e+00,  0.0000e+00,  0.0000e+00]])
/home/shaoqi/code/SIGN_all/SIGN_data/HR_10670_oregon 3DGSI
-------------------------------- 
--------Testing----------------- 
-------------------------------- 
loss_wf 0.1098826081 	loss_mse 0.0000000000 	loss_mape 0.0000129105 	weight_loss_mse 0.0000000270 	loss 0.0000000270 	inference time 2.0681812763 	
wf 0.0619 	 0.0000 	 0.0409 	 0.0000 	 -0.0071 	 0.0000 	 0.0000 	 0.0000 	 0.0000 	 0.0000 	 0.0000 	 0.0000 	 0.0000 	 0.0000 	
###########################################################################
/home/shaoqi/code/SIGN_all/SIGN_data/HR_28281_deezer 3DGSI
tensor([[ 7.5238e-03,  3.9403e-01, -0.0000e+00,  1.8663e-02,  0.0000e+00,
         -2.8348e-03, -1.8391e-03,  0.0000e+00,  2.9345e-04, -2.0859e-03,
         -1.4831e-06, -2.9998e-03, -1.6843e-03]])
tensor([[ 2.7059e+00,  0.0000e+00,  0.0000e+00,  8.3299e-01, -0.0000e+00,
          2.7246e+00, -2.3361e-02, -3.6930e-01, -8.6930e-01, -1.4328e-03,
         -0.0000e+00,  1.7306e-02,  0.0000e+00,  6.5483e-02]])
/home/shaoqi/code/SIGN_all/SIGN_data/HR_28281_deezer 3DGSI
tensor([[ 0.0000e+00,  4.9881e-01,  0.0000e+00,  2.6934e-05,  0.0000e+00,
          0.0000e+00,  0.0000e+00, -1.0114e-02,  0.0000e+00,  0.0000e+00,
         -1.2472e-06,  0.0000e+00,  0.0000e+00]])
tensor([[ 3.2428e+00,  0.0000e+00,  1.4515e-02,  9.9738e-01, -9.9865e-01,
          2.9850e+00,  0.0000e+00,  0.0000e+00, -9.9822e-01,  0.0000e+00,
          0.0000e+00,  2.8986e-03,  0.0000e+00,  0.0000e+00]])
/home/shaoqi/code/SIGN_all/SIGN_data/HR_28281_deezer 3DGSI
-------------------------------- 
--------Testing----------------- 
-------------------------------- 
loss_wc 0.4949133694 	loss_wf 9.2518424988 	loss_mse 0.0000006111 	loss_mape 0.0030905739 	weight_loss_mse 0.0007593451 	loss 0.0105061019 	inference time 4.1825957298 	
wc 0.0000 	 0.4949 	 0.0000 	 0.0000 	 0.0000 	 0.0000 	 0.0000 	 0.0000 	 0.0000 	 0.0000 	 0.0000 	 0.0000 	 0.0000 	
wf 3.2582 	 0.0000 	 0.0000 	 1.0009 	 -1.0010 	 2.9908 	 0.0000 	 0.0000 	 -1.0010 	 0.0000 	 0.0000 	 0.0000 	 0.0000 	 0.0000 	
/home/shaoqi/code/SIGN_all/SIGN_data/HR_28281_deezer 3DGSI
tensor([[-1.4197e-03,  0.0000e+00, -4.2627e-04,  7.5534e-05, -4.4632e-04,
          3.0069e-06,  7.9889e-06,  2.8280e-04, -2.2720e-07, -5.9592e-03,
          3.3516e-07, -0.0000e+00,  0.0000e+00]])
tensor([[ 1.1576e+00, -0.0000e+00, -1.1429e-01, -8.2382e-01,  0.0000e+00,
         -4.9139e+00,  3.2619e-02,  0.0000e+00, -2.5757e-02,  1.6886e-03,
          0.0000e+00, -1.6058e-02, -0.0000e+00, -0.0000e+00]])
/home/shaoqi/code/SIGN_all/SIGN_data/HR_28281_deezer 3DGSI
-------------------------------- 
--------Testing----------------- 
-------------------------------- 
loss_wc 0.0097544994 	loss_wf 6.9524345398 	loss_mse 0.0000105144 	loss_mape 0.0015113951 	weight_loss_mse 0.0140771018 	loss 0.0140771018 	inference time 2.9255619049 	
wc 0.0000 	 0.0000 	 0.0000 	 0.0000 	 0.0000 	 0.0000 	 0.0000 	 0.0000 	 0.0000 	 -0.0098 	 0.0000 	 0.0000 	 0.0000 	
wf 0.9428 	 0.0000 	 0.0000 	 -1.0130 	 0.0000 	 -4.9965 	 0.0000 	 0.0000 	 0.0000 	 0.0000 	 0.0000 	 0.0000 	 0.0000 	 0.0000 	
/home/shaoqi/code/SIGN_all/SIGN_data/HR_28281_deezer 3DGSI
tensor([[ 0.0000e+00, -2.6166e-06,  0.0000e+00,  0.0000e+00,  0.0000e+00,
          0.0000e+00,  0.0000e+00,  0.0000e+00,  0.0000e+00,  0.0000e+00,
          0.0000e+00,  0.0000e+00,  0.0000e+00]])
tensor([[ 6.4316e-02,  0.0000e+00,  3.9977e-02,  1.1431e-04, -1.0047e-02,
          3.0012e-04,  1.8466e-06,  0.0000e+00, -9.4252e-05,  0.0000e+00,
          0.0000e+00,  1.6062e-06,  7.3301e-06,  6.9391e-06]])
/home/shaoqi/code/SIGN_all/SIGN_data/HR_28281_deezer 3DGSI
-------------------------------- 
--------Testing----------------- 
-------------------------------- 
loss_wf 0.1136130691 	loss_mse 0.0000000002 	loss_mape 0.0000280013 	weight_loss_mse 0.0000003277 	loss 0.0001139407 	inference time 3.4310407639 	
wf 0.0638 	 0.0000 	 0.0400 	 0.0000 	 -0.0098 	 0.0000 	 0.0000 	 0.0000 	 0.0000 	 0.0000 	 0.0000 	 0.0000 	 0.0000 	 0.0000 	
#################################################################################
