/home/shaoqi/code/SIGN_all/SIGN_data/HeatDiffusion_10_small_world 3CGSI
tensor([[0.0000, 0.2775, 0.0000, 0.0000, 0.0000, 0.0000, 0.0000, 0.0000, 0.0000,
         0.0000, 0.0000, 0.0000, 0.0000, 0.0000, 0.0000, 0.0000, 0.0000, 0.0000,
         0.0000, 0.0000, 0.0000, 0.0000, 0.0000, 0.0000, 0.0000]])
tensor([[0., 0., 0., 0., 0., 0., 0., 0., 0.]])
/home/shaoqi/code/SIGN_all/SIGN_data/HeatDiffusion_10_small_world 3CGSI
-------------------------------- 
--------Testing----------------- 
-------------------------------- 
loss_wc 0.2991217077 	loss_mse 0.0000030809 	loss_mape 0.0000748905 	weight_loss_mse 0.0000070043 	loss 0.0000070043 	inference time 0.4867281914 	
wc 0.0000 	 0.2991 	 0.0000 	 0.0000 	 0.0000 	 0.0000 	 0.0000 	 0.0000 	 0.0000 	 0.0000 	 0.0000 	 0.0000 	 0.0000 	 0.0000 	 0.0000 	 0.0000 	 0.0000 	 0.0000 	 0.0000 	 0.0000 	 0.0000 	 0.0000 	 0.0000 	 0.0000 	 0.0000 	
/home/shaoqi/code/SIGN_all/SIGN_data/HeatDiffusion_100_small_world 3CGSI
tensor([[0.0000, 0.2771, 0.0000, 0.0000, 0.0000, 0.0000, 0.0000, 0.0000, 0.0000,
         0.0000, 0.0000, 0.0000, 0.0000, 0.0000, 0.0000, 0.0000, 0.0000, 0.0000,
         0.0000, 0.0000, 0.0000, 0.0000, 0.0000, 0.0000, 0.0000]])
tensor([[0., 0., 0., 0., 0., 0., 0., 0., 0.]])
/home/shaoqi/code/SIGN_all/SIGN_data/HeatDiffusion_100_small_world 3CGSI
-------------------------------- 
--------Testing----------------- 
-------------------------------- 
loss_wc 0.2944550514 	loss_mse 0.0000182160 	loss_mape 0.0002349581 	weight_loss_mse 0.0000438187 	loss 0.0000438187 	inference time 0.5180346171 	
wc 0.0000 	 0.2945 	 0.0000 	 0.0000 	 0.0000 	 0.0000 	 0.0000 	 0.0000 	 0.0000 	 0.0000 	 0.0000 	 0.0000 	 0.0000 	 0.0000 	 0.0000 	 0.0000 	 0.0000 	 0.0000 	 0.0000 	 0.0000 	 0.0000 	 0.0000 	 0.0000 	 0.0000 	 0.0000 	
/home/shaoqi/code/SIGN_all/SIGN_data/HeatDiffusion_1000_small_world 3CGSI
tensor([[0.0000, 0.2781, 0.0000, 0.0000, 0.0000, 0.0000, 0.0000, 0.0000, 0.0000,
         0.0000, 0.0000, 0.0000, 0.0000, 0.0000, 0.0000, 0.0000, 0.0000, 0.0000,
         0.0000, 0.0000, 0.0000, 0.0000, 0.0000, 0.0000, 0.0000]])
tensor([[ 0.0722, -0.0135,  0.0000,  0.0000,  0.0000,  0.0000,  0.0000,  0.0000,
          0.0000]])
/home/shaoqi/code/SIGN_all/SIGN_data/HeatDiffusion_1000_small_world 3CGSI
-------------------------------- 
--------Testing----------------- 
-------------------------------- 
loss_wc 0.2929827273 	loss_wf 0.0895458087 	loss_mse 0.0000085029 	loss_mape 0.0003484884 	weight_loss_mse 0.0000156856 	loss 0.0000156856 	inference time 0.5048677921 	
wc 0.0000 	 0.2930 	 0.0000 	 0.0000 	 0.0000 	 0.0000 	 0.0000 	 0.0000 	 0.0000 	 0.0000 	 0.0000 	 0.0000 	 0.0000 	 0.0000 	 0.0000 	 0.0000 	 0.0000 	 0.0000 	 0.0000 	 0.0000 	 0.0000 	 0.0000 	 0.0000 	 0.0000 	 0.0000 	
wf 0.0760 	 -0.0135 	 0.0000 	 0.0000 	 0.0000 	 0.0000 	 0.0000 	 0.0000 	 0.0000 	
/home/shaoqi/code/SIGN_all/SIGN_data/Kuramoto_10_power_law 3CGSI
tensor([[0.0000, 0.0000, 0.0000, 0.0000, 0.0000, 0.0000, 0.0000, 0.0000, 0.0000,
         0.0000, 0.0000, 0.0000, 0.0000, 0.0000, 0.0000, 0.0000, 0.0000, 0.0997,
         0.0000, 0.0000, 0.0000, 0.0000, 0.0000, 0.0000, 0.0000]])
tensor([[0.2998, 0.0000, 0.0000, 0.0000, 0.0000, 0.0000, 0.0000, 0.0000, 0.0000]])
/home/shaoqi/code/SIGN_all/SIGN_data/Kuramoto_10_power_law 3CGSI
-------------------------------- 
--------Testing----------------- 
-------------------------------- 
loss_wc 0.1001535580 	loss_wf 0.2996738553 	loss_mse 0.0000000084 	loss_mape 0.0000143222 	weight_loss_mse 0.0000000205 	loss 0.0000000205 	inference time 0.4916265011 	
wc 0.0000 	 0.0000 	 0.0000 	 0.0000 	 0.0000 	 0.0000 	 0.0000 	 0.0000 	 0.0000 	 0.0000 	 0.0000 	 0.0000 	 0.0000 	 0.0000 	 0.0000 	 0.0000 	 0.0000 	 0.1002 	 0.0000 	 0.0000 	 0.0000 	 0.0000 	 0.0000 	 0.0000 	 0.0000 	
wf 0.2997 	 0.0000 	 0.0000 	 0.0000 	 0.0000 	 0.0000 	 0.0000 	 0.0000 	 0.0000 	
/home/shaoqi/code/SIGN_all/SIGN_data/Kuramoto_100_power_law 3CGSI
tensor([[0.0000, 0.0000, 0.0000, 0.0000, 0.0000, 0.0000, 0.0000, 0.0000, 0.0000,
         0.0000, 0.0000, 0.0000, 0.0000, 0.0000, 0.0000, 0.0000, 0.0000, 0.0989,
         0.0000, 0.0000, 0.0000, 0.0000, 0.0000, 0.0000, 0.0000]])
tensor([[0.3002, 0.0000, 0.0000, 0.0000, 0.0000, 0.0000, 0.0000, 0.0000, 0.0000]])
/home/shaoqi/code/SIGN_all/SIGN_data/Kuramoto_100_power_law 3CGSI
-------------------------------- 
--------Testing----------------- 
-------------------------------- 
loss_wc 0.0988278016 	loss_wf 0.3000843525 	loss_mse 0.0000075996 	loss_mape 0.0001356928 	weight_loss_mse 0.0000342133 	loss 0.0000342133 	inference time 0.5266275406 	
wc 0.0000 	 0.0000 	 0.0000 	 0.0000 	 0.0000 	 0.0000 	 0.0000 	 0.0000 	 0.0000 	 0.0000 	 0.0000 	 0.0000 	 0.0000 	 0.0000 	 0.0000 	 0.0000 	 0.0000 	 0.0988 	 0.0000 	 0.0000 	 0.0000 	 0.0000 	 0.0000 	 0.0000 	 0.0000 	
wf 0.3001 	 0.0000 	 0.0000 	 0.0000 	 0.0000 	 0.0000 	 0.0000 	 0.0000 	 0.0000 	
/home/shaoqi/code/SIGN_all/SIGN_data/Kuramoto_1000_power_law 3CGSI
tensor([[0.0000, 0.0000, 0.0000, 0.0000, 0.0000, 0.0000, 0.0000, 0.0000, 0.0000,
         0.0000, 0.0000, 0.0000, 0.0000, 0.0000, 0.0000, 0.0000, 0.0000, 0.0994,
         0.0000, 0.0000, 0.0000, 0.0000, 0.0000, 0.0000, 0.0000]])
tensor([[0.2975, 0.0000, 0.0000, 0.0000, 0.0118, 0.0000, 0.0000, 0.0000, 0.0000]])
/home/shaoqi/code/SIGN_all/SIGN_data/Kuramoto_1000_power_law 3CGSI
-------------------------------- 
--------Testing----------------- 
-------------------------------- 
loss_wc 0.0985449776 	loss_wf 0.3067158461 	loss_mse 0.0000223532 	loss_mape 0.0003143965 	weight_loss_mse 0.0001261874 	loss 0.0001261874 	inference time 0.5893859863 	
wc 0.0000 	 0.0000 	 0.0000 	 0.0000 	 0.0000 	 0.0000 	 0.0000 	 0.0000 	 0.0000 	 0.0000 	 0.0000 	 0.0000 	 0.0000 	 0.0000 	 0.0000 	 0.0000 	 0.0000 	 0.0985 	 0.0000 	 0.0000 	 0.0000 	 0.0000 	 0.0000 	 0.0000 	 0.0000 	
wf 0.2950 	 0.0000 	 0.0000 	 0.0000 	 0.0117 	 0.0000 	 0.0000 	 0.0000 	 0.0000 	
/home/shaoqi/code/SIGN_all/SIGN_data/Kuramoto_10000_power_law 3CGSI
tensor([[0.0000, 0.0000, 0.0000, 0.0000, 0.0000, 0.0000, 0.0000, 0.0000, 0.0000,
         0.0000, 0.0000, 0.0000, 0.0000, 0.0000, 0.0000, 0.0000, 0.0000, 0.0974,
         0.0000, 0.0000, 0.0000, 0.0000, 0.0000, 0.0000, 0.0000]])
tensor([[0.2935, 0.0000, 0.0000, 0.0000, 0.0000, 0.0000, 0.0000, 0.0000, 0.0000]])
/home/shaoqi/code/SIGN_all/SIGN_data/Kuramoto_10000_power_law 3CGSI
-------------------------------- 
--------Testing----------------- 
-------------------------------- 
loss_wc 0.0983301103 	loss_wf 0.2959524691 	loss_mse 0.0000575445 	loss_mape 0.0002788151 	weight_loss_mse 0.0004290782 	loss 0.0004290782 	inference time 1.5967619419 	
wc 0.0000 	 0.0000 	 0.0000 	 0.0000 	 0.0000 	 0.0000 	 0.0000 	 0.0000 	 0.0000 	 0.0000 	 0.0000 	 0.0000 	 0.0000 	 0.0000 	 0.0000 	 0.0000 	 0.0000 	 0.0983 	 0.0000 	 0.0000 	 0.0000 	 0.0000 	 0.0000 	 0.0000 	 0.0000 	
wf 0.2960 	 0.0000 	 0.0000 	 0.0000 	 0.0000 	 0.0000 	 0.0000 	 0.0000 	 0.0000 	
/home/shaoqi/code/SIGN_all/SIGN_data/Kuramoto_100000_power_law 3CGSI
tensor([[0.0000, 0.0000, 0.0000, 0.0000, 0.0000, 0.0000, 0.0000, 0.0000, 0.0000,
         0.0000, 0.0000, 0.0000, 0.0000, 0.0000, 0.0000, 0.0000, 0.0000, 0.0989,
         0.0000, 0.0000, 0.0000, 0.0000, 0.0000, 0.0000, 0.0000]])
tensor([[0.3024, 0.0000, 0.0000, 0.0000, 0.0000, 0.0000, 0.0000, 0.0000, 0.0000]])
/home/shaoqi/code/SIGN_all/SIGN_data/Kuramoto_100000_power_law 3CGSI
-------------------------------- 
--------Testing----------------- 
-------------------------------- 
loss_wc 0.0970841199 	loss_wf 0.2969174981 	loss_mse 0.0004108340 	loss_mape 0.0003118435 	weight_loss_mse 0.0039288257 	loss 0.0039288257 	inference time 1.5893321037 	
wc 0.0000 	 0.0000 	 0.0000 	 0.0000 	 0.0000 	 0.0000 	 0.0000 	 0.0000 	 0.0000 	 0.0000 	 0.0000 	 0.0000 	 0.0000 	 0.0000 	 0.0000 	 0.0000 	 0.0000 	 0.0971 	 0.0000 	 0.0000 	 0.0000 	 0.0000 	 0.0000 	 0.0000 	 0.0000 	
wf 0.2969 	 0.0000 	 0.0000 	 0.0000 	 0.0000 	 0.0000 	 0.0000 	 0.0000 	 0.0000 	
#################################################1125
/home/shaoqi/code/SIGN_all/SIGN_data/HeatDiffusion_10_small_world 3CGSI
tensor([[0.0000, 0.2795, 0.0000, 0.0000, 0.0000, 0.0000, 0.0000, 0.0000, 0.0000,
         0.0000, 0.0000, 0.0000, 0.0000, 0.0000, 0.0000, 0.0000, 0.0000, 0.0000,
         0.0000, 0.0000, 0.0000, 0.0000, 0.0000, 0.0000, 0.0000]])
tensor([[0.0000, 0.0000, 0.0000, 0.0000, 0.0589, 0.0000, 0.0000, 0.0000, 0.0000]])
/home/shaoqi/code/SIGN_all/SIGN_data/HeatDiffusion_10_small_world 3CGSI
-------------------------------- 
--------Testing----------------- 
-------------------------------- 
loss_wc 0.2976710498 	loss_wf 0.0472922213 	loss_mse 0.0000357870 	loss_mape 0.0004037273 	weight_loss_mse 0.0000800512 	loss 0.0000800512 	inference time 0.4882856210 	
wc 0.0000 	 0.2977 	 0.0000 	 0.0000 	 0.0000 	 0.0000 	 0.0000 	 0.0000 	 0.0000 	 0.0000 	 0.0000 	 0.0000 	 0.0000 	 0.0000 	 0.0000 	 0.0000 	 0.0000 	 0.0000 	 0.0000 	 0.0000 	 0.0000 	 0.0000 	 0.0000 	 0.0000 	 0.0000 	
wf 0.0000 	 0.0000 	 0.0000 	 0.0000 	 0.0473 	 0.0000 	 0.0000 	 0.0000 	 0.0000 	
/home/shaoqi/code/SIGN_all/SIGN_data/HeatDiffusion_100_small_world 3CGSI
tensor([[0.0000, 0.2830, 0.0000, 0.0000, 0.0000, 0.0000, 0.0000, 0.0000, 0.0000,
         0.0228, 0.0000, 0.0000, 0.0000, 0.0000, 0.0000, 0.0000, 0.0000, 0.0000,
         0.0000, 0.0000, 0.0000, 0.0000, 0.0000, 0.0000, 0.0000]])
tensor([[0., 0., 0., 0., 0., 0., 0., 0., 0.]])
/home/shaoqi/code/SIGN_all/SIGN_data/HeatDiffusion_100_small_world 3CGSI
-------------------------------- 
--------Testing----------------- 
-------------------------------- 
loss_wc 0.3146692514 	loss_mse 0.0000247185 	loss_mape 0.0004294266 	weight_loss_mse 0.0000569327 	loss 0.0000569327 	inference time 0.5310557683 	
wc 0.0000 	 0.2957 	 0.0000 	 0.0000 	 0.0000 	 0.0000 	 0.0000 	 0.0000 	 0.0000 	 0.0190 	 0.0000 	 0.0000 	 0.0000 	 0.0000 	 0.0000 	 0.0000 	 0.0000 	 0.0000 	 0.0000 	 0.0000 	 0.0000 	 0.0000 	 0.0000 	 0.0000 	 0.0000 	
/home/shaoqi/code/SIGN_all/SIGN_data/HeatDiffusion_1000_small_world 3CGSI
tensor([[0.0000, 0.2781, 0.0000, 0.0000, 0.0000, 0.0000, 0.0000, 0.0000, 0.0000,
         0.0000, 0.0000, 0.0000, 0.0000, 0.0000, 0.0000, 0.0000, 0.0000, 0.0054,
         0.0000, 0.0000, 0.0000, 0.0000, 0.0000, 0.0000, 0.0000]])
tensor([[ 0.0000, -0.0093,  0.0000,  0.0000,  0.0000,  0.0000,  0.0000,  0.0000,
          0.0000]])
/home/shaoqi/code/SIGN_all/SIGN_data/HeatDiffusion_1000_small_world 3CGSI
-------------------------------- 
--------Testing----------------- 
-------------------------------- 
loss_wc 0.2923542261 	loss_wf 0.0086093508 	loss_mse 0.0001557134 	loss_mape 0.0018992528 	weight_loss_mse 0.0002840954 	loss 0.0002840954 	inference time 0.5044052601 	
wc 0.0000 	 0.2868 	 0.0000 	 0.0000 	 0.0000 	 0.0000 	 0.0000 	 0.0000 	 0.0000 	 0.0000 	 0.0000 	 0.0000 	 0.0000 	 0.0000 	 0.0000 	 0.0000 	 0.0000 	 0.0056 	 0.0000 	 0.0000 	 0.0000 	 0.0000 	 0.0000 	 0.0000 	 0.0000 	
wf 0.0000 	 -0.0086 	 0.0000 	 0.0000 	 0.0000 	 0.0000 	 0.0000 	 0.0000 	 0.0000 	
/home/shaoqi/code/SIGN_all/SIGN_data/HeatDiffusion_10000_small_world 3CGSI
tensor([[0.0000, 0.2796, 0.0000, 0.0000, 0.0000, 0.0000, 0.0000, 0.0000, 0.0000,
         0.0000, 0.0000, 0.0000, 0.0000, 0.0000, 0.0000, 0.0000, 0.0000, 0.0000,
         0.0000, 0.0000, 0.0000, 0.0000, 0.0000, 0.0000, 0.0000]])
tensor([[ 0.0567, -0.0100,  0.0000,  0.0000,  0.0000,  0.0000,  0.0000,  0.0000,
          0.0000]])
/home/shaoqi/code/SIGN_all/SIGN_data/HeatDiffusion_10000_small_world 3CGSI
-------------------------------- 
--------Testing----------------- 
-------------------------------- 
loss_wc 0.2878323197 	loss_wf 0.0652250573 	loss_mse 0.0000181040 	loss_mape 0.0003614142 	weight_loss_mse 0.0000371127 	loss 0.0000371127 	inference time 1.0606949329 	
wc 0.0000 	 0.2878 	 0.0000 	 0.0000 	 0.0000 	 0.0000 	 0.0000 	 0.0000 	 0.0000 	 0.0000 	 0.0000 	 0.0000 	 0.0000 	 0.0000 	 0.0000 	 0.0000 	 0.0000 	 0.0000 	 0.0000 	 0.0000 	 0.0000 	 0.0000 	 0.0000 	 0.0000 	 0.0000 	
wf 0.0551 	 -0.0101 	 0.0000 	 0.0000 	 0.0000 	 0.0000 	 0.0000 	 0.0000 	 0.0000 	
/home/shaoqi/code/SIGN_all/SIGN_data/HeatDiffusion_100000_small_world 3CGSI
tensor([[0.0000, 0.2781, 0.0000, 0.0000, 0.0000, 0.0000, 0.0000, 0.0000, 0.0000,
         0.0000, 0.0000, 0.0000, 0.0000, 0.0000, 0.0000, 0.0000, 0.0000, 0.0000,
         0.0000, 0.0000, 0.0000, 0.0000, 0.0000, 0.0000, 0.0000]])
tensor([[ 0.0704, -0.0127,  0.0000,  0.0000,  0.0000,  0.0000,  0.0000,  0.0000,
          0.0000]])
/home/shaoqi/code/SIGN_all/SIGN_data/HeatDiffusion_100000_small_world 3CGSI
-------------------------------- 
--------Testing----------------- 
-------------------------------- 
loss_wc 0.2863449156 	loss_wf 0.0839633569 	loss_mse 0.0000204245 	loss_mape 0.0004150726 	weight_loss_mse 0.0000410369 	loss 0.0000410369 	inference time 1.1418497562 	
wc 0.0000 	 0.2863 	 0.0000 	 0.0000 	 0.0000 	 0.0000 	 0.0000 	 0.0000 	 0.0000 	 0.0000 	 0.0000 	 0.0000 	 0.0000 	 0.0000 	 0.0000 	 0.0000 	 0.0000 	 0.0000 	 0.0000 	 0.0000 	 0.0000 	 0.0000 	 0.0000 	 0.0000 	 0.0000 	
wf 0.0710 	 -0.0129 	 0.0000 	 0.0000 	 0.0000 	 0.0000 	 0.0000 	 0.0000 	 0.0000 	
/home/shaoqi/code/SIGN_all/SIGN_data/Kuramoto_10_power_law 3CGSI
tensor([[0.0000, 0.0000, 0.0000, 0.0000, 0.0000, 0.0000, 0.0000, 0.0000, 0.0000,
         0.0000, 0.0000, 0.0000, 0.0000, 0.0000, 0.0000, 0.0000, 0.0000, 0.0996,
         0.0000, 0.0000, 0.0000, 0.0000, 0.0000, 0.0000, 0.0000]])
tensor([[0.3004, 0.0000, 0.0000, 0.0000, 0.0000, 0.0000, 0.0000, 0.0000, 0.0000]])
/home/shaoqi/code/SIGN_all/SIGN_data/Kuramoto_10_power_law 3CGSI
-------------------------------- 
--------Testing----------------- 
-------------------------------- 
loss_wc 0.0999759808 	loss_wf 0.3000070155 	loss_mse 0.0000000016 	loss_mape 0.0000051683 	weight_loss_mse 0.0000000043 	loss 0.0000000043 	inference time 0.4992257754 	
wc 0.0000 	 0.0000 	 0.0000 	 0.0000 	 0.0000 	 0.0000 	 0.0000 	 0.0000 	 0.0000 	 0.0000 	 0.0000 	 0.0000 	 0.0000 	 0.0000 	 0.0000 	 0.0000 	 0.0000 	 0.1000 	 0.0000 	 0.0000 	 0.0000 	 0.0000 	 0.0000 	 0.0000 	 0.0000 	
wf 0.3000 	 0.0000 	 0.0000 	 0.0000 	 0.0000 	 0.0000 	 0.0000 	 0.0000 	 0.0000 	
/home/shaoqi/code/SIGN_all/SIGN_data/Kuramoto_100_power_law 3CGSI
tensor([[0.0000, 0.0000, 0.0000, 0.0000, 0.0000, 0.0000, 0.0000, 0.0000, 0.0000,
         0.0000, 0.0000, 0.0000, 0.0000, 0.0000, 0.0000, 0.0000, 0.0000, 0.0974,
         0.0000, 0.0000, 0.0000, 0.0000, 0.0000, 0.0000, 0.0000]])
tensor([[0.2998, 0.0000, 0.0000, 0.0000, 0.0000, 0.0000, 0.0000, 0.0000, 0.0000]])
/home/shaoqi/code/SIGN_all/SIGN_data/Kuramoto_100_power_law 3CGSI
-------------------------------- 
--------Testing----------------- 
-------------------------------- 
loss_wc 0.0985548273 	loss_wf 0.3001359403 	loss_mse 0.0000075545 	loss_mape 0.0001518240 	weight_loss_mse 0.0000337572 	loss 0.0000337572 	inference time 0.5472412904 	
wc 0.0000 	 0.0000 	 0.0000 	 0.0000 	 0.0000 	 0.0000 	 0.0000 	 0.0000 	 0.0000 	 0.0000 	 0.0000 	 0.0000 	 0.0000 	 0.0000 	 0.0000 	 0.0000 	 0.0000 	 0.0986 	 0.0000 	 0.0000 	 0.0000 	 0.0000 	 0.0000 	 0.0000 	 0.0000 	
wf 0.3001 	 0.0000 	 0.0000 	 0.0000 	 0.0000 	 0.0000 	 0.0000 	 0.0000 	 0.0000 	
/home/shaoqi/code/SIGN_all/SIGN_data/Kuramoto_1000_power_law 3CGSI
tensor([[0.0000, 0.0000, 0.0000, 0.0000, 0.0000, 0.0000, 0.0000, 0.0000, 0.0000,
         0.0000, 0.0000, 0.0000, 0.0000, 0.0000, 0.0000, 0.0000, 0.0000, 0.0992,
         0.0000, 0.0000, 0.0000, 0.0000, 0.0000, 0.0000, 0.0000]])
tensor([[0.3014, 0.0000, 0.0000, 0.0000, 0.0000, 0.0000, 0.0000, 0.0000, 0.0000]])
/home/shaoqi/code/SIGN_all/SIGN_data/Kuramoto_1000_power_law 3CGSI
-------------------------------- 
--------Testing----------------- 
-------------------------------- 
loss_wc 0.0979894400 	loss_wf 0.2977595925 	loss_mse 0.0000213859 	loss_mape 0.0002517483 	weight_loss_mse 0.0001217559 	loss 0.0001217559 	inference time 0.5980248451 	
wc 0.0000 	 0.0000 	 0.0000 	 0.0000 	 0.0000 	 0.0000 	 0.0000 	 0.0000 	 0.0000 	 0.0000 	 0.0000 	 0.0000 	 0.0000 	 0.0000 	 0.0000 	 0.0000 	 0.0000 	 0.0980 	 0.0000 	 0.0000 	 0.0000 	 0.0000 	 0.0000 	 0.0000 	 0.0000 	
wf 0.2978 	 0.0000 	 0.0000 	 0.0000 	 0.0000 	 0.0000 	 0.0000 	 0.0000 	 0.0000 	
/home/shaoqi/code/SIGN_all/SIGN_data/Kuramoto_10000_power_law 3CGSI
tensor([[0.0000, 0.0000, 0.0000, 0.0000, 0.0000, 0.0000, 0.0000, 0.0000, 0.0000,
         0.0000, 0.0000, 0.0000, 0.0000, 0.0000, 0.0000, 0.0000, 0.0000, 0.0975,
         0.0000, 0.0000, 0.0000, 0.0000, 0.0000, 0.0000, 0.0000]])
tensor([[ 0.3114,  0.0000,  0.0000,  0.0000,  0.0000,  0.0000, -0.0051,  0.0000,
          0.0000]])
/home/shaoqi/code/SIGN_all/SIGN_data/Kuramoto_10000_power_law 3CGSI
-------------------------------- 
--------Testing----------------- 
-------------------------------- 
loss_wc 0.1007902473 	loss_wf 0.3010389209 	loss_mse 0.0000607023 	loss_mape 0.0001329822 	weight_loss_mse 0.0004599578 	loss 0.0004599578 	inference time 1.6222565174 	
wc 0.0000 	 0.0000 	 0.0000 	 0.0000 	 0.0000 	 0.0000 	 0.0000 	 0.0000 	 0.0000 	 0.0000 	 0.0000 	 0.0000 	 0.0000 	 0.0000 	 0.0000 	 0.0000 	 0.0000 	 0.1008 	 0.0000 	 0.0000 	 0.0000 	 0.0000 	 0.0000 	 0.0000 	 0.0000 	
wf 0.3010 	 0.0000 	 0.0000 	 0.0000 	 0.0000 	 0.0000 	 0.0000 	 0.0000 	 0.0000 	
/home/shaoqi/code/SIGN_all/SIGN_data/Kuramoto_100000_power_law 3CGSI
tensor([[0.0000, 0.0069, 0.0000, 0.0000, 0.0000, 0.0000, 0.0000, 0.0000, 0.0000,
         0.0000, 0.0000, 0.0000, 0.0000, 0.0000, 0.0000, 0.0000, 0.0000, 0.0782,
         0.0000, 0.0000, 0.0000, 0.0000, 0.0000, 0.0000, 0.0000]])
tensor([[0.2941, 0.0000, 0.0000, 0.0000, 0.0000, 0.0000, 0.0000, 0.0000, 0.0000]])
/home/shaoqi/code/SIGN_all/SIGN_data/Kuramoto_100000_power_law 3CGSI
-------------------------------- 
--------Testing----------------- 
-------------------------------- 
loss_wc 0.0864081457 	loss_wf 0.2984451950 	loss_mse 0.0014779795 	loss_mape 0.0014884139 	weight_loss_mse 0.0140550230 	loss 0.0140550230 	inference time 1.6301081181 	
wc 0.0000 	 0.0070 	 0.0000 	 0.0000 	 0.0000 	 0.0000 	 0.0000 	 0.0000 	 0.0000 	 0.0000 	 0.0000 	 0.0000 	 0.0000 	 0.0000 	 0.0000 	 0.0000 	 0.0000 	 0.0794 	 0.0000 	 0.0000 	 0.0000 	 0.0000 	 0.0000 	 0.0000 	 0.0000 	
wf 0.2984 	 0.0000 	 0.0000 	 0.0000 	 0.0000 	 0.0000 	 0.0000 	 0.0000 	 0.0000 	
############################/home/shaoqi/code/SIGN_all/SIGN_data/HeatDiffusion_10_small_world 10CGSI
tensor([[0.0000, 0.2773, 0.0000, 0.0000, 0.0000, 0.0000, 0.0000, 0.0000, 0.0000,
         0.0000, 0.0000, 0.0000, 0.0000, 0.0000, 0.0000, 0.0000, 0.0000, 0.0064,
         0.0000, 0.0000, 0.0000, 0.0000, 0.0000, 0.0000, 0.0000]])
tensor([[0., 0., 0., 0., 0., 0., 0., 0., 0.]])
/home/shaoqi/code/SIGN_all/SIGN_data/HeatDiffusion_10_small_world 10CGSI
-------------------------------- 
--------Testing----------------- 
-------------------------------- 
loss_wc 0.3037891388 	loss_mse 0.0000039514 	loss_mape 0.0001277058 	weight_loss_mse 0.0000085211 	loss 0.0000085211 	inference time 0.4886577129 	
wc 0.0000 	 0.2972 	 0.0000 	 0.0000 	 0.0000 	 0.0000 	 0.0000 	 0.0000 	 0.0000 	 0.0000 	 0.0000 	 0.0000 	 0.0000 	 0.0000 	 0.0000 	 0.0000 	 0.0000 	 0.0066 	 0.0000 	 0.0000 	 0.0000 	 0.0000 	 0.0000 	 0.0000 	 0.0000 	
/home/shaoqi/code/SIGN_all/SIGN_data/HeatDiffusion_100_small_world 10CGSI
tensor([[ 0.0000,  0.2793,  0.0000,  0.0000,  0.0000,  0.0000,  0.0000,  0.0000,
          0.0000,  0.0000,  0.0000, -0.0452,  0.0000,  0.0000,  0.0000,  0.0000,
          0.0000,  0.0000,  0.0000,  0.0000,  0.0000,  0.0000,  0.0000,  0.0000,
          0.0000]])
tensor([[ 0.0693, -0.0113,  0.0000,  0.0000,  0.0000,  0.0000,  0.0000,  0.0000,
          0.0000]])
/home/shaoqi/code/SIGN_all/SIGN_data/HeatDiffusion_100_small_world 10CGSI
-------------------------------- 
--------Testing----------------- 
-------------------------------- 
loss_wc 0.3324241042 	loss_wf 0.0793697387 	loss_mse 0.0000315772 	loss_mape 0.0003308209 	weight_loss_mse 0.0000673962 	loss 0.0000673962 	inference time 0.5018768311 	
wc 0.0000 	 0.2912 	 0.0000 	 0.0000 	 0.0000 	 0.0000 	 0.0000 	 0.0000 	 0.0000 	 0.0000 	 0.0000 	 -0.0413 	 0.0000 	 0.0000 	 0.0000 	 0.0000 	 0.0000 	 0.0000 	 0.0000 	 0.0000 	 0.0000 	 0.0000 	 0.0000 	 0.0000 	 0.0000 	
wf 0.0679 	 -0.0115 	 0.0000 	 0.0000 	 0.0000 	 0.0000 	 0.0000 	 0.0000 	 0.0000 	
/home/shaoqi/code/SIGN_all/SIGN_data/HeatDiffusion_1000_small_world 10CGSI
tensor([[0.0000, 0.2828, 0.0000, 0.0000, 0.0000, 0.0000, 0.0000, 0.0000, 0.0000,
         0.0000, 0.0000, 0.0887, 0.0000, 0.0000, 0.0000, 0.0000, 0.0000, 0.0000,
         0.0000, 0.0000, 0.0000, 0.0000, 0.0000, 0.0000, 0.0000]])
tensor([[0., 0., 0., 0., 0., 0., 0., 0., 0.]])
/home/shaoqi/code/SIGN_all/SIGN_data/HeatDiffusion_1000_small_world 10CGSI
-------------------------------- 
--------Testing----------------- 
-------------------------------- 
loss_wc 0.3731252551 	loss_mse 0.0000144384 	loss_mape 0.0004091507 	weight_loss_mse 0.0000278182 	loss 0.0000278182 	inference time 0.5187804699 	
wc 0.0000 	 0.2915 	 0.0000 	 0.0000 	 0.0000 	 0.0000 	 0.0000 	 0.0000 	 0.0000 	 0.0000 	 0.0000 	 0.0816 	 0.0000 	 0.0000 	 0.0000 	 0.0000 	 0.0000 	 0.0000 	 0.0000 	 0.0000 	 0.0000 	 0.0000 	 0.0000 	 0.0000 	 0.0000 	
/home/shaoqi/code/SIGN_all/SIGN_data/HeatDiffusion_10000_small_world 10CGSI
tensor([[0.0000, 0.2837, 0.0000, 0.0000, 0.0000, 0.0000, 0.0000, 0.0000, 0.0000,
         0.0280, 0.0000, 0.0000, 0.0000, 0.0000, 0.0000, 0.0000, 0.0000, 0.0000,
         0.0000, 0.0000, 0.0000, 0.0000, 0.0000, 0.0000, 0.0000]])
tensor([[0., 0., 0., 0., 0., 0., 0., 0., 0.]])
/home/shaoqi/code/SIGN_all/SIGN_data/HeatDiffusion_10000_small_world 10CGSI
-------------------------------- 
--------Testing----------------- 
-------------------------------- 
loss_wc 0.3172718287 	loss_mse 0.0000435348 	loss_mape 0.0006048296 	weight_loss_mse 0.0000875158 	loss 0.0000875158 	inference time 1.1353366375 	
wc 0.0000 	 0.2913 	 0.0000 	 0.0000 	 0.0000 	 0.0000 	 0.0000 	 0.0000 	 0.0000 	 0.0260 	 0.0000 	 0.0000 	 0.0000 	 0.0000 	 0.0000 	 0.0000 	 0.0000 	 0.0000 	 0.0000 	 0.0000 	 0.0000 	 0.0000 	 0.0000 	 0.0000 	 0.0000 	
/home/shaoqi/code/SIGN_all/SIGN_data/HeatDiffusion_100000_small_world 10CGSI
tensor([[0.0000, 0.2780, 0.0000, 0.0000, 0.0000, 0.0000, 0.0000, 0.0000, 0.0000,
         0.0000, 0.0000, 0.0000, 0.0000, 0.0000, 0.0000, 0.0000, 0.0000, 0.0000,
         0.0000, 0.0000, 0.0000, 0.0000, 0.0000, 0.0000, 0.0000]])
tensor([[ 0.0743, -0.0134,  0.0000,  0.0000,  0.0000,  0.0000,  0.0057,  0.0000,
          0.0000]])
/home/shaoqi/code/SIGN_all/SIGN_data/HeatDiffusion_100000_small_world 10CGSI
-------------------------------- 
--------Testing----------------- 
-------------------------------- 
loss_wc 0.2863512635 	loss_wf 0.0903250352 	loss_mse 0.0000200047 	loss_mape 0.0003878089 	weight_loss_mse 0.0000402510 	loss 0.0000402510 	inference time 1.0855522156 	
wc 0.0000 	 0.2864 	 0.0000 	 0.0000 	 0.0000 	 0.0000 	 0.0000 	 0.0000 	 0.0000 	 0.0000 	 0.0000 	 0.0000 	 0.0000 	 0.0000 	 0.0000 	 0.0000 	 0.0000 	 0.0000 	 0.0000 	 0.0000 	 0.0000 	 0.0000 	 0.0000 	 0.0000 	 0.0000 	
wf 0.0714 	 -0.0136 	 0.0000 	 0.0000 	 0.0000 	 0.0000 	 0.0053 	 0.0000 	 0.0000 	
/home/shaoqi/code/SIGN_all/SIGN_data/Kuramoto_100000_power_law 10CGSI
tensor([[0.0000, 0.0000, 0.0000, 0.0000, 0.0000, 0.0000, 0.0000, 0.0000, 0.0000,
         0.0000, 0.0000, 0.0000, 0.0000, 0.0000, 0.0000, 0.0000, 0.0000, 0.0867,
         0.0000, 0.0000, 0.0000, 0.0000, 0.0000, 0.0000, 0.0000]])
tensor([[0.3562, 0.0000, 0.0000, 0.0000, 0.0000, 0.0000, 0.0000, 0.0000, 0.0000]])
/home/shaoqi/code/SIGN_all/SIGN_data/Kuramoto_100000_power_law 10CGSI
-------------------------------- 
--------Testing----------------- 
-------------------------------- 
loss_wc 0.0894538537 	loss_wf 0.3310382664 	loss_mse 0.0002591971 	loss_mape 0.0014725819 	weight_loss_mse 0.0018878013 	loss 0.0018878013 	inference time 1.5848987103 	
wc 0.0000 	 0.0000 	 0.0000 	 0.0000 	 0.0000 	 0.0000 	 0.0000 	 0.0000 	 0.0000 	 0.0000 	 0.0000 	 0.0000 	 0.0000 	 0.0000 	 0.0000 	 0.0000 	 0.0000 	 0.0895 	 0.0000 	 0.0000 	 0.0000 	 0.0000 	 0.0000 	 0.0000 	 0.0000 	
wf 0.3310 	 0.0000 	 0.0000 	 0.0000 	 0.0000 	 0.0000 	 0.0000 	 0.0000 	 0.0000 	
